
		ArcSim[1.3-alpha]: The Edinburgh High Speed (EHS) Simulator
 			University of Edinburgh (c) 2010

0                          [00000000] 27e03f80 21893240  K       j              [21893240] *
482                        [21893240] 250a1f96 24ff08ac  K       mov            r13,24ff08ac : (w0) r13 <= 0x24ff08ac *
645                        [21893248] 200a0f81 b646afaf  K       mov            r0,b646afaf : (w0) r0 <= 0xb646afaf *
647                        [21893250] 270a3f8c f0dfb3ac  K       mov            blink,f0dfb3ac : (w0) r31 <= 0xf0dfb3ac *
649                        [21893258] 240a3f8c ac5889de  K       mov            sp,ac5889de : (w0) r28 <= 0xac5889de *
651                        [21893260] 270a2f95 0cf2f84b  K       mov            r23,0cf2f84b : (w0) r23 <= 0x0cf2f84b *
813                        [21893268] 230a3f92 3e5983e4  K       mov            fp,3e5983e4 : (w0) r27 <= 0x3e5983e4 *
815                        [21893270] 230a2f97 88efc68e  K       mov            r19,88efc68e : (w0) r19 <= 0x88efc68e *
817                        [21893278] 220a0f8a 1b04e3aa  K       mov            r2,1b04e3aa : (w0) r2 <= 0x1b04e3aa *
819                        [21893280] 200a0f83 b0298146  K       mov            r0,b0298146 : (w0) r0 <= 0xb0298146 *
981                        [21893288] 200a2f88 91150804  K       mov            r16,91150804 : (w0) r16 <= 0x91150804 *
983                        [21893290] 260a1f8d 2ae8c095  K       mov            r14,2ae8c095 : (w0) r14 <= 0x2ae8c095 *
985                        [21893298] 210a0f85 acf42993  K       mov            r1,acf42993 : (w0) r1 <= 0xacf42993 *
987                        [218932a0] 200a3f98 bf6ceeab  K       mov            r24,bf6ceeab : (w0) r24 <= 0xbf6ceeab *
1149                       [218932a8] 260a0f88 db999c16  K       mov            r6,db999c16 : (w0) r6 <= 0xdb999c16 *
1151                       [218932b0] 210a2f80 544a2c3e  K       mov            r17,544a2c3e : (w0) r17 <= 0x544a2c3e *
1153                       [218932b8] 220a3f95 785bc41b  K       mov            gp,785bc41b : (w0) r26 <= 0x785bc41b *
1155                       [218932c0] 250a2f8d f52269c6  K       mov            r21,f52269c6 : (w0) r21 <= 0xf52269c6 *
1317                       [218932c8] 220a2f92 4113e2e7  K       mov            r18,4113e2e7 : (w0) r18 <= 0x4113e2e7 *
1319                       [218932d0] 250a0f90 c51e5c9c  K       mov            r5,c51e5c9c : (w0) r5 <= 0xc51e5c9c *
1321                       [218932d8] 200a0f83 4e7c5a41  K       mov            r0,4e7c5a41 : (w0) r0 <= 0x4e7c5a41 *
1323                       [218932e0] 230a1f96 69f96cb6  K       mov            r11,69f96cb6 : (w0) r11 <= 0x69f96cb6 *
1485                       [218932e8] 240a0f82 30611cd8  K       mov            r4,30611cd8 : (w0) r4 <= 0x30611cd8 *
1487                       [218932f0] 260a2f9c 60ccf1ba  K       mov            r22,60ccf1ba : (w0) r22 <= 0x60ccf1ba *
1489                       [218932f8] 230a0f8d 1ec60212  K       mov            r3,1ec60212 : (w0) r3 <= 0x1ec60212 *
1491                       [21893300] 240a2f83 676d65b5  K       mov            r20,676d65b5 : (w0) r20 <= 0x676d65b5 *
1653                       [21893308] 200a1f85 755c61e3  K       mov            r8,755c61e3 : (w0) r8 <= 0x755c61e3 *
1655                       [21893310] 270a1f81 13559452  K       mov            r15,13559452 : (w0) r15 <= 0x13559452 *
1657                       [21893318] 270a0f8f dfd29da8  K       mov            r7,dfd29da8 : (w0) r7 <= 0xdfd29da8 *
1659                       [21893320] 220a1f8f 0257db71  K       mov            r10,0257db71 : (w0) r10 <= 0x0257db71 *
1821                       [21893328] 240a1f96 42320d38  K       mov            r12,42320d38 : (w0) r12 <= 0x42320d38 *
1823                       [21893330] 210a1f87 ffd225de  K       mov            r9,ffd225de : (w0) r9 <= 0xffd225de *
1825                       [21893338] 210a3f86 6c96ff83  K       mov            r25,6c96ff83 : (w0) r25 <= 0x6c96ff83 *
1827                       [21893340] 21e00f80 00827a78  K       j              [00827a78] *
1989                       [00827a78] 240abf8d 010040b8  K       mov            sp,010040b8 : (w0) r28 <= 0x010040b8 *
2152                       [00827a80] c3e1               K       push_s         r3: sw [010040b4] <= 1ec60212 : (w0) r28 <= 0x010040b4 *
2473                       [00827a82] 240a3f9c 00bc34d4  K       mov            sp,00bc34d4 : (w0) r28 <= 0x00bc34d4 *
2474                       [00827a8a] c3c1               K       pop_s          r3: lw [00bc34d4] => 70d1b6a3 : (w0) r28 <= 0x00bc34d8 : (w1) r3 <= 0x70d1b6a3 *
2636                       [00827a8c] 240a3f9c 00bf33bc  K       mov            sp,00bf33bc : (w0) r28 <= 0x00bf33bc *
2637                       [00827a94] c2e1               K       push_s         r2: sw [00bf33b8] <= 1b04e3aa : (w0) r28 <= 0x00bf33b8 *
2798                       [00827a96] 240a3f94 00dc24a0  K       mov            sp,00dc24a0 : (w0) r28 <= 0x00dc24a0 *
2799                       [00827a9e] c0c1               K       pop_s          r0: lw [00dc24a0] => 40ce5dd7 : (w0) r28 <= 0x00dc24a4 : (w1) r0 <= 0x40ce5dd7 *
2961                       [00827aa0] 240a3f85 00eafe9c  K       mov            sp,00eafe9c : (w0) r28 <= 0x00eafe9c *
2962                       [00827aa8] c2e1               K       push_s         r2: sw [00eafe98] <= 1b04e3aa : (w0) r28 <= 0x00eafe98 *
3123                       [00827aaa] 240a3f8c 01b1e7d4  K       mov            sp,01b1e7d4 : (w0) r28 <= 0x01b1e7d4 *
3124                       [00827ab2] c1c1               K       pop_s          r1: lw [01b1e7d4] => e236ede5 : (w0) r28 <= 0x01b1e7d8 : (w1) r1 <= 0xe236ede5 *
3286                       [00827ab4] 240a3f94 2198f904  K       mov            sp,2198f904 : (w0) r28 <= 0x2198f904 *
3287                       [00827abc] c0e1               K       push_s         r0: sw [2198f900] <= 40ce5dd7 : (w0) r28 <= 0x2198f900 *
3448                       [00827abe] 26abf241 01306076  K       sr.f           01306076,0x49: aux[0x49] => 1306076 *
3449                       [00827ac6] 26ab7241 01205024  K       sr             01205024,0x49: aux[0x49] => 1205024 *
3450                       [00827ace] c2e1               K       push_s         r2: sw [2198f8fc] <= 1b04e3aa : (w0) r28 <= 0x2198f8fc *
3611                       [00827ad0] 240a3f9b 020224bc  K       mov            sp,020224bc : (w0) r28 <= 0x020224bc *
3612                       [00827ad8] c0c1               K       pop_s          r0: lw [020224bc] => b0c28f2a : (w0) r28 <= 0x020224c0 : (w1) r0 <= 0xb0c28f2a *
3774                       [00827ada] 240a3f9b 024c84d8  K       mov            sp,024c84d8 : (w0) r28 <= 0x024c84d8 *
3775                       [00827ae2] c1e1               K       push_s         r1: sw [024c84d4] <= e236ede5 : (w0) r28 <= 0x024c84d4 *
3936                       [00827ae4] 240a3f81 00075818  K       mov            sp,00075818 : (w0) r28 <= 0x00075818 *
3937                       [00827aec] c2c1               K       pop_s          r2: lw [00075818] => cecc9374 : (w0) r28 <= 0x0007581c : (w1) r2 <= 0xcecc9374 *
4099                       [00827aee] 240a3f85 000158d8  K       mov            sp,000158d8 : (w0) r28 <= 0x000158d8 *
4100                       [00827af6] c0e1               K       push_s         r0: sw [000158d4] <= b0c28f2a : (w0) r28 <= 0x000158d4 *
4261                       [00827af8] 240a3f92 1569cd68  K       mov            sp,1569cd68 : (w0) r28 <= 0x1569cd68 *
4262                       [00827b00] c0c1               K       pop_s          r0: lw [1569cd68] => 09efb590 : (w0) r28 <= 0x1569cd6c : (w1) r0 <= 0x09efb590 *
4424                       [00827b02] 240a3f97 1a76a6d8  K       mov            sp,1a76a6d8 : (w0) r28 <= 0x1a76a6d8 *
4425                       [00827b0a] c3e1               K       push_s         r3: sw [1a76a6d4] <= 70d1b6a3 : (w0) r28 <= 0x1a76a6d4 *
4586                       [00827b0c] 240a3f80 2ff21cb4  K       mov            sp,2ff21cb4 : (w0) r28 <= 0x2ff21cb4 *
4587                       [00827b14] c1c1               K       pop_s          r1: lw [2ff21cb4] => 3e4215a6 : (w0) r28 <= 0x2ff21cb8 : (w1) r1 <= 0x3e4215a6 *
4749                       [00827b16] 240a3f81 322591d0  K       mov            sp,322591d0 : (w0) r28 <= 0x322591d0 *
4750                       [00827b1e] c0e1               K       push_s         r0: sw [322591cc] <= 09efb590 : (w0) r28 <= 0x322591cc *
4911                       [00827b20] 240a3f98 56414b78  K       mov            sp,56414b78 : (w0) r28 <= 0x56414b78 *
4912                       [00827b28] c3c1               K       pop_s          r3: lw [56414b78] => 40d08823 : (w0) r28 <= 0x56414b7c : (w1) r3 <= 0x40d08823 *
5074                       [00827b2a] 240a3f8d 453239ac  K       mov            sp,453239ac : (w0) r28 <= 0x453239ac *
5075                       [00827b32] c0e1               K       push_s         r0: sw [453239a8] <= 09efb590 : (w0) r28 <= 0x453239a8 *
5236                       [00827b34] 240a3f94 7c79ab04  K       mov            sp,7c79ab04 : (w0) r28 <= 0x7c79ab04 *
5237                       [00827b3c] c1c1               K       pop_s          r1: lw [7c79ab04] => 33a8f69f : (w0) r28 <= 0x7c79ab08 : (w1) r1 <= 0x33a8f69f *
5399                       [00827b3e] 240a3f83 02cb70fc  K       mov            sp,02cb70fc : (w0) r28 <= 0x02cb70fc *
5400                       [00827b46] c0e1               K       push_s         r0: sw [02cb70f8] <= 09efb590 : (w0) r28 <= 0x02cb70f8 *
5561                       [00827b48] 240a3f85 03129570  K       mov            sp,03129570 : (w0) r28 <= 0x03129570 *
5562                       [00827b50] c1c1               K       pop_s          r1: lw [03129570] => 22dcf9fb : (w0) r28 <= 0x03129574 : (w1) r1 <= 0x22dcf9fb *
5724                       [00827b52] 240a3f97 55d51df4  K       mov            sp,55d51df4 : (w0) r28 <= 0x55d51df4 *
5725                       [00827b5a] c1e1               K       push_s         r1: sw [55d51df0] <= 22dcf9fb : (w0) r28 <= 0x55d51df0 *
5886                       [00827b5c] 240a3f92 5ebd9528  K       mov            sp,5ebd9528 : (w0) r28 <= 0x5ebd9528 *
5887                       [00827b64] c1c1               K       pop_s          r1: lw [5ebd9528] => 819c3909 : (w0) r28 <= 0x5ebd952c : (w1) r1 <= 0x819c3909 *
6049                       [00827b66] 240a3f96 6c1e88bc  K       mov            sp,6c1e88bc : (w0) r28 <= 0x6c1e88bc *
6050                       [00827b6e] c0e1               K       push_s         r0: sw [6c1e88b8] <= 09efb590 : (w0) r28 <= 0x6c1e88b8 *
6211                       [00827b70] 240a3f80 056f1b60  K       mov            sp,056f1b60 : (w0) r28 <= 0x056f1b60 *
6212                       [00827b78] c1c1               K       pop_s          r1: lw [056f1b60] => 2a231fa9 : (w0) r28 <= 0x056f1b64 : (w1) r1 <= 0x2a231fa9 *
6374                       [00827b7a] 240a3f87 05b54ed8  K       mov            sp,05b54ed8 : (w0) r28 <= 0x05b54ed8 *
6375                       [00827b82] c3e1               K       push_s         r3: sw [05b54ed4] <= 40d08823 : (w0) r28 <= 0x05b54ed4 *
6536                       [00827b84] 240a3f9b 000a07ac  K       mov            sp,000a07ac : (w0) r28 <= 0x000a07ac *
6537                       [00827b8c] c3c1               K       pop_s          r3: lw [000a07ac] => 49450ebb : (w0) r28 <= 0x000a07b0 : (w1) r3 <= 0x49450ebb *
6699                       [00827b8e] 240a3f8d 001476cc  K       mov            sp,001476cc : (w0) r28 <= 0x001476cc *
6700                       [00827b96] c3e1               K       push_s         r3: sw [001476c8] <= 49450ebb : (w0) r28 <= 0x001476c8 *
6861                       [00827b98] 26abf241 01205005  K       sr.f           01205005,0x49: aux[0x49] => 1205005 *
6862                       [00827ba0] 240a3f95 36f97838  K       mov            sp,36f97838 : (w0) r28 <= 0x36f97838 *
6864                       [00827ba8] c2c1               K       pop_s          r2: lw [36f97838] => c50c866a : (w0) r28 <= 0x36f9783c : (w1) r2 <= 0xc50c866a *
7026                       [00827baa] 26ab7241 01306069  K       sr             01306069,0x49: aux[0x49] => 1306069 *
7027                       [00827bb2] c1c1               K       pop_s          r1: lw [36f9783c] => 3548c90a : (w0) r28 <= 0x36f97840 : (w1) r1 <= 0x3548c90a *
7029                       [00827bb4] 26abf241 01407070  K       sr.f           01407070,0x49: aux[0x49] => 1407070 *
7030                       [00827bbc] 240a3f92 386c3914  K       mov            sp,386c3914 : (w0) r28 <= 0x386c3914 *
7191                       [00827bc4] c1e1               K       push_s         r1: sw [386c3910] <= 3548c90a : (w0) r28 <= 0x386c3910 *
7352                       [00827bc6] 240a3f94 44e41cc8  K       mov            sp,44e41cc8 : (w0) r28 <= 0x44e41cc8 *
7353                       [00827bce] c3c1               K       pop_s          r3: lw [44e41cc8] => 126f1512 : (w0) r28 <= 0x44e41ccc : (w1) r3 <= 0x126f1512 *
7515                       [00827bd0] 240a3f87 0e9919ec  K       mov            sp,0e9919ec : (w0) r28 <= 0x0e9919ec *
7516                       [00827bd8] c0e1               K       push_s         r0: sw [0e9919e8] <= 09efb590 : (w0) r28 <= 0x0e9919e8 *
7677                       [00827bda] 240a3f87 1269e664  K       mov            sp,1269e664 : (w0) r28 <= 0x1269e664 *
7678                       [00827be2] c1c1               K       pop_s          r1: lw [1269e664] => 26564753 : (w0) r28 <= 0x1269e668 : (w1) r1 <= 0x26564753 *
7840                       [00827be4] 240a3f8d 003ab570  K       mov            sp,003ab570 : (w0) r28 <= 0x003ab570 *
7841                       [00827bec] c3e1               K       push_s         r3: sw [003ab56c] <= 126f1512 : (w0) r28 <= 0x003ab56c *
8002                       [00827bee] 240a3f9b 003dff68  K       mov            sp,003dff68 : (w0) r28 <= 0x003dff68 *
8003                       [00827bf6] c0c1               K       pop_s          r0: lw [003dff68] => 3a952792 : (w0) r28 <= 0x003dff6c : (w1) r0 <= 0x3a952792 *
8165                       [00827bf8] 26ab7241 01306019  K       sr             01306019,0x49: aux[0x49] => 1306019 *
8166                       [00827c00] 240a3f81 00414c2c  K       mov            sp,00414c2c : (w0) r28 <= 0x00414c2c *
8167                       [00827c08] c2e1               K       push_s         r2: sw [00414c28] <= c50c866a : (w0) r28 <= 0x00414c28 *
8328                       [00827c0a] 240a3f90 00434544  K       mov            sp,00434544 : (w0) r28 <= 0x00434544 *
8329                       [00827c12] c3c1               K       pop_s          r3: lw [00434544] => 8dfb776c : (w0) r28 <= 0x00434548 : (w1) r3 <= 0x8dfb776c *
8491                       [00827c14] 240a3f8f 004793f4  K       mov            sp,004793f4 : (w0) r28 <= 0x004793f4 *
8492                       [00827c1c] c2e1               K       push_s         r2: sw [004793f0] <= c50c866a : (w0) r28 <= 0x004793f0 *
8653                       [00827c1e] 240a3f87 00503b34  K       mov            sp,00503b34 : (w0) r28 <= 0x00503b34 *
8654                       [00827c26] c1c1               K       pop_s          r1: lw [00503b34] => f19b19d2 : (w0) r28 <= 0x00503b38 : (w1) r1 <= 0xf19b19d2 *
8816                       [00827c28] 240a3f94 0d261f14  K       mov            sp,0d261f14 : (w0) r28 <= 0x0d261f14 *
8817                       [00827c30] c3e1               K       push_s         r3: sw [0d261f10] <= 8dfb776c : (w0) r28 <= 0x0d261f10 *
8978                       [00827c32] 240a3f84 0dcc4f00  K       mov            sp,0dcc4f00 : (w0) r28 <= 0x0dcc4f00 *
8979                       [00827c3a] c2c1               K       pop_s          r2: lw [0dcc4f00] => 5f06956f : (w0) r28 <= 0x0dcc4f04 : (w1) r2 <= 0x5f06956f *
9141                       [00827c3c] 240a3f8d 0740c17c  K       mov            sp,0740c17c : (w0) r28 <= 0x0740c17c *
9142                       [00827c44] c0e1               K       push_s         r0: sw [0740c178] <= 3a952792 : (w0) r28 <= 0x0740c178 *
9303                       [00827c46] 240a3f9c 09b1064c  K       mov            sp,09b1064c : (w0) r28 <= 0x09b1064c *
9304                       [00827c4e] c0c1               K       pop_s          r0: lw [09b1064c] => ecc96f74 : (w0) r28 <= 0x09b10650 : (w1) r0 <= 0xecc96f74 *
9466                       [00827c50] 240a3f92 4e5730a4  K       mov            sp,4e5730a4 : (w0) r28 <= 0x4e5730a4 *
9467                       [00827c58] c0e1               K       push_s         r0: sw [4e5730a0] <= ecc96f74 : (w0) r28 <= 0x4e5730a0 *
9628                       [00827c5a] 240a3f8c 548d9894  K       mov            sp,548d9894 : (w0) r28 <= 0x548d9894 *
9629                       [00827c62] c2c1               K       pop_s          r2: lw [548d9894] => 55de042f : (w0) r28 <= 0x548d9898 : (w1) r2 <= 0x55de042f *
9791                       [00827c64] 240a3f9f 1e02b930  K       mov            sp,1e02b930 : (w0) r28 <= 0x1e02b930 *
9792                       [00827c6c] c1e1               K       push_s         r1: sw [1e02b92c] <= f19b19d2 : (w0) r28 <= 0x1e02b92c *
9953                       [00827c6e] 240a3f8b 1a9604c0  K       mov            sp,1a9604c0 : (w0) r28 <= 0x1a9604c0 *
9954                       [00827c76] c0c1               K       pop_s          r0: lw [1a9604c0] => caac058a : (w0) r28 <= 0x1a9604c4 : (w1) r0 <= 0xcaac058a *
10116                      [00827c78] 240a3f97 1bda6790  K       mov            sp,1bda6790 : (w0) r28 <= 0x1bda6790 *
10117                      [00827c80] c0e1               K       push_s         r0: sw [1bda678c] <= caac058a : (w0) r28 <= 0x1bda678c *
10278                      [00827c82] 26ab7241 01306052  K       sr             01306052,0x49: aux[0x49] => 1306052 *
10279                      [00827c8a] c0e1               K       push_s         r0: sw [1bda6788] <= caac058a : (w0) r28 <= 0x1bda6788 *
10280                      [00827c8c] 26abf241 01306032  K       sr.f           01306032,0x49: aux[0x49] => 1306032 *
10281                      [00827c94] 240a3f85 24d6c948  K       mov            sp,24d6c948 : (w0) r28 <= 0x24d6c948 *
10283                      [00827c9c] c3c1               K       pop_s          r3: lw [24d6c948] => 663c3a74 : (w0) r28 <= 0x24d6c94c : (w1) r3 <= 0x663c3a74 *
10445                      [00827c9e] 240a3f9c 2be722f4  K       mov            sp,2be722f4 : (w0) r28 <= 0x2be722f4 *
10447                      [00827ca6] c1e1               K       push_s         r1: sw [2be722f0] <= f19b19d2 : (w0) r28 <= 0x2be722f0 *
10608                      [00827ca8] 240a3f80 007a7a04  K       mov            sp,007a7a04 : (w0) r28 <= 0x007a7a04 *
10609                      [00827cb0] c3c1               K       pop_s          r3: lw [007a7a04] => 8fd8919b : (w0) r28 <= 0x007a7a08 : (w1) r3 <= 0x8fd8919b *
10771                      [00827cb2] 240a3f97 0086baf0  K       mov            sp,0086baf0 : (w0) r28 <= 0x0086baf0 *
10772                      [00827cba] c1e1               K       push_s         r1: sw [0086baec] <= f19b19d2 : (w0) r28 <= 0x0086baec *
10933                      [00827cbc] 240a3f8d 0094ecb4  K       mov            sp,0094ecb4 : (w0) r28 <= 0x0094ecb4 *
10934                      [00827cc4] c3c1               K       pop_s          r3: lw [0094ecb4] => d6cae9c6 : (w0) r28 <= 0x0094ecb8 : (w1) r3 <= 0xd6cae9c6 *
11096                      [00827cc6] 240a3f85 00b902b8  K       mov            sp,00b902b8 : (w0) r28 <= 0x00b902b8 *
11097                      [00827cce] c3e1               K       push_s         r3: sw [00b902b4] <= d6cae9c6 : (w0) r28 <= 0x00b902b4 *
11258                      [00827cd0] 240a3f88 010027d0  K       mov            sp,010027d0 : (w0) r28 <= 0x010027d0 *
11259                      [00827cd8] c0c1               K       pop_s          r0: lw [010027d0] => e897bf34 : (w0) r28 <= 0x010027d4 : (w1) r0 <= 0xe897bf34 *
11421                      [00827cda] 240a3f83 013fee18  K       mov            sp,013fee18 : (w0) r28 <= 0x013fee18 *
11422                      [00827ce2] c0e1               K       push_s         r0: sw [013fee14] <= e897bf34 : (w0) r28 <= 0x013fee14 *
11583                      [00827ce4] 240a3f83 00bbd1b8  K       mov            sp,00bbd1b8 : (w0) r28 <= 0x00bbd1b8 *
11584                      [00827cec] c3c1               K       pop_s          r3: lw [00bbd1b8] => 3c97fad5 : (w0) r28 <= 0x00bbd1bc : (w1) r3 <= 0x3c97fad5 *
11746                      [00827cee] 240a3f99 00bd0688  K       mov            sp,00bd0688 : (w0) r28 <= 0x00bd0688 *
11747                      [00827cf6] c1e1               K       push_s         r1: sw [00bd0684] <= f19b19d2 : (w0) r28 <= 0x00bd0684 *
11908                      [00827cf8] 240a3f87 00bf2aa8  K       mov            sp,00bf2aa8 : (w0) r28 <= 0x00bf2aa8 *
11909                      [00827d00] c3c1               K       pop_s          r3: lw [00bf2aa8] => b8d8aea2 : (w0) r28 <= 0x00bf2aac : (w1) r3 <= 0xb8d8aea2 *
12071                      [00827d02] 240a3f87 00bf74d4  K       mov            sp,00bf74d4 : (w0) r28 <= 0x00bf74d4 *
12072                      [00827d0a] c1e1               K       push_s         r1: sw [00bf74d0] <= f19b19d2 : (w0) r28 <= 0x00bf74d0 *
12233                      [00827d0c] 240a3f86 00c5d4d0  K       mov            sp,00c5d4d0 : (w0) r28 <= 0x00c5d4d0 *
12234                      [00827d14] c3c1               K       pop_s          r3: lw [00c5d4d0] => 9e406572 : (w0) r28 <= 0x00c5d4d4 : (w1) r3 <= 0x9e406572 *
12396                      [00827d16] 240a3f84 00dd48b4  K       mov            sp,00dd48b4 : (w0) r28 <= 0x00dd48b4 *
12397                      [00827d1e] c2e1               K       push_s         r2: sw [00dd48b0] <= 55de042f : (w0) r28 <= 0x00dd48b0 *
12558                      [00827d20] 240a3f94 00e24510  K       mov            sp,00e24510 : (w0) r28 <= 0x00e24510 *
12559                      [00827d28] c3c1               K       pop_s          r3: lw [00e24510] => 86b6a3b7 : (w0) r28 <= 0x00e24514 : (w1) r3 <= 0x86b6a3b7 *
12721                      [00827d2a] 240a3f82 00ec29e4  K       mov            sp,00ec29e4 : (w0) r28 <= 0x00ec29e4 *
12722                      [00827d32] c2e1               K       push_s         r2: sw [00ec29e0] <= 55de042f : (w0) r28 <= 0x00ec29e0 *
12883                      [00827d34] 240a3f9f 0146a1e4  K       mov            sp,0146a1e4 : (w0) r28 <= 0x0146a1e4 *
12884                      [00827d3c] c2c1               K       pop_s          r2: lw [0146a1e4] => 20ba14c8 : (w0) r28 <= 0x0146a1e8 : (w1) r2 <= 0x20ba14c8 *
13046                      [00827d3e] 240a3f82 01b589b8  K       mov            sp,01b589b8 : (w0) r28 <= 0x01b589b8 *
13047                      [00827d46] c0e1               K       push_s         r0: sw [01b589b4] <= e897bf34 : (w0) r28 <= 0x01b589b4 *
13208                      [00827d48] 240a3f8a 21ae2058  K       mov            sp,21ae2058 : (w0) r28 <= 0x21ae2058 *
13209                      [00827d50] c3c1               K       pop_s          r3: lw [21ae2058] => e99411f8 : (w0) r28 <= 0x21ae205c : (w1) r3 <= 0xe99411f8 *
13371                      [00827d52] 240a3f92 21947544  K       mov            sp,21947544 : (w0) r28 <= 0x21947544 *
13372                      [00827d5a] c3e1               K       push_s         r3: sw [21947540] <= e99411f8 : (w0) r28 <= 0x21947540 *
13533                      [00827d5c] 240a3f96 01e54c60  K       mov            sp,01e54c60 : (w0) r28 <= 0x01e54c60 *
13534                      [00827d64] c3c1               K       pop_s          r3: lw [01e54c60] => 14fdb343 : (w0) r28 <= 0x01e54c64 : (w1) r3 <= 0x14fdb343 *
13696                      [00827d66] 240a3f8b 02188bbc  K       mov            sp,02188bbc : (w0) r28 <= 0x02188bbc *
13697                      [00827d6e] c2e1               K       push_s         r2: sw [02188bb8] <= 20ba14c8 : (w0) r28 <= 0x02188bb8 *
13858                      [00827d70] 240a3f84 0223b45c  K       mov            sp,0223b45c : (w0) r28 <= 0x0223b45c *
13859                      [00827d78] c1c1               K       pop_s          r1: lw [0223b45c] => c6059560 : (w0) r28 <= 0x0223b460 : (w1) r1 <= 0xc6059560 *
14021                      [00827d7a] 26ab7241 0120508a  K       sr             0120508a,0x49: aux[0x49] => 120508a *
14022                      [00827d82] 26ab7241 01306090  K       sr             01306090,0x49: aux[0x49] => 1306090 *
14023                      [00827d8a] 240a3f9b 026be810  K       mov            sp,026be810 : (w0) r28 <= 0x026be810 *
14024                      [00827d92] c1e1               K       push_s         r1: sw [026be80c] <= c6059560 : (w0) r28 <= 0x026be80c *
14185                      [00827d94] 240a3f9c 0006d64c  K       mov            sp,0006d64c : (w0) r28 <= 0x0006d64c *
14186                      [00827d9c] c3c1               K       pop_s          r3: lw [0006d64c] => b768ef7b : (w0) r28 <= 0x0006d650 : (w1) r3 <= 0xb768ef7b *
14348                      [00827d9e] 240a3f89 000798a8  K       mov            sp,000798a8 : (w0) r28 <= 0x000798a8 *
14349                      [00827da6] c1e1               K       push_s         r1: sw [000798a4] <= c6059560 : (w0) r28 <= 0x000798a4 *
14510                      [00827da8] 240a3f99 00021b74  K       mov            sp,00021b74 : (w0) r28 <= 0x00021b74 *
14511                      [00827db0] c3c1               K       pop_s          r3: lw [00021b74] => a97bccdb : (w0) r28 <= 0x00021b78 : (w1) r3 <= 0xa97bccdb *
14673                      [00827db2] 240a3f80 000059ec  K       mov            sp,000059ec : (w0) r28 <= 0x000059ec *
14674                      [00827dba] c1e1               K       push_s         r1: sw [000059e8] <= c6059560 : (w0) r28 <= 0x000059e8 *
14835                      [00827dbc] 240a3f90 1526e24c  K       mov            sp,1526e24c : (w0) r28 <= 0x1526e24c *
14836                      [00827dc4] c1c1               K       pop_s          r1: lw [1526e24c] => 6dffc75e : (w0) r28 <= 0x1526e250 : (w1) r1 <= 0x6dffc75e *
14998                      [00827dc6] 240a3f93 1881a704  K       mov            sp,1881a704 : (w0) r28 <= 0x1881a704 *
14999                      [00827dce] c0e1               K       push_s         r0: sw [1881a700] <= e897bf34 : (w0) r28 <= 0x1881a700 *
15160                      [00827dd0] 240a3f83 19db1d04  K       mov            sp,19db1d04 : (w0) r28 <= 0x19db1d04 *
15161                      [00827dd8] c1c1               K       pop_s          r1: lw [19db1d04] => a917e935 : (w0) r28 <= 0x19db1d08 : (w1) r1 <= 0xa917e935 *
15323                      [00827dda] 240a3f96 1a82c9dc  K       mov            sp,1a82c9dc : (w0) r28 <= 0x1a82c9dc *
15324                      [00827de2] c0e1               K       push_s         r0: sw [1a82c9d8] <= e897bf34 : (w0) r28 <= 0x1a82c9d8 *
15485                      [00827de4] 240a3f9a 2fde1fe0  K       mov            sp,2fde1fe0 : (w0) r28 <= 0x2fde1fe0 *
15486                      [00827dec] c1c1               K       pop_s          r1: lw [2fde1fe0] => 4c179f60 : (w0) r28 <= 0x2fde1fe4 : (w1) r1 <= 0x4c179f60 *
15648                      [00827dee] 240a3f88 3016cdf4  K       mov            sp,3016cdf4 : (w0) r28 <= 0x3016cdf4 *
15649                      [00827df6] c1e1               K       push_s         r1: sw [3016cdf0] <= 4c179f60 : (w0) r28 <= 0x3016cdf0 *
15810                      [00827df8] 240a3f94 30645a80  K       mov            sp,30645a80 : (w0) r28 <= 0x30645a80 *
15811                      [00827e00] c2c1               K       pop_s          r2: lw [30645a80] => 147f1acb : (w0) r28 <= 0x30645a84 : (w1) r2 <= 0x147f1acb *
15973                      [00827e02] 240a3f99 327c5654  K       mov            sp,327c5654 : (w0) r28 <= 0x327c5654 *
15974                      [00827e0a] c3e1               K       push_s         r3: sw [327c5650] <= a97bccdb : (w0) r28 <= 0x327c5650 *
16135                      [00827e0c] 240a3f98 55fe947c  K       mov            sp,55fe947c : (w0) r28 <= 0x55fe947c *
16136                      [00827e14] c0c1               K       pop_s          r0: lw [55fe947c] => 3e2a4618 : (w0) r28 <= 0x55fe9480 : (w1) r0 <= 0x3e2a4618 *
16298                      [00827e16] 240a3f9c 57355e88  K       mov            sp,57355e88 : (w0) r28 <= 0x57355e88 *
16299                      [00827e1e] c0e1               K       push_s         r0: sw [57355e84] <= 3e2a4618 : (w0) r28 <= 0x57355e84 *
16460                      [00827e20] 240a3f83 4526fd1c  K       mov            sp,4526fd1c : (w0) r28 <= 0x4526fd1c *
16461                      [00827e28] c0c1               K       pop_s          r0: lw [4526fd1c] => 34b86dd4 : (w0) r28 <= 0x4526fd20 : (w1) r0 <= 0x34b86dd4 *
16623                      [00827e2a] 240a3fbe 4544f914  K       mov            sp,4544f914 : (w0) r28 <= 0x4544f914 *
16624                      [00827e32] c0e1               K       push_s         r0: sw [4544f910] <= 34b86dd4 : (w0) r28 <= 0x4544f910 *
16785                      [00827e34] 240a3f84 72129b60  K       mov            sp,72129b60 : (w0) r28 <= 0x72129b60 *
16786                      [00827e3c] c0c1               K       pop_s          r0: lw [72129b60] => 44446497 : (w0) r28 <= 0x72129b64 : (w1) r0 <= 0x44446497 *
16948                      [00827e3e] 240a3f84 7e63a728  K       mov            sp,7e63a728 : (w0) r28 <= 0x7e63a728 *
16949                      [00827e46] c3e1               K       push_s         r3: sw [7e63a724] <= a97bccdb : (w0) r28 <= 0x7e63a724 *
17110                      [00827e48] 240a3f8e 02c53074  K       mov            sp,02c53074 : (w0) r28 <= 0x02c53074 *
17111                      [00827e50] c2c1               K       pop_s          r2: lw [02c53074] => 5526cd7e : (w0) r28 <= 0x02c53078 : (w1) r2 <= 0x5526cd7e *
17273                      [00827e52] 240a3f90 02cb984c  K       mov            sp,02cb984c : (w0) r28 <= 0x02cb984c *
17274                      [00827e5a] c3e1               K       push_s         r3: sw [02cb9848] <= a97bccdb : (w0) r28 <= 0x02cb9848 *
17435                      [00827e5c] 240a3f82 030a5470  K       mov            sp,030a5470 : (w0) r28 <= 0x030a5470 *
17436                      [00827e64] c1c1               K       pop_s          r1: lw [030a5470] => 83bbd388 : (w0) r28 <= 0x030a5474 : (w1) r1 <= 0x83bbd388 *
17598                      [00827e66] 240a3f8b 03a7a20c  K       mov            sp,03a7a20c : (w0) r28 <= 0x03a7a20c *
17599                      [00827e6e] c0e1               K       push_s         r0: sw [03a7a208] <= 44446497 : (w0) r28 <= 0x03a7a208 *
17760                      [00827e70] 240a3f8e 55d4b9a0  K       mov            sp,55d4b9a0 : (w0) r28 <= 0x55d4b9a0 *
17761                      [00827e78] c3c1               K       pop_s          r3: lw [55d4b9a0] => cc60d8bf : (w0) r28 <= 0x55d4b9a4 : (w1) r3 <= 0xcc60d8bf *
17923                      [00827e7a] 240a3f92 55e66eec  K       mov            sp,55e66eec : (w0) r28 <= 0x55e66eec *
17924                      [00827e82] c2e1               K       push_s         r2: sw [55e66ee8] <= 5526cd7e : (w0) r28 <= 0x55e66ee8 *
18085                      [00827e84] 240a3f82 5c092108  K       mov            sp,5c092108 : (w0) r28 <= 0x5c092108 *
18086                      [00827e8c] c0c1               K       pop_s          r0: lw [5c092108] => a8d03f99 : (w0) r28 <= 0x5c09210c : (w1) r0 <= 0xa8d03f99 *
18248                      [00827e8e] 21e02f81 00bfba0c  K       j.eq           [00bfba0c]
18249                      [00827e96] 24e02f84 00bfba0c  K       j.mi           [00bfba0c]
18250                      [00827e9e] 25e01f85 00bfba0c  K       j.cs           [00bfba0c]
18414                      [00827ea6] 23e00f87 00bfba0c  K       j.vs           [00bfba0c]
18418                      [00827eae] 16007008 010040b4  K       ld             r8,[010040b4]: lw [010040b4] => 1ec60212 : (w1) r8 <= 0x1ec60212 *
18423                      [00827eb6] 20029fbe 1ec60212  K       sub.f          0,r8,1ec60212 *
18425                      [00827ebe] 24e01f82 00bfba0c  K Z     j.ne           [00bfba0c]
18588                      [00827ec6] 1600700a 00bf33b8  K Z     ld             r10,[00bf33b8]: lw [00bf33b8] => 1b04e3aa : (w1) r10 <= 0x1b04e3aa *
18593                      [00827ece] 22029fbe 1b04e3aa  K Z     sub.f          0,r10,1b04e3aa *
18595                      [00827ed6] 21e02f82 00bfba0c  K Z     j.ne           [00bfba0c]
18598                      [00827ede] 16007005 00eafe98  K Z     ld             r5,[00eafe98]: lw [00eafe98] => 1b04e3aa : (w1) r5 <= 0x1b04e3aa *
18763                      [00827ee6] 25028fbe 1b04e3aa  K Z     sub.f          0,r5,1b04e3aa *
18765                      [00827eee] 22e00f82 00bfba0c  K Z     j.ne           [00bfba0c]
18768                      [00827ef6] 16007019 2198f900  K Z     ld             r25,[2198f900]: lw [2198f900] => 40ce5dd7 : (w1) r25 <= 0x40ce5dd7 *
18773                      [00827efe] 2102bfbe 40ce5dd7  K Z     sub.f          0,r25,40ce5dd7 *
18935                      [00827f06] 26e02f82 00bfba0c  K Z     j.ne           [00bfba0c]
18938                      [00827f0e] 1600701a 2198f8fc  K Z     ld             gp,[2198f8fc]: lw [2198f8fc] => 1b04e3aa : (w1) r26 <= 0x1b04e3aa *
18943                      [00827f16] 2202bfbe 1b04e3aa  K Z     sub.f          0,gp,1b04e3aa *
18945                      [00827f1e] 20e01f82 00bfba0c  K Z     j.ne           [00bfba0c]
19108                      [00827f26] 1600701a 024c84d4  K Z     ld             gp,[024c84d4]: lw [024c84d4] => e236ede5 : (w1) r26 <= 0xe236ede5 *
19113                      [00827f2e] 2202bfbe e236ede5  K Z     sub.f          0,gp,e236ede5 *
19115                      [00827f36] 22e01f82 00bfba0c  K Z     j.ne           [00bfba0c]
19118                      [00827f3e] 1600700e 000158d4  K Z     ld             r14,[000158d4]: lw [000158d4] => b0c28f2a : (w1) r14 <= 0xb0c28f2a *
19283                      [00827f46] 26029fbe b0c28f2a  K Z     sub.f          0,r14,b0c28f2a *
19285                      [00827f4e] 22e02f82 00bfba0c  K Z     j.ne           [00bfba0c]
19288                      [00827f56] 16007011 1a76a6d4  K Z     ld             r17,[1a76a6d4]: lw [1a76a6d4] => 70d1b6a3 : (w1) r17 <= 0x70d1b6a3 *
19293                      [00827f5e] 2102afbe 70d1b6a3  K Z     sub.f          0,r17,70d1b6a3 *
19455                      [00827f66] 20e02f82 00bfba0c  K Z     j.ne           [00bfba0c]
19458                      [00827f6e] 16007018 322591cc  K Z     ld             r24,[322591cc]: lw [322591cc] => 09efb590 : (w1) r24 <= 0x09efb590 *
19463                      [00827f76] 2002bfbe 09efb590  K Z     sub.f          0,r24,09efb590 *
19465                      [00827f7e] 24e00f82 00bfba0c  K Z     j.ne           [00bfba0c]
19628                      [00827f86] 1600700e 453239a8  K Z     ld             r14,[453239a8]: lw [453239a8] => 09efb590 : (w1) r14 <= 0x09efb590 *
19633                      [00827f8e] 26029fbe 09efb590  K Z     sub.f          0,r14,09efb590 *
19635                      [00827f96] 23e03f82 00bfba0c  K Z     j.ne           [00bfba0c]
19638                      [00827f9e] 1600700e 02cb70f8  K Z     ld             r14,[02cb70f8]: lw [02cb70f8] => 09efb590 : (w1) r14 <= 0x09efb590 *
19803                      [00827fa6] 26029fbe 09efb590  K Z     sub.f          0,r14,09efb590 *
19805                      [00827fae] 21e00f82 00bfba0c  K Z     j.ne           [00bfba0c]
19808                      [00827fb6] 1600700e 55d51df0  K Z     ld             r14,[55d51df0]: lw [55d51df0] => 22dcf9fb : (w1) r14 <= 0x22dcf9fb *
19813                      [00827fbe] 26029fbe 22dcf9fb  K Z     sub.f          0,r14,22dcf9fb *
19975                      [00827fc6] 22e01f82 00bfba0c  K Z     j.ne           [00bfba0c]
19978                      [00827fce] 16007016 6c1e88b8  K Z     ld             r22,[6c1e88b8]: lw [6c1e88b8] => 09efb590 : (w1) r22 <= 0x09efb590 *
19983                      [00827fd6] 2602afbe 09efb590  K Z     sub.f          0,r22,09efb590 *
19985                      [00827fde] 21e03f82 00bfba0c  K Z     j.ne           [00bfba0c]
20148                      [00827fe6] 1600700e 05b54ed4  K Z     ld             r14,[05b54ed4]: lw [05b54ed4] => 40d08823 : (w1) r14 <= 0x40d08823 *
20153                      [00827fee] 26029fbe 40d08823  K Z     sub.f          0,r14,40d08823 *
20155                      [00827ff6] 20e02f82 00bfba0c  K Z     j.ne           [00bfba0c]
20158                      [00827ffe] 1600700c 001476c8  K Z     ld             r12,[001476c8]: lw [001476c8] => 49450ebb : (w1) r12 <= 0x49450ebb *
20323                      [00828006] 24029fbe 49450ebb  K Z     sub.f          0,r12,49450ebb *
20325                      [0082800e] 23e00f82 00bfba0c  K Z     j.ne           [00bfba0c]
20328                      [00828016] 16007016 386c3910  K Z     ld             r22,[386c3910]: lw [386c3910] => 3548c90a : (w1) r22 <= 0x3548c90a *
20333                      [0082801e] 2602afbe 3548c90a  K Z     sub.f          0,r22,3548c90a *
20495                      [00828026] 20e01f82 00bfba0c  K Z     j.ne           [00bfba0c]
20498                      [0082802e] 16007016 0e9919e8  K Z     ld             r22,[0e9919e8]: lw [0e9919e8] => 09efb590 : (w1) r22 <= 0x09efb590 *
20503                      [00828036] 2602afbe 09efb590  K Z     sub.f          0,r22,09efb590 *
20505                      [0082803e] 26e00f82 00bfba0c  K Z     j.ne           [00bfba0c]
20668                      [00828046] 16007009 003ab56c  K Z     ld             r9,[003ab56c]: lw [003ab56c] => 126f1512 : (w1) r9 <= 0x126f1512 *
20673                      [0082804e] 21029fbe 126f1512  K Z     sub.f          0,r9,126f1512 *
20675                      [00828056] 23e00f82 00bfba0c  K Z     j.ne           [00bfba0c]
20678                      [0082805e] 1600701a 00414c28  K Z     ld             gp,[00414c28]: lw [00414c28] => c50c866a : (w1) r26 <= 0xc50c866a *
20843                      [00828066] 2202bfbe c50c866a  K Z     sub.f          0,gp,c50c866a *
20845                      [0082806e] 23e03f82 00bfba0c  K Z     j.ne           [00bfba0c]
20848                      [00828076] 16007012 004793f0  K Z     ld             r18,[004793f0]: lw [004793f0] => c50c866a : (w1) r18 <= 0xc50c866a *
20853                      [0082807e] 2202afbe c50c866a  K Z     sub.f          0,r18,c50c866a *
21015                      [00828086] 23e02f82 00bfba0c  K Z     j.ne           [00bfba0c]
21018                      [0082808e] 16007006 0d261f10  K Z     ld             r6,[0d261f10]: lw [0d261f10] => 8dfb776c : (w1) r6 <= 0x8dfb776c *
21023                      [00828096] 26028fbe 8dfb776c  K Z     sub.f          0,r6,8dfb776c *
21025                      [0082809e] 26e02f82 00bfba0c  K Z     j.ne           [00bfba0c]
21316                      [008280a6] 16007014 0740c178  K Z     ld             r20,[0740c178]: lw [0740c178] => 3a952792 : (w1) r20 <= 0x3a952792 *
21321                      [008280ae] 2402afbe 3a952792  K Z     sub.f          0,r20,3a952792 *
21323                      [008280b6] 20e00f82 00bfba0c  K Z     j.ne           [00bfba0c]
21326                      [008280be] 16007009 4e5730a0  K Z     ld             r9,[4e5730a0]: lw [4e5730a0] => ecc96f74 : (w1) r9 <= 0xecc96f74 *
21491                      [008280c6] 21029fbe ecc96f74  K Z     sub.f          0,r9,ecc96f74 *
21493                      [008280ce] 22e02f82 00bfba0c  K Z     j.ne           [00bfba0c]
21496                      [008280d6] 16007014 1e02b92c  K Z     ld             r20,[1e02b92c]: lw [1e02b92c] => f19b19d2 : (w1) r20 <= 0xf19b19d2 *
21501                      [008280de] 2402afbe f19b19d2  K Z     sub.f          0,r20,f19b19d2 *
21663                      [008280e6] 27e03f82 00bfba0c  K Z     j.ne           [00bfba0c]
21666                      [008280ee] 16007012 1bda678c  K Z     ld             r18,[1bda678c]: lw [1bda678c] => caac058a : (w1) r18 <= 0xcaac058a *
21671                      [008280f6] 2202afbe caac058a  K Z     sub.f          0,r18,caac058a *
21673                      [008280fe] 21e03f82 00bfba0c  K Z     j.ne           [00bfba0c]
21836                      [00828106] 1600700f 1bda6788  K Z     ld             r15,[1bda6788]: lw [1bda6788] => caac058a : (w1) r15 <= 0xcaac058a *
21841                      [0082810e] 27029fbe caac058a  K Z     sub.f          0,r15,caac058a *
21843                      [00828116] 27e00f82 00bfba0c  K Z     j.ne           [00bfba0c]
21846                      [0082811e] 1600701a 2be722f0  K Z     ld             gp,[2be722f0]: lw [2be722f0] => f19b19d2 : (w1) r26 <= 0xf19b19d2 *
22011                      [00828126] 2202bfbe f19b19d2  K Z     sub.f          0,gp,f19b19d2 *
22013                      [0082812e] 22e02f82 00bfba0c  K Z     j.ne           [00bfba0c]
22016                      [00828136] 1600701a 0086baec  K Z     ld             gp,[0086baec]: lw [0086baec] => f19b19d2 : (w1) r26 <= 0xf19b19d2 *
22021                      [0082813e] 2202bfbe f19b19d2  K Z     sub.f          0,gp,f19b19d2 *
22183                      [00828146] 23e01f82 00bfba0c  K Z     j.ne           [00bfba0c]
22186                      [0082814e] 1600700f 00b902b4  K Z     ld             r15,[00b902b4]: lw [00b902b4] => d6cae9c6 : (w1) r15 <= 0xd6cae9c6 *
22191                      [00828156] 27029fbe d6cae9c6  K Z     sub.f          0,r15,d6cae9c6 *
22193                      [0082815e] 23e02f82 00bfba0c  K Z     j.ne           [00bfba0c]
22356                      [00828166] 16007017 013fee14  K Z     ld             r23,[013fee14]: lw [013fee14] => e897bf34 : (w1) r23 <= 0xe897bf34 *
22361                      [0082816e] 2702afbe e897bf34  K Z     sub.f          0,r23,e897bf34 *
22363                      [00828176] 23e01f82 00bfba0c  K Z     j.ne           [00bfba0c]
22366                      [0082817e] 16007006 00bd0684  K Z     ld             r6,[00bd0684]: lw [00bd0684] => f19b19d2 : (w1) r6 <= 0xf19b19d2 *
22531                      [00828186] 26028fbe f19b19d2  K Z     sub.f          0,r6,f19b19d2 *
22533                      [0082818e] 27e02f82 00bfba0c  K Z     j.ne           [00bfba0c]
22536                      [00828196] 16007007 00bf74d0  K Z     ld             r7,[00bf74d0]: lw [00bf74d0] => f19b19d2 : (w1) r7 <= 0xf19b19d2 *
22541                      [0082819e] 27028fbe f19b19d2  K Z     sub.f          0,r7,f19b19d2 *
22703                      [008281a6] 25e01f82 00bfba0c  K Z     j.ne           [00bfba0c]
22706                      [008281ae] 16007008 00dd48b0  K Z     ld             r8,[00dd48b0]: lw [00dd48b0] => 55de042f : (w1) r8 <= 0x55de042f *
22711                      [008281b6] 20029fbe 55de042f  K Z     sub.f          0,r8,55de042f *
22713                      [008281be] 23e02f82 00bfba0c  K Z     j.ne           [00bfba0c]
22876                      [008281c6] 16007005 00ec29e0  K Z     ld             r5,[00ec29e0]: lw [00ec29e0] => 55de042f : (w1) r5 <= 0x55de042f *
22881                      [008281ce] 25028fbe 55de042f  K Z     sub.f          0,r5,55de042f *
22883                      [008281d6] 21e03f82 00bfba0c  K Z     j.ne           [00bfba0c]
22886                      [008281de] 16007004 01b589b4  K Z     ld             r4,[01b589b4]: lw [01b589b4] => e897bf34 : (w1) r4 <= 0xe897bf34 *
23051                      [008281e6] 24028fbe e897bf34  K Z     sub.f          0,r4,e897bf34 *
23053                      [008281ee] 26e01f82 00bfba0c  K Z     j.ne           [00bfba0c]
23056                      [008281f6] 16007007 21947540  K Z     ld             r7,[21947540]: lw [21947540] => e99411f8 : (w1) r7 <= 0xe99411f8 *
23061                      [008281fe] 27028fbe e99411f8  K Z     sub.f          0,r7,e99411f8 *
23223                      [00828206] 21e01f82 00bfba0c  K Z     j.ne           [00bfba0c]
23226                      [0082820e] 16007005 02188bb8  K Z     ld             r5,[02188bb8]: lw [02188bb8] => 20ba14c8 : (w1) r5 <= 0x20ba14c8 *
23231                      [00828216] 25028fbe 20ba14c8  K Z     sub.f          0,r5,20ba14c8 *
23233                      [0082821e] 20e01f82 00bfba0c  K Z     j.ne           [00bfba0c]
23396                      [00828226] 16007018 026be80c  K Z     ld             r24,[026be80c]: lw [026be80c] => c6059560 : (w1) r24 <= 0xc6059560 *
23401                      [0082822e] 2002bfbe c6059560  K Z     sub.f          0,r24,c6059560 *
23403                      [00828236] 26e01f82 00bfba0c  K Z     j.ne           [00bfba0c]
23406                      [0082823e] 16007009 000798a4  K Z     ld             r9,[000798a4]: lw [000798a4] => c6059560 : (w1) r9 <= 0xc6059560 *
23571                      [00828246] 21029fbe c6059560  K Z     sub.f          0,r9,c6059560 *
23573                      [0082824e] 26e07f82 00bfba0c  K Z     j.ne           [00bfba0c]
23576                      [00828256] 16007018 000059e8  K Z     ld             r24,[000059e8]: lw [000059e8] => c6059560 : (w1) r24 <= 0xc6059560 *
23581                      [0082825e] 2002bfbe c6059560  K Z     sub.f          0,r24,c6059560 *
23743                      [00828266] 26e00f82 00bfba0c  K Z     j.ne           [00bfba0c]
23746                      [0082826e] 16007012 1881a700  K Z     ld             r18,[1881a700]: lw [1881a700] => e897bf34 : (w1) r18 <= 0xe897bf34 *
23751                      [00828276] 2202afbe e897bf34  K Z     sub.f          0,r18,e897bf34 *
23753                      [0082827e] 26e00f82 00bfba0c  K Z     j.ne           [00bfba0c]
23916                      [00828286] 1600700c 1a82c9d8  K Z     ld             r12,[1a82c9d8]: lw [1a82c9d8] => e897bf34 : (w1) r12 <= 0xe897bf34 *
23921                      [0082828e] 24029fbe e897bf34  K Z     sub.f          0,r12,e897bf34 *
23923                      [00828296] 21e03f82 00bfba0c  K Z     j.ne           [00bfba0c]
23926                      [0082829e] 16007006 3016cdf0  K Z     ld             r6,[3016cdf0]: lw [3016cdf0] => 4c179f60 : (w1) r6 <= 0x4c179f60 *
24091                      [008282a6] 26028fbe 4c179f60  K Z     sub.f          0,r6,4c179f60 *
24093                      [008282ae] 26e00f82 00bfba0c  K Z     j.ne           [00bfba0c]
24096                      [008282b6] 16007004 327c5650  K Z     ld             r4,[327c5650]: lw [327c5650] => a97bccdb : (w1) r4 <= 0xa97bccdb *
24101                      [008282be] 24028fbe a97bccdb  K Z     sub.f          0,r4,a97bccdb *
24263                      [008282c6] 25e00f82 00bfba0c  K Z     j.ne           [00bfba0c]
24266                      [008282ce] 1600700c 57355e84  K Z     ld             r12,[57355e84]: lw [57355e84] => 3e2a4618 : (w1) r12 <= 0x3e2a4618 *
24271                      [008282d6] 24029fbe 3e2a4618  K Z     sub.f          0,r12,3e2a4618 *
24273                      [008282de] 20e03f82 00bfba0c  K Z     j.ne           [00bfba0c]
24436                      [008282e6] 16007019 4544f910  K Z     ld             r25,[4544f910]: lw [4544f910] => 34b86dd4 : (w1) r25 <= 0x34b86dd4 *
24441                      [008282ee] 2102bfbe 34b86dd4  K Z     sub.f          0,r25,34b86dd4 *
24443                      [008282f6] 27e01f82 00bfba0c  K Z     j.ne           [00bfba0c]
24446                      [008282fe] 1600700d 7e63a724  K Z     ld             r13,[7e63a724]: lw [7e63a724] => a97bccdb : (w1) r13 <= 0xa97bccdb *
24611                      [00828306] 25029fbe a97bccdb  K Z     sub.f          0,r13,a97bccdb *
24613                      [0082830e] 26e02f82 00bfba0c  K Z     j.ne           [00bfba0c]
24616                      [00828316] 1600700b 02cb9848  K Z     ld             r11,[02cb9848]: lw [02cb9848] => a97bccdb : (w1) r11 <= 0xa97bccdb *
24621                      [0082831e] 23029fbe a97bccdb  K Z     sub.f          0,r11,a97bccdb *
24911                      [00828326] 27e03f82 00bfba0c  K Z     j.ne           [00bfba0c]
24914                      [0082832e] 16007008 03a7a208  K Z     ld             r8,[03a7a208]: lw [03a7a208] => 44446497 : (w1) r8 <= 0x44446497 *
24919                      [00828336] 20029fbe 44446497  K Z     sub.f          0,r8,44446497 *
24921                      [0082833e] 26e07f82 00bfba0c  K Z     j.ne           [00bfba0c]
25084                      [00828346] 16007009 55e66ee8  K Z     ld             r9,[55e66ee8]: lw [55e66ee8] => 5526cd7e : (w1) r9 <= 0x5526cd7e *
25089                      [0082834e] 21029fbe 5526cd7e  K Z     sub.f          0,r9,5526cd7e *
25091                      [00828356] 22e00f82 00bfba0c  K Z     j.ne           [00bfba0c]
25094                      [0082835e] 2402bfbe 5c09210c  K Z     sub.f          0,sp,5c09210c *
25258                      [00828366] 21e00f82 00bfba0c  K Z     j.ne           [00bfba0c]
25261                      [0082836e] 23028fbe cc60d8bf  K Z     sub.f          0,r3,cc60d8bf *
25265                      [00828376] 23e00f82 00bfba0c  K Z     j.ne           [00bfba0c]
25268                      [0082837e] 20028fbe a8d03f99  K Z     sub.f          0,r0,a8d03f99 *
25432                      [00828386] 27e02f82 00bfba0c  K Z     j.ne           [00bfba0c]
25435                      [0082838e] 21028fbe 83bbd388  K Z     sub.f          0,r1,83bbd388 *
25439                      [00828396] 20e00f82 00bfba0c  K Z     j.ne           [00bfba0c]
25442                      [0082839e] 22028fbe 5526cd7e  K Z     sub.f          0,r2,5526cd7e *
25606                      [008283a6] 22e00f82 00bfba0c  K Z     j.ne           [00bfba0c]
25609                      [008283ae] 250a3f81 00000000  K Z     mov            ilink1,00000000 : (w0) r29 <= 0x00000000 *
25613                      [008283b6] 260a3f87 00000000  K Z     mov            ilink2,00000000 : (w0) r30 <= 0x00000000 *
25616                      [008283be] 1e007760 151dac20  K Z     st.di          ilink1,[151dac20]: sw [151dac20] <= 00000000 *
25842                      [008283c6] 272aaf8d 0000000a  K Z     lr             r23,[0000000a]: aux[0x0a] => 800 : (w0) r23 <= 0x00000800 *
25843                      [008283ce] 27042f9c 00000ff9  K Z     and            sp,r23,00000ff9 : (w0) r28 <= 0x00000800 *
25844                      [008283d6] 22290719           K Z     flag           [sp] *
25845                      [008283da] 1600781c 00bbce00  K Z     ld.di          sp,[00bbce00]: lw [00bbce00] => 00000000 : (w1) r28 <= 0x00000000 *
26104                      [008283e2] 232abf8f 0000040a  K Z     lr             fp,[0000040a]: aux[0x40a] => 00 : (w0) r27 <= 0x00000000 *
26105                      [008283ea] 2402b6fe           K Z     sub.f          0,sp,fp *
26106                      [008283ee] 24e02f82 00bfba0c  K Z     j.ne           [00bfba0c]
26107                      [008283f6] 1600781c 0294bd50  K Z     ld.di          sp,[0294bd50]: lw [0294bd50] => 00000000 : (w1) r28 <= 0x00000000 *
26207                      [008283fe] 232a3f84 0000040b  K Z     lr             fp,[0000040b]: aux[0x40b] => 00 : (w0) r27 <= 0x00000000 *
26274                      [00828406] 2402b6fe           K Z     sub.f          0,sp,fp *
26276                      [0082840a] 26e00f82 00bfba0c  K Z     j.ne           [00bfba0c]
26279                      [00828412] 272925c8           K Z     flag           [r23] *
26282                      [00828416] 240abf9a 00000000  K Z     mov            sp,00000000 : (w0) r28 <= 0x00000000 *
26285                      [0082841e] 230abf97 00000000  K Z     mov            fp,00000000 : (w0) r27 <= 0x00000000 *
26448                      [00828426] 270aaf88 00000000  K Z     mov            r23,00000000 : (w0) r23 <= 0x00000000 *
26451                      [0082842e] 2702ffbe 0082842c  K Z     sub.f          0,pcl,0082842c *
26454                      [00828436] 23e03f82 00bfba0c  K Z     j.ne           [00bfba0c]
26457                      [0082843e] 1600780b 00087138  K Z     ld.di          r11,[00087138]: lw [00087138] => 00000000 : (w1) r11 <= 0x00000000 *
26717                      [00828446] 23029fbe 00000000  K Z     sub.f          0,r11,00000000 *
26719                      [0082844e] 25e02f82 00bfba0c  K Z     j.ne           [00bfba0c]
26720                      [00828456] 16007801 00087248  K Z     ld.di          r1,[00087248]: lw [00087248] => 00000000 : (w1) r1 <= 0x00000000 *
26820                      [0082845e] 21028fbe 00000000  K Z     sub.f          0,r1,00000000 *
26887                      [00828466] 27e03f82 00bfba0c  K Z     j.ne           [00bfba0c]
26890                      [0082846e] 16007803 00087250  K Z     ld.di          r3,[00087250]: lw [00087250] => 00000000 : (w1) r3 <= 0x00000000 *
26990                      [00828476] 23028fbe 00000000  K Z     sub.f          0,r3,00000000 *
26992                      [0082847e] 22e00f82 00bfba0c  K Z     j.ne           [00bfba0c]
27060                      [00828486] 16007800 00087240  K Z     ld.di          r0,[00087240]: lw [00087240] => 00000000 : (w1) r0 <= 0x00000000 *
27160                      [0082848e] 20028fbe 00000000  K Z     sub.f          0,r0,00000000 *
27162                      [00828496] 24e02f82 00bfba0c  K Z     j.ne           [00bfba0c]
27163                      [0082849e] 1600781c 00087228  K Z     ld.di          sp,[00087228]: lw [00087228] => 00000000 : (w1) r28 <= 0x00000000 *
27423                      [008284a6] 2402bfbe 00000000  K Z     sub.f          0,sp,00000000 *
27425                      [008284ae] 23e00f82 00bfba0c  K Z     j.ne           [00bfba0c]
27426                      [008284b6] 25e00f80 00b2bc58  K Z     j              [00b2bc58] *
27430                      [00b2bc58] 240a3f87 0120506b  K Z     mov            sp,0120506b : (w0) r28 <= 0x0120506b *
27593                      [00b2bc60] 240a3f92 01205068  K Z     mov            sp,01205068 : (w0) r28 <= 0x01205068 *
27755                      [00b2bc68] c2c1               K Z     pop_s          r2: lw [01205068] => 1889e951 : (w0) r28 <= 0x0120506c : (w1) r2 <= 0x1889e951 *
27917                      [00b2bc6a] 26abf241 014070ac  K Z     sr.f           014070ac,0x49: aux[0x49] => 14070ac *
27918                      [00b2bc72] 240a3f85 613f7398  K Z     mov            sp,613f7398 : (w0) r28 <= 0x613f7398 *
27919                      [00b2bc7a] c3e1               K Z     push_s         r3: sw [613f7394] <= 00000000 : (w0) r28 <= 0x613f7394 *
28080                      [00b2bc7c] 240a3f85 6c74fa40  K Z     mov            sp,6c74fa40 : (w0) r28 <= 0x6c74fa40 *
28082                      [00b2bc84] c0c1               K Z     pop_s          r0: lw [6c74fa40] => be72dc5b : (w0) r28 <= 0x6c74fa44 : (w1) r0 <= 0xbe72dc5b *
28244                      [00b2bc86] 240a3f8d 05509a08  K Z     mov            sp,05509a08 : (w0) r28 <= 0x05509a08 *
28245                      [00b2bc8e] c2e1               K Z     push_s         r2: sw [05509a04] <= 1889e951 : (w0) r28 <= 0x05509a04 *
28406                      [00b2bc90] 240a3f83 059c8df4  K Z     mov            sp,059c8df4 : (w0) r28 <= 0x059c8df4 *
28407                      [00b2bc98] c2c1               K Z     pop_s          r2: lw [059c8df4] => cc1940c9 : (w0) r28 <= 0x059c8df8 : (w1) r2 <= 0xcc1940c9 *
28569                      [00b2bc9a] 240a3f9b 05b059f8  K Z     mov            sp,05b059f8 : (w0) r28 <= 0x05b059f8 *
28570                      [00b2bca2] c3e1               K Z     push_s         r3: sw [05b059f4] <= 00000000 : (w0) r28 <= 0x05b059f4 *
28731                      [00b2bca4] 240a3f88 05b95518  K Z     mov            sp,05b95518 : (w0) r28 <= 0x05b95518 *
28732                      [00b2bcac] c2c1               K Z     pop_s          r2: lw [05b95518] => dd032159 : (w0) r28 <= 0x05b9551c : (w1) r2 <= 0xdd032159 *
28894                      [00b2bcae] 240a3f93 0009711c  K Z     mov            sp,0009711c : (w0) r28 <= 0x0009711c *
28895                      [00b2bcb6] c3e1               K Z     push_s         r3: sw [00097118] <= 00000000 : (w0) r28 <= 0x00097118 *
29056                      [00b2bcb8] 240a3f92 000c678c  K Z     mov            sp,000c678c : (w0) r28 <= 0x000c678c *
29057                      [00b2bcc0] c2c1               K Z     pop_s          r2: lw [000c678c] => b1cc50f5 : (w0) r28 <= 0x000c6790 : (w1) r2 <= 0xb1cc50f5 *
29219                      [00b2bcc2] 240a3f8b 00141cb8  K Z     mov            sp,00141cb8 : (w0) r28 <= 0x00141cb8 *
29220                      [00b2bcca] c0e1               K Z     push_s         r0: sw [00141cb4] <= be72dc5b : (w0) r28 <= 0x00141cb4 *
29381                      [00b2bccc] 240a3f80 00158ad8  K Z     mov            sp,00158ad8 : (w0) r28 <= 0x00158ad8 *
29382                      [00b2bcd4] c1c1               K Z     pop_s          r1: lw [00158ad8] => 933b7d5f : (w0) r28 <= 0x00158adc : (w1) r1 <= 0x933b7d5f *
29544                      [00b2bcd6] 240a3f96 34cfd8a0  K Z     mov            sp,34cfd8a0 : (w0) r28 <= 0x34cfd8a0 *
29545                      [00b2bcde] c0e1               K Z     push_s         r0: sw [34cfd89c] <= be72dc5b : (w0) r28 <= 0x34cfd89c *
29706                      [00b2bce0] 240a3f8e 37139f0c  K Z     mov            sp,37139f0c : (w0) r28 <= 0x37139f0c *
29707                      [00b2bce8] c3c1               K Z     pop_s          r3: lw [37139f0c] => 0a29169c : (w0) r28 <= 0x37139f10 : (w1) r3 <= 0x0a29169c *
29869                      [00b2bcea] 26ab7241 014070a7  K Z     sr             014070a7,0x49: aux[0x49] => 14070a7 *
29870                      [00b2bcf2] c1c1               K Z     pop_s          r1: lw [37139f10] => 221fe2d4 : (w0) r28 <= 0x37139f14 : (w1) r1 <= 0x221fe2d4 *
29872                      [00b2bcf4] 240a3f9f 37ca62d0  K Z     mov            sp,37ca62d0 : (w0) r28 <= 0x37ca62d0 *
29873                      [00b2bcfc] c1e1               K Z     push_s         r1: sw [37ca62cc] <= 221fe2d4 : (w0) r28 <= 0x37ca62cc *
30034                      [00b2bcfe] 240a3f88 3c7034e4  K Z     mov            sp,3c7034e4 : (w0) r28 <= 0x3c7034e4 *
30037                      [00b2bd06] c0c1               K Z     pop_s          r0: lw [3c7034e4] => 36a6a16e : (w0) r28 <= 0x3c7034e8 : (w1) r0 <= 0x36a6a16e *
30199                      [00b2bd08] 240a3f99 44d0f64c  K Z     mov            sp,44d0f64c : (w0) r28 <= 0x44d0f64c *
30200                      [00b2bd10] c0e1               K Z     push_s         r0: sw [44d0f648] <= 36a6a16e : (w0) r28 <= 0x44d0f648 *
30361                      [00b2bd12] 240a3f86 44f17fd4  K Z     mov            sp,44f17fd4 : (w0) r28 <= 0x44f17fd4 *
30362                      [00b2bd1a] c2c1               K Z     pop_s          r2: lw [44f17fd4] => afb5a81c : (w0) r28 <= 0x44f17fd8 : (w1) r2 <= 0xafb5a81c *
30524                      [00b2bd1c] 240a3f98 0e8f0be8  K Z     mov            sp,0e8f0be8 : (w0) r28 <= 0x0e8f0be8 *
30525                      [00b2bd24] c0e1               K Z     push_s         r0: sw [0e8f0be4] <= 36a6a16e : (w0) r28 <= 0x0e8f0be4 *
30686                      [00b2bd26] 240a3f90 0f0cea24  K Z     mov            sp,0f0cea24 : (w0) r28 <= 0x0f0cea24 *
30687                      [00b2bd2e] c1c1               K Z     pop_s          r1: lw [0f0cea24] => fbee3597 : (w0) r28 <= 0x0f0cea28 : (w1) r1 <= 0xfbee3597 *
30849                      [00b2bd30] 240a3f8e 10d669b8  K Z     mov            sp,10d669b8 : (w0) r28 <= 0x10d669b8 *
30850                      [00b2bd38] c3e1               K Z     push_s         r3: sw [10d669b4] <= 0a29169c : (w0) r28 <= 0x10d669b4 *
31011                      [00b2bd3a] 240a3f8c 14f145a8  K Z     mov            sp,14f145a8 : (w0) r28 <= 0x14f145a8 *
31012                      [00b2bd42] c2c1               K Z     pop_s          r2: lw [14f145a8] => 233b6762 : (w0) r28 <= 0x14f145ac : (w1) r2 <= 0x233b6762 *
31174                      [00b2bd44] 240a3f8d 001fe784  K Z     mov            sp,001fe784 : (w0) r28 <= 0x001fe784 *
31175                      [00b2bd4c] c0e1               K Z     push_s         r0: sw [001fe780] <= 36a6a16e : (w0) r28 <= 0x001fe780 *
31336                      [00b2bd4e] 26abf241 014070c6  K Z     sr.f           014070c6,0x49: aux[0x49] => 14070c6 *
31337                      [00b2bd56] 240a3f90 003ac4c4  K Z     mov            sp,003ac4c4 : (w0) r28 <= 0x003ac4c4 *
31338                      [00b2bd5e] c0c1               K Z     pop_s          r0: lw [003ac4c4] => 09908a7c : (w0) r28 <= 0x003ac4c8 : (w1) r0 <= 0x09908a7c *
31500                      [00b2bd60] 240a3f90 003d94ec  K Z     mov            sp,003d94ec : (w0) r28 <= 0x003d94ec *
31501                      [00b2bd68] c3e1               K Z     push_s         r3: sw [003d94e8] <= 0a29169c : (w0) r28 <= 0x003d94e8 *
31662                      [00b2bd6a] 240a3f83 003ed8a4  K Z     mov            sp,003ed8a4 : (w0) r28 <= 0x003ed8a4 *
31663                      [00b2bd72] c2c1               K Z     pop_s          r2: lw [003ed8a4] => 8b937073 : (w0) r28 <= 0x003ed8a8 : (w1) r2 <= 0x8b937073 *
31825                      [00b2bd74] 240a3f81 0040be80  K Z     mov            sp,0040be80 : (w0) r28 <= 0x0040be80 *
31826                      [00b2bd7c] c2e1               K Z     push_s         r2: sw [0040be7c] <= 8b937073 : (w0) r28 <= 0x0040be7c *
31987                      [00b2bd7e] 240a3f99 0042e3dc  K Z     mov            sp,0042e3dc : (w0) r28 <= 0x0042e3dc *
31988                      [00b2bd86] c3c1               K Z     pop_s          r3: lw [0042e3dc] => 176bc34c : (w0) r28 <= 0x0042e3e0 : (w1) r3 <= 0x176bc34c *
32150                      [00b2bd88] 240a3f80 00433298  K Z     mov            sp,00433298 : (w0) r28 <= 0x00433298 *
32151                      [00b2bd90] c1e1               K Z     push_s         r1: sw [00433294] <= fbee3597 : (w0) r28 <= 0x00433294 *
32312                      [00b2bd92] 240a3f98 00435064  K Z     mov            sp,00435064 : (w0) r28 <= 0x00435064 *
32313                      [00b2bd9a] c0c1               K Z     pop_s          r0: lw [00435064] => e27b5e4b : (w0) r28 <= 0x00435068 : (w1) r0 <= 0xe27b5e4b *
32475                      [00b2bd9c] 240a3f8c 00461470  K Z     mov            sp,00461470 : (w0) r28 <= 0x00461470 *
32476                      [00b2bda4] c3e1               K Z     push_s         r3: sw [0046146c] <= 176bc34c : (w0) r28 <= 0x0046146c *
32637                      [00b2bda6] 240a3f9b 004bbe64  K Z     mov            sp,004bbe64 : (w0) r28 <= 0x004bbe64 *
32638                      [00b2bdae] c1c1               K Z     pop_s          r1: lw [004bbe64] => e5aa9125 : (w0) r28 <= 0x004bbe68 : (w1) r1 <= 0xe5aa9125 *
32800                      [00b2bdb0] 240a3f9a 004fbedc  K Z     mov            sp,004fbedc : (w0) r28 <= 0x004fbedc *
32801                      [00b2bdb8] c3e1               K Z     push_s         r3: sw [004fbed8] <= 176bc34c : (w0) r28 <= 0x004fbed8 *
32962                      [00b2bdba] 240a3fbe 00514794  K Z     mov            sp,00514794 : (w0) r28 <= 0x00514794 *
32963                      [00b2bdc2] c1c1               K Z     pop_s          r1: lw [00514794] => e1daa0ff : (w0) r28 <= 0x00514798 : (w1) r1 <= 0xe1daa0ff *
33125                      [00b2bdc4] 240a3f9a 0b4fe294  K Z     mov            sp,0b4fe294 : (w0) r28 <= 0x0b4fe294 *
33126                      [00b2bdcc] c0e1               K Z     push_s         r0: sw [0b4fe290] <= e27b5e4b : (w0) r28 <= 0x0b4fe290 *
33287                      [00b2bdce] 26abf241 01306052  K Z     sr.f           01306052,0x49: aux[0x49] => 1306052 *
33288                      [00b2bdd6] c0e1               K Z     push_s         r0: sw [0b4fe28c] <= e27b5e4b : (w0) r28 <= 0x0b4fe28c *
33289                      [00b2bdd8] 240a3f8d 0d3ff254  K Z     mov            sp,0d3ff254 : (w0) r28 <= 0x0d3ff254 *
33290                      [00b2bde0] c1c1               K Z     pop_s          r1: lw [0d3ff254] => 37b4a0b7 : (w0) r28 <= 0x0d3ff258 : (w1) r1 <= 0x37b4a0b7 *
33612                      [00b2bde2] 240a3f8e 0dc3b160  K Z     mov            sp,0dc3b160 : (w0) r28 <= 0x0dc3b160 *
33613                      [00b2bdea] c2e1               K Z     push_s         r2: sw [0dc3b15c] <= 8b937073 : (w0) r28 <= 0x0dc3b15c *
33774                      [00b2bdec] 240a3fbe 0e24ff28  K Z     mov            sp,0e24ff28 : (w0) r28 <= 0x0e24ff28 *
33775                      [00b2bdf4] c0c1               K Z     pop_s          r0: lw [0e24ff28] => d237ecf2 : (w0) r28 <= 0x0e24ff2c : (w1) r0 <= 0xd237ecf2 *
33937                      [00b2bdf6] 240a3f9b 05e86868  K Z     mov            sp,05e86868 : (w0) r28 <= 0x05e86868 *
33938                      [00b2bdfe] c2e1               K Z     push_s         r2: sw [05e86864] <= 8b937073 : (w0) r28 <= 0x05e86864 *
34099                      [00b2be00] 240a3f93 094c5648  K Z     mov            sp,094c5648 : (w0) r28 <= 0x094c5648 *
34100                      [00b2be08] c0c1               K Z     pop_s          r0: lw [094c5648] => 27ca8056 : (w0) r28 <= 0x094c564c : (w1) r0 <= 0x27ca8056 *
34262                      [00b2be0a] 240a3f94 095170b4  K Z     mov            sp,095170b4 : (w0) r28 <= 0x095170b4 *
34263                      [00b2be12] c2e1               K Z     push_s         r2: sw [095170b0] <= 8b937073 : (w0) r28 <= 0x095170b0 *
34424                      [00b2be14] 240a3f8a 09bf7318  K Z     mov            sp,09bf7318 : (w0) r28 <= 0x09bf7318 *
34425                      [00b2be1c] c2c1               K Z     pop_s          r2: lw [09bf7318] => 19b6a9fb : (w0) r28 <= 0x09bf731c : (w1) r2 <= 0x19b6a9fb *
34587                      [00b2be1e] 240a3f8e 4bf8f2a4  K Z     mov            sp,4bf8f2a4 : (w0) r28 <= 0x4bf8f2a4 *
34588                      [00b2be26] c1e1               K Z     push_s         r1: sw [4bf8f2a0] <= 37b4a0b7 : (w0) r28 <= 0x4bf8f2a0 *
34749                      [00b2be28] 240a3f84 4f8684a0  K Z     mov            sp,4f8684a0 : (w0) r28 <= 0x4f8684a0 *
34750                      [00b2be30] c1c1               K Z     pop_s          r1: lw [4f8684a0] => 64ecc91e : (w0) r28 <= 0x4f8684a4 : (w1) r1 <= 0x64ecc91e *
34912                      [00b2be32] 240a3f9f 53127200  K Z     mov            sp,53127200 : (w0) r28 <= 0x53127200 *
34913                      [00b2be3a] c2e1               K Z     push_s         r2: sw [531271fc] <= 19b6a9fb : (w0) r28 <= 0x531271fc *
35074                      [00b2be3c] 240a3f8f 54b0655c  K Z     mov            sp,54b0655c : (w0) r28 <= 0x54b0655c *
35075                      [00b2be44] c3c1               K Z     pop_s          r3: lw [54b0655c] => dca5a6d2 : (w0) r28 <= 0x54b06560 : (w1) r3 <= 0xdca5a6d2 *
35237                      [00b2be46] 26ab7241 014070de  K Z     sr             014070de,0x49: aux[0x49] => 14070de *
35238                      [00b2be4e] c0c1               K Z     pop_s          r0: lw [54b06560] => 0ff831fd : (w0) r28 <= 0x54b06564 : (w1) r0 <= 0x0ff831fd *
35400                      [00b2be50] 240a3f84 1c8f5628  K Z     mov            sp,1c8f5628 : (w0) r28 <= 0x1c8f5628 *
35401                      [00b2be58] c1e1               K Z     push_s         r1: sw [1c8f5624] <= 64ecc91e : (w0) r28 <= 0x1c8f5624 *
35562                      [00b2be5a] 240a3f89 1fd3bab0  K Z     mov            sp,1fd3bab0 : (w0) r28 <= 0x1fd3bab0 *
35563                      [00b2be62] c3c1               K Z     pop_s          r3: lw [1fd3bab0] => 589acd0c : (w0) r28 <= 0x1fd3bab4 : (w1) r3 <= 0x589acd0c *
35725                      [00b2be64] 240a3f9a 1a948be8  K Z     mov            sp,1a948be8 : (w0) r28 <= 0x1a948be8 *
35726                      [00b2be6c] c1e1               K Z     push_s         r1: sw [1a948be4] <= 64ecc91e : (w0) r28 <= 0x1a948be4 *
35887                      [00b2be6e] 240a3f81 1b5ffb58  K Z     mov            sp,1b5ffb58 : (w0) r28 <= 0x1b5ffb58 *
35888                      [00b2be76] c1c1               K Z     pop_s          r1: lw [1b5ffb58] => 949a620b : (w0) r28 <= 0x1b5ffb5c : (w1) r1 <= 0x949a620b *
36050                      [00b2be78] 240a3f8c 1bdcbb48  K Z     mov            sp,1bdcbb48 : (w0) r28 <= 0x1bdcbb48 *
36051                      [00b2be80] c1e1               K Z     push_s         r1: sw [1bdcbb44] <= 949a620b : (w0) r28 <= 0x1bdcbb44 *
36212                      [00b2be82] 240a3f81 1bba8250  K Z     mov            sp,1bba8250 : (w0) r28 <= 0x1bba8250 *
36213                      [00b2be8a] c1c1               K Z     pop_s          r1: lw [1bba8250] => 3c547a89 : (w0) r28 <= 0x1bba8254 : (w1) r1 <= 0x3c547a89 *
36375                      [00b2be8c] 240a3f9f 245a1fdc  K Z     mov            sp,245a1fdc : (w0) r28 <= 0x245a1fdc *
36376                      [00b2be94] c0e1               K Z     push_s         r0: sw [245a1fd8] <= 0ff831fd : (w0) r28 <= 0x245a1fd8 *
36537                      [00b2be96] 240a3f9f 27ef7048  K Z     mov            sp,27ef7048 : (w0) r28 <= 0x27ef7048 *
36538                      [00b2be9e] c2c1               K Z     pop_s          r2: lw [27ef7048] => 7db4da55 : (w0) r28 <= 0x27ef704c : (w1) r2 <= 0x7db4da55 *
36700                      [00b2bea0] 240a3f82 2be580e0  K Z     mov            sp,2be580e0 : (w0) r28 <= 0x2be580e0 *
36701                      [00b2bea8] c3e1               K Z     push_s         r3: sw [2be580dc] <= 589acd0c : (w0) r28 <= 0x2be580dc *
36862                      [00b2beaa] 26ab7241 012050f2  K Z     sr             012050f2,0x49: aux[0x49] => 12050f2 *
36863                      [00b2beb2] 240a3f81 2d16d4bc  K Z     mov            sp,2d16d4bc : (w0) r28 <= 0x2d16d4bc *
36864                      [00b2beba] c3c1               K Z     pop_s          r3: lw [2d16d4bc] => a408a523 : (w0) r28 <= 0x2d16d4c0 : (w1) r3 <= 0xa408a523 *
37026                      [00b2bebc] 240a3f92 00781db4  K Z     mov            sp,00781db4 : (w0) r28 <= 0x00781db4 *
37027                      [00b2bec4] c0e1               K Z     push_s         r0: sw [00781db0] <= 0ff831fd : (w0) r28 <= 0x00781db0 *
37188                      [00b2bec6] 240a3f90 007b191c  K Z     mov            sp,007b191c : (w0) r28 <= 0x007b191c *
37189                      [00b2bece] c3c1               K Z     pop_s          r3: lw [007b191c] => 9eee060c : (w0) r28 <= 0x007b1920 : (w1) r3 <= 0x9eee060c *
37351                      [00b2bed0] 240a3f99 0084e68c  K Z     mov            sp,0084e68c : (w0) r28 <= 0x0084e68c *
37352                      [00b2bed8] c1e1               K Z     push_s         r1: sw [0084e688] <= 3c547a89 : (w0) r28 <= 0x0084e688 *
37513                      [00b2beda] 240a3f98 00888028  K Z     mov            sp,00888028 : (w0) r28 <= 0x00888028 *
37514                      [00b2bee2] c3c1               K Z     pop_s          r3: lw [00888028] => 5ffb9877 : (w0) r28 <= 0x0088802c : (w1) r3 <= 0x5ffb9877 *
37676                      [00b2bee4] 240a3f89 0094cc0c  K Z     mov            sp,0094cc0c : (w0) r28 <= 0x0094cc0c *
37677                      [00b2beec] c0e1               K Z     push_s         r0: sw [0094cc08] <= 0ff831fd : (w0) r28 <= 0x0094cc08 *
37838                      [00b2beee] 240a3f96 009d638c  K Z     mov            sp,009d638c : (w0) r28 <= 0x009d638c *
37839                      [00b2bef6] c2c1               K Z     pop_s          r2: lw [009d638c] => 5aff89d5 : (w0) r28 <= 0x009d6390 : (w1) r2 <= 0x5aff89d5 *
38001                      [00b2bef8] 240a3f82 00b61a64  K Z     mov            sp,00b61a64 : (w0) r28 <= 0x00b61a64 *
38002                      [00b2bf00] c2e1               K Z     push_s         r2: sw [00b61a60] <= 5aff89d5 : (w0) r28 <= 0x00b61a60 *
38163                      [00b2bf02] 240a3f81 00baf0fc  K Z     mov            sp,00baf0fc : (w0) r28 <= 0x00baf0fc *
38164                      [00b2bf0a] c2c1               K Z     pop_s          r2: lw [00baf0fc] => a33ab990 : (w0) r28 <= 0x00baf100 : (w1) r2 <= 0xa33ab990 *
38326                      [00b2bf0c] 240a3f86 010010f8  K Z     mov            sp,010010f8 : (w0) r28 <= 0x010010f8 *
38327                      [00b2bf14] c1e1               K Z     push_s         r1: sw [010010f4] <= 3c547a89 : (w0) r28 <= 0x010010f4 *
38488                      [00b2bf16] 240a3f93 01002c98  K Z     mov            sp,01002c98 : (w0) r28 <= 0x01002c98 *
38489                      [00b2bf1e] c0c1               K Z     pop_s          r0: lw [01002c98] => 5af249fb : (w0) r28 <= 0x01002c9c : (w1) r0 <= 0x5af249fb *
38651                      [00b2bf20] 240a3f86 01421c04  K Z     mov            sp,01421c04 : (w0) r28 <= 0x01421c04 *
38652                      [00b2bf28] c2e1               K Z     push_s         r2: sw [01421c00] <= a33ab990 : (w0) r28 <= 0x01421c00 *
38813                      [00b2bf2a] 26abf241 012050a0  K Z     sr.f           012050a0,0x49: aux[0x49] => 12050a0 *
38814                      [00b2bf32] 26ab7241 013060f9  K Z     sr             013060f9,0x49: aux[0x49] => 13060f9 *
38815                      [00b2bf3a] c3e1               K Z     push_s         r3: sw [01421bfc] <= 5ffb9877 : (w0) r28 <= 0x01421bfc *
38976                      [00b2bf3c] 240a3f8e 00bbceec  K Z     mov            sp,00bbceec : (w0) r28 <= 0x00bbceec *
38978                      [00b2bf44] c2c1               K Z     pop_s          r2: lw [00bbceec] => 5c93dd26 : (w0) r28 <= 0x00bbcef0 : (w1) r2 <= 0x5c93dd26 *
39140                      [00b2bf46] 240a3f98 00bc3354  K Z     mov            sp,00bc3354 : (w0) r28 <= 0x00bc3354 *
39141                      [00b2bf4e] c2e1               K Z     push_s         r2: sw [00bc3350] <= 5c93dd26 : (w0) r28 <= 0x00bc3350 *
39302                      [00b2bf50] 240a3f89 00bc8a74  K Z     mov            sp,00bc8a74 : (w0) r28 <= 0x00bc8a74 *
39303                      [00b2bf58] c3c1               K Z     pop_s          r3: lw [00bc8a74] => 241f6a86 : (w0) r28 <= 0x00bc8a78 : (w1) r3 <= 0x241f6a86 *
39465                      [00b2bf5a] 240a3f84 00bdfe94  K Z     mov            sp,00bdfe94 : (w0) r28 <= 0x00bdfe94 *
39466                      [00b2bf62] c3e1               K Z     push_s         r3: sw [00bdfe90] <= 241f6a86 : (w0) r28 <= 0x00bdfe90 *
39627                      [00b2bf64] 240a3f8f 00bf0014  K Z     mov            sp,00bf0014 : (w0) r28 <= 0x00bf0014 *
39628                      [00b2bf6c] c3c1               K Z     pop_s          r3: lw [00bf0014] => 86a13c3f : (w0) r28 <= 0x00bf0018 : (w1) r3 <= 0x86a13c3f *
39790                      [00b2bf6e] 240a3f80 00bf2d8c  K Z     mov            sp,00bf2d8c : (w0) r28 <= 0x00bf2d8c *
39791                      [00b2bf76] c1e1               K Z     push_s         r1: sw [00bf2d88] <= 3c547a89 : (w0) r28 <= 0x00bf2d88 *
39952                      [00b2bf78] 240a3f92 00bf647c  K Z     mov            sp,00bf647c : (w0) r28 <= 0x00bf647c *
39953                      [00b2bf80] c2c1               K Z     pop_s          r2: lw [00bf647c] => d0b6ba23 : (w0) r28 <= 0x00bf6480 : (w1) r2 <= 0xd0b6ba23 *
40115                      [00b2bf82] 240a3f80 00bf9d18  K Z     mov            sp,00bf9d18 : (w0) r28 <= 0x00bf9d18 *
40116                      [00b2bf8a] c0e1               K Z     push_s         r0: sw [00bf9d14] <= 5af249fb : (w0) r28 <= 0x00bf9d14 *
40277                      [00b2bf8c] 240a3f88 00c3c594  K Z     mov            sp,00c3c594 : (w0) r28 <= 0x00c3c594 *
40278                      [00b2bf94] c0c1               K Z     pop_s          r0: lw [00c3c594] => 2caca15a : (w0) r28 <= 0x00c3c598 : (w1) r0 <= 0x2caca15a *
40440                      [00b2bf96] 26abf241 01407055  K Z     sr.f           01407055,0x49: aux[0x49] => 1407055 *
40441                      [00b2bf9e] 26ab7241 012050ba  K Z     sr             012050ba,0x49: aux[0x49] => 12050ba *
40443                      [00b2bfa6] c1c1               K Z     pop_s          r1: lw [00c3c598] => 2ff521da : (w0) r28 <= 0x00c3c59c : (w1) r1 <= 0x2ff521da *
40445                      [00b2bfa8] 240a3f9c 00cc8158  K Z     mov            sp,00cc8158 : (w0) r28 <= 0x00cc8158 *
40446                      [00b2bfb0] c2e1               K Z     push_s         r2: sw [00cc8154] <= d0b6ba23 : (w0) r28 <= 0x00cc8154 *
40607                      [00b2bfb2] 240a3f97 00dc989c  K Z     mov            sp,00dc989c : (w0) r28 <= 0x00dc989c *
40608                      [00b2bfba] c0c1               K Z     pop_s          r0: lw [00dc989c] => 964f5522 : (w0) r28 <= 0x00dc98a0 : (w1) r0 <= 0x964f5522 *
40770                      [00b2bfbc] 240a3f93 00de5cec  K Z     mov            sp,00de5cec : (w0) r28 <= 0x00de5cec *
40771                      [00b2bfc4] c1e1               K Z     push_s         r1: sw [00de5ce8] <= 2ff521da : (w0) r28 <= 0x00de5ce8 *
40932                      [00b2bfc6] 240a3f81 00e10830  K Z     mov            sp,00e10830 : (w0) r28 <= 0x00e10830 *
40933                      [00b2bfce] c0c1               K Z     pop_s          r0: lw [00e10830] => 958c586e : (w0) r28 <= 0x00e10834 : (w1) r0 <= 0x958c586e *
41095                      [00b2bfd0] 240a3f91 00e930d8  K Z     mov            sp,00e930d8 : (w0) r28 <= 0x00e930d8 *
41096                      [00b2bfd8] c0e1               K Z     push_s         r0: sw [00e930d4] <= 958c586e : (w0) r28 <= 0x00e930d4 *
41257                      [00b2bfda] 240a3f8c 00eb6e00  K Z     mov            sp,00eb6e00 : (w0) r28 <= 0x00eb6e00 *
41258                      [00b2bfe2] c0c1               K Z     pop_s          r0: lw [00eb6e00] => d16c923d : (w0) r28 <= 0x00eb6e04 : (w1) r0 <= 0xd16c923d *
41420                      [00b2bfe4] 240a3f94 00ee8760  K Z     mov            sp,00ee8760 : (w0) r28 <= 0x00ee8760 *
41421                      [00b2bfec] c2e1               K Z     push_s         r2: sw [00ee875c] <= d0b6ba23 : (w0) r28 <= 0x00ee875c *
41582                      [00b2bfee] 240a3f91 0145e024  K Z     mov            sp,0145e024 : (w0) r28 <= 0x0145e024 *
41583                      [00b2bff6] c3c1               K Z     pop_s          r3: lw [0145e024] => 3f61ffd8 : (w0) r28 <= 0x0145e028 : (w1) r3 <= 0x3f61ffd8 *
41745                      [00b2bff8] 240a3f80 015c1680  K Z     mov            sp,015c1680 : (w0) r28 <= 0x015c1680 *
41746                      [00b2c000] c2e1               K Z     push_s         r2: sw [015c167c] <= d0b6ba23 : (w0) r28 <= 0x015c167c *
41907                      [00b2c002] 240a3f81 01b285ac  K Z     mov            sp,01b285ac : (w0) r28 <= 0x01b285ac *
41908                      [00b2c00a] c1c1               K Z     pop_s          r1: lw [01b285ac] => b20b20f7 : (w0) r28 <= 0x01b285b0 : (w1) r1 <= 0xb20b20f7 *
42070                      [00b2c00c] 240a3f95 01e3f94c  K Z     mov            sp,01e3f94c : (w0) r28 <= 0x01e3f94c *
42071                      [00b2c014] c1e1               K Z     push_s         r1: sw [01e3f948] <= b20b20f7 : (w0) r28 <= 0x01e3f948 *
42232                      [00b2c016] 240a3f9c 219ea98c  K Z     mov            sp,219ea98c : (w0) r28 <= 0x219ea98c *
42233                      [00b2c01e] c3c1               K Z     pop_s          r3: lw [219ea98c] => 2c56ef96 : (w0) r28 <= 0x219ea990 : (w1) r3 <= 0x2c56ef96 *
42395                      [00b2c020] 240a3f88 21b28b88  K Z     mov            sp,21b28b88 : (w0) r28 <= 0x21b28b88 *
42396                      [00b2c028] c3e1               K Z     push_s         r3: sw [21b28b84] <= 2c56ef96 : (w0) r28 <= 0x21b28b84 *
42557                      [00b2c02a] 240a3f98 2191c418  K Z     mov            sp,2191c418 : (w0) r28 <= 0x2191c418 *
42558                      [00b2c032] c1c1               K Z     pop_s          r1: lw [2191c418] => a58da119 : (w0) r28 <= 0x2191c41c : (w1) r1 <= 0xa58da119 *
42720                      [00b2c034] 240a3f82 219548e4  K Z     mov            sp,219548e4 : (w0) r28 <= 0x219548e4 *
42721                      [00b2c03c] c2e1               K Z     push_s         r2: sw [219548e0] <= d0b6ba23 : (w0) r28 <= 0x219548e0 *
42882                      [00b2c03e] 240a3f9a 01e49084  K Z     mov            sp,01e49084 : (w0) r28 <= 0x01e49084 *
42883                      [00b2c046] c3c1               K Z     pop_s          r3: lw [01e49084] => c9ab5104 : (w0) r28 <= 0x01e49088 : (w1) r3 <= 0xc9ab5104 *
43045                      [00b2c048] 240a3f97 01f21484  K Z     mov            sp,01f21484 : (w0) r28 <= 0x01f21484 *
43046                      [00b2c050] c0e1               K Z     push_s         r0: sw [01f21480] <= d16c923d : (w0) r28 <= 0x01f21480 *
43207                      [00b2c052] 240a3f8c 0216b3bc  K Z     mov            sp,0216b3bc : (w0) r28 <= 0x0216b3bc *
43208                      [00b2c05a] c3c1               K Z     pop_s          r3: lw [0216b3bc] => aee7a881 : (w0) r28 <= 0x0216b3c0 : (w1) r3 <= 0xaee7a881 *
43370                      [00b2c05c] 240a3f81 021e6df4  K Z     mov            sp,021e6df4 : (w0) r28 <= 0x021e6df4 *
43371                      [00b2c064] c2e1               K Z     push_s         r2: sw [021e6df0] <= d0b6ba23 : (w0) r28 <= 0x021e6df0 *
43532                      [00b2c066] 20e00f82 00bfba0c  K Z     j.ne           [00bfba0c]
43533                      [00b2c06e] 24e02f84 00bfba0c  K Z     j.mi           [00bfba0c]
43534                      [00b2c076] 24e01f85 00bfba0c  K Z     j.cs           [00bfba0c]
43538                      [00b2c07e] 22e02f87 00bfba0c  K Z     j.vs           [00bfba0c]
43702                      [00b2c086] 16007011 613f7394  K Z     ld             r17,[613f7394]: lw [613f7394] => 00000000 : (w1) r17 <= 0x00000000 *
43707                      [00b2c08e] 2102afbe 00000000  K Z     sub.f          0,r17,00000000 *
43709                      [00b2c096] 21e03f82 00bfba0c  K Z     j.ne           [00bfba0c]
43712                      [00b2c09e] 16007011 05509a04  K Z     ld             r17,[05509a04]: lw [05509a04] => 1889e951 : (w1) r17 <= 0x1889e951 *
43877                      [00b2c0a6] 2102afbe 1889e951  K Z     sub.f          0,r17,1889e951 *
43879                      [00b2c0ae] 22e00f82 00bfba0c  K Z     j.ne           [00bfba0c]
43882                      [00b2c0b6] 16007017 05b059f4  K Z     ld             r23,[05b059f4]: lw [05b059f4] => 00000000 : (w1) r23 <= 0x00000000 *
43887                      [00b2c0be] 2702afbe 00000000  K Z     sub.f          0,r23,00000000 *
44049                      [00b2c0c6] 27e02f82 00bfba0c  K Z     j.ne           [00bfba0c]
44052                      [00b2c0ce] 16007009 00097118  K Z     ld             r9,[00097118]: lw [00097118] => 00000000 : (w1) r9 <= 0x00000000 *
44057                      [00b2c0d6] 21029fbe 00000000  K Z     sub.f          0,r9,00000000 *
44059                      [00b2c0de] 23e03f82 00bfba0c  K Z     j.ne           [00bfba0c]
44222                      [00b2c0e6] 16007010 00141cb4  K Z     ld             r16,[00141cb4]: lw [00141cb4] => be72dc5b : (w1) r16 <= 0xbe72dc5b *
44227                      [00b2c0ee] 2002afbe be72dc5b  K Z     sub.f          0,r16,be72dc5b *
44229                      [00b2c0f6] 20e02f82 00bfba0c  K Z     j.ne           [00bfba0c]
44232                      [00b2c0fe] 16007011 34cfd89c  K Z     ld             r17,[34cfd89c]: lw [34cfd89c] => be72dc5b : (w1) r17 <= 0xbe72dc5b *
44397                      [00b2c106] 2102afbe be72dc5b  K Z     sub.f          0,r17,be72dc5b *
44399                      [00b2c10e] 25e02f82 00bfba0c  K Z     j.ne           [00bfba0c]
44402                      [00b2c116] 16007010 37ca62cc  K Z     ld             r16,[37ca62cc]: lw [37ca62cc] => 221fe2d4 : (w1) r16 <= 0x221fe2d4 *
44407                      [00b2c11e] 2002afbe 221fe2d4  K Z     sub.f          0,r16,221fe2d4 *
44569                      [00b2c126] 23e01f82 00bfba0c  K Z     j.ne           [00bfba0c]
44572                      [00b2c12e] 16007005 44d0f648  K Z     ld             r5,[44d0f648]: lw [44d0f648] => 36a6a16e : (w1) r5 <= 0x36a6a16e *
44577                      [00b2c136] 25028fbe 36a6a16e  K Z     sub.f          0,r5,36a6a16e *
44579                      [00b2c13e] 21e03f82 00bfba0c  K Z     j.ne           [00bfba0c]
44742                      [00b2c146] 16007018 0e8f0be4  K Z     ld             r24,[0e8f0be4]: lw [0e8f0be4] => 36a6a16e : (w1) r24 <= 0x36a6a16e *
44747                      [00b2c14e] 2002bfbe 36a6a16e  K Z     sub.f          0,r24,36a6a16e *
44749                      [00b2c156] 27e03f82 00bfba0c  K Z     j.ne           [00bfba0c]
44752                      [00b2c15e] 16007015 10d669b4  K Z     ld             r21,[10d669b4]: lw [10d669b4] => 0a29169c : (w1) r21 <= 0x0a29169c *
44917                      [00b2c166] 2502afbe 0a29169c  K Z     sub.f          0,r21,0a29169c *
44919                      [00b2c16e] 22e03f82 00bfba0c  K Z     j.ne           [00bfba0c]
44922                      [00b2c176] 1600700a 001fe780  K Z     ld             r10,[001fe780]: lw [001fe780] => 36a6a16e : (w1) r10 <= 0x36a6a16e *
44927                      [00b2c17e] 22029fbe 36a6a16e  K Z     sub.f          0,r10,36a6a16e *
45089                      [00b2c186] 27e02f82 00bfba0c  K Z     j.ne           [00bfba0c]
45092                      [00b2c18e] 16007018 003d94e8  K Z     ld             r24,[003d94e8]: lw [003d94e8] => 0a29169c : (w1) r24 <= 0x0a29169c *
45097                      [00b2c196] 2002bfbe 0a29169c  K Z     sub.f          0,r24,0a29169c *
45099                      [00b2c19e] 22e01f82 00bfba0c  K Z     j.ne           [00bfba0c]
45262                      [00b2c1a6] 1600700d 0040be7c  K Z     ld             r13,[0040be7c]: lw [0040be7c] => 8b937073 : (w1) r13 <= 0x8b937073 *
45267                      [00b2c1ae] 25029fbe 8b937073  K Z     sub.f          0,r13,8b937073 *
45269                      [00b2c1b6] 22e00f82 00bfba0c  K Z     j.ne           [00bfba0c]
45272                      [00b2c1be] 16007018 00433294  K Z     ld             r24,[00433294]: lw [00433294] => fbee3597 : (w1) r24 <= 0xfbee3597 *
45437                      [00b2c1c6] 2002bfbe fbee3597  K Z     sub.f          0,r24,fbee3597 *
45439                      [00b2c1ce] 21e00f82 00bfba0c  K Z     j.ne           [00bfba0c]
45442                      [00b2c1d6] 16007009 0046146c  K Z     ld             r9,[0046146c]: lw [0046146c] => 176bc34c : (w1) r9 <= 0x176bc34c *
45447                      [00b2c1de] 21029fbe 176bc34c  K Z     sub.f          0,r9,176bc34c *
45609                      [00b2c1e6] 21e00f82 00bfba0c  K Z     j.ne           [00bfba0c]
45612                      [00b2c1ee] 1600700b 004fbed8  K Z     ld             r11,[004fbed8]: lw [004fbed8] => 176bc34c : (w1) r11 <= 0x176bc34c *
45617                      [00b2c1f6] 23029fbe 176bc34c  K Z     sub.f          0,r11,176bc34c *
45619                      [00b2c1fe] 21e01f82 00bfba0c  K Z     j.ne           [00bfba0c]
45782                      [00b2c206] 1600701a 0b4fe290  K Z     ld             gp,[0b4fe290]: lw [0b4fe290] => e27b5e4b : (w1) r26 <= 0xe27b5e4b *
45787                      [00b2c20e] 2202bfbe e27b5e4b  K Z     sub.f          0,gp,e27b5e4b *
45789                      [00b2c216] 24e00f82 00bfba0c  K Z     j.ne           [00bfba0c]
45792                      [00b2c21e] 16007008 0b4fe28c  K Z     ld             r8,[0b4fe28c]: lw [0b4fe28c] => e27b5e4b : (w1) r8 <= 0xe27b5e4b *
45957                      [00b2c226] 20029fbe e27b5e4b  K Z     sub.f          0,r8,e27b5e4b *
45959                      [00b2c22e] 27e00f82 00bfba0c  K Z     j.ne           [00bfba0c]
45962                      [00b2c236] 1600700e 0dc3b15c  K Z     ld             r14,[0dc3b15c]: lw [0dc3b15c] => 8b937073 : (w1) r14 <= 0x8b937073 *
45967                      [00b2c23e] 26029fbe 8b937073  K Z     sub.f          0,r14,8b937073 *
46129                      [00b2c246] 20e03f82 00bfba0c  K Z     j.ne           [00bfba0c]
46132                      [00b2c24e] 1600700d 05e86864  K Z     ld             r13,[05e86864]: lw [05e86864] => 8b937073 : (w1) r13 <= 0x8b937073 *
46137                      [00b2c256] 25029fbe 8b937073  K Z     sub.f          0,r13,8b937073 *
46139                      [00b2c25e] 26e02f82 00bfba0c  K Z     j.ne           [00bfba0c]
46302                      [00b2c266] 16007019 095170b0  K Z     ld             r25,[095170b0]: lw [095170b0] => 8b937073 : (w1) r25 <= 0x8b937073 *
46307                      [00b2c26e] 2102bfbe 8b937073  K Z     sub.f          0,r25,8b937073 *
46309                      [00b2c276] 25e00f82 00bfba0c  K Z     j.ne           [00bfba0c]
46312                      [00b2c27e] 1600700c 4bf8f2a0  K Z     ld             r12,[4bf8f2a0]: lw [4bf8f2a0] => 37b4a0b7 : (w1) r12 <= 0x37b4a0b7 *
46477                      [00b2c286] 24029fbe 37b4a0b7  K Z     sub.f          0,r12,37b4a0b7 *
46479                      [00b2c28e] 21e02f82 00bfba0c  K Z     j.ne           [00bfba0c]
46482                      [00b2c296] 16007007 531271fc  K Z     ld             r7,[531271fc]: lw [531271fc] => 19b6a9fb : (w1) r7 <= 0x19b6a9fb *
46487                      [00b2c29e] 27028fbe 19b6a9fb  K Z     sub.f          0,r7,19b6a9fb *
46649                      [00b2c2a6] 23e01f82 00bfba0c  K Z     j.ne           [00bfba0c]
46652                      [00b2c2ae] 16007006 1c8f5624  K Z     ld             r6,[1c8f5624]: lw [1c8f5624] => 64ecc91e : (w1) r6 <= 0x64ecc91e *
46657                      [00b2c2b6] 26028fbe 64ecc91e  K Z     sub.f          0,r6,64ecc91e *
46659                      [00b2c2be] 20e02f82 00bfba0c  K Z     j.ne           [00bfba0c]
46822                      [00b2c2c6] 1600700e 1a948be4  K Z     ld             r14,[1a948be4]: lw [1a948be4] => 64ecc91e : (w1) r14 <= 0x64ecc91e *
46827                      [00b2c2ce] 26029fbe 64ecc91e  K Z     sub.f          0,r14,64ecc91e *
46829                      [00b2c2d6] 21e02f82 00bfba0c  K Z     j.ne           [00bfba0c]
46832                      [00b2c2de] 16007012 1bdcbb44  K Z     ld             r18,[1bdcbb44]: lw [1bdcbb44] => 949a620b : (w1) r18 <= 0x949a620b *
46997                      [00b2c2e6] 2202afbe 949a620b  K Z     sub.f          0,r18,949a620b *
46999                      [00b2c2ee] 23e02f82 00bfba0c  K Z     j.ne           [00bfba0c]
47002                      [00b2c2f6] 16007004 245a1fd8  K Z     ld             r4,[245a1fd8]: lw [245a1fd8] => 0ff831fd : (w1) r4 <= 0x0ff831fd *
47007                      [00b2c2fe] 24028fbe 0ff831fd  K Z     sub.f          0,r4,0ff831fd *
47169                      [00b2c306] 27e02f82 00bfba0c  K Z     j.ne           [00bfba0c]
47172                      [00b2c30e] 16007010 2be580dc  K Z     ld             r16,[2be580dc]: lw [2be580dc] => 589acd0c : (w1) r16 <= 0x589acd0c *
47177                      [00b2c316] 2002afbe 589acd0c  K Z     sub.f          0,r16,589acd0c *
47179                      [00b2c31e] 22e02f82 00bfba0c  K Z     j.ne           [00bfba0c]
47342                      [00b2c326] 16007007 00781db0  K Z     ld             r7,[00781db0]: lw [00781db0] => 0ff831fd : (w1) r7 <= 0x0ff831fd *
47347                      [00b2c32e] 27028fbe 0ff831fd  K Z     sub.f          0,r7,0ff831fd *
47349                      [00b2c336] 25e02f82 00bfba0c  K Z     j.ne           [00bfba0c]
47352                      [00b2c33e] 16007016 0084e688  K Z     ld             r22,[0084e688]: lw [0084e688] => 3c547a89 : (w1) r22 <= 0x3c547a89 *
47517                      [00b2c346] 2602afbe 3c547a89  K Z     sub.f          0,r22,3c547a89 *
47519                      [00b2c34e] 26e02f82 00bfba0c  K Z     j.ne           [00bfba0c]
47522                      [00b2c356] 1600700e 0094cc08  K Z     ld             r14,[0094cc08]: lw [0094cc08] => 0ff831fd : (w1) r14 <= 0x0ff831fd *
47527                      [00b2c35e] 26029fbe 0ff831fd  K Z     sub.f          0,r14,0ff831fd *
47689                      [00b2c366] 23e00f82 00bfba0c  K Z     j.ne           [00bfba0c]
47692                      [00b2c36e] 1600700a 00b61a60  K Z     ld             r10,[00b61a60]: lw [00b61a60] => 5aff89d5 : (w1) r10 <= 0x5aff89d5 *
47697                      [00b2c376] 22029fbe 5aff89d5  K Z     sub.f          0,r10,5aff89d5 *
47699                      [00b2c37e] 21e03f82 00bfba0c  K Z     j.ne           [00bfba0c]
47862                      [00b2c386] 16007004 010010f4  K Z     ld             r4,[010010f4]: lw [010010f4] => 3c547a89 : (w1) r4 <= 0x3c547a89 *
47867                      [00b2c38e] 24028fbe 3c547a89  K Z     sub.f          0,r4,3c547a89 *
47869                      [00b2c396] 23e02f82 00bfba0c  K Z     j.ne           [00bfba0c]
47872                      [00b2c39e] 16007010 01421c00  K Z     ld             r16,[01421c00]: lw [01421c00] => a33ab990 : (w1) r16 <= 0xa33ab990 *
48037                      [00b2c3a6] 2002afbe a33ab990  K Z     sub.f          0,r16,a33ab990 *
48039                      [00b2c3ae] 27e00f82 00bfba0c  K Z     j.ne           [00bfba0c]
48042                      [00b2c3b6] 16007005 01421bfc  K Z     ld             r5,[01421bfc]: lw [01421bfc] => 5ffb9877 : (w1) r5 <= 0x5ffb9877 *
48047                      [00b2c3be] 25028fbe 5ffb9877  K Z     sub.f          0,r5,5ffb9877 *
48209                      [00b2c3c6] 26e01f82 00bfba0c  K Z     j.ne           [00bfba0c]
48212                      [00b2c3ce] 16007004 00bc3350  K Z     ld             r4,[00bc3350]: lw [00bc3350] => 5c93dd26 : (w1) r4 <= 0x5c93dd26 *
48217                      [00b2c3d6] 24028fbe 5c93dd26  K Z     sub.f          0,r4,5c93dd26 *
48219                      [00b2c3de] 27e00f82 00bfba0c  K Z     j.ne           [00bfba0c]
48382                      [00b2c3e6] 16007014 00bdfe90  K Z     ld             r20,[00bdfe90]: lw [00bdfe90] => 241f6a86 : (w1) r20 <= 0x241f6a86 *
48387                      [00b2c3ee] 2402afbe 241f6a86  K Z     sub.f          0,r20,241f6a86 *
48389                      [00b2c3f6] 27e02f82 00bfba0c  K Z     j.ne           [00bfba0c]
48392                      [00b2c3fe] 16007004 00bf2d88  K Z     ld             r4,[00bf2d88]: lw [00bf2d88] => 3c547a89 : (w1) r4 <= 0x3c547a89 *
48557                      [00b2c406] 24028fbe 3c547a89  K Z     sub.f          0,r4,3c547a89 *
48559                      [00b2c40e] 22e01f82 00bfba0c  K Z     j.ne           [00bfba0c]
48562                      [00b2c416] 16007013 00bf9d14  K Z     ld             r19,[00bf9d14]: lw [00bf9d14] => 5af249fb : (w1) r19 <= 0x5af249fb *
48567                      [00b2c41e] 2302afbe 5af249fb  K Z     sub.f          0,r19,5af249fb *
48729                      [00b2c426] 25e01f82 00bfba0c  K Z     j.ne           [00bfba0c]
48732                      [00b2c42e] 1600700f 00cc8154  K Z     ld             r15,[00cc8154]: lw [00cc8154] => d0b6ba23 : (w1) r15 <= 0xd0b6ba23 *
48737                      [00b2c436] 27029fbe d0b6ba23  K Z     sub.f          0,r15,d0b6ba23 *
48739                      [00b2c43e] 26e07f82 00bfba0c  K Z     j.ne           [00bfba0c]
48902                      [00b2c446] 16007010 00de5ce8  K Z     ld             r16,[00de5ce8]: lw [00de5ce8] => 2ff521da : (w1) r16 <= 0x2ff521da *
48907                      [00b2c44e] 2002afbe 2ff521da  K Z     sub.f          0,r16,2ff521da *
48909                      [00b2c456] 22e02f82 00bfba0c  K Z     j.ne           [00bfba0c]
48912                      [00b2c45e] 16007019 00e930d4  K Z     ld             r25,[00e930d4]: lw [00e930d4] => 958c586e : (w1) r25 <= 0x958c586e *
49077                      [00b2c466] 2102bfbe 958c586e  K Z     sub.f          0,r25,958c586e *
49079                      [00b2c46e] 25e02f82 00bfba0c  K Z     j.ne           [00bfba0c]
49082                      [00b2c476] 16007019 00ee875c  K Z     ld             r25,[00ee875c]: lw [00ee875c] => d0b6ba23 : (w1) r25 <= 0xd0b6ba23 *
49087                      [00b2c47e] 2102bfbe d0b6ba23  K Z     sub.f          0,r25,d0b6ba23 *
49249                      [00b2c486] 25e00f82 00bfba0c  K Z     j.ne           [00bfba0c]
49252                      [00b2c48e] 1600701a 015c167c  K Z     ld             gp,[015c167c]: lw [015c167c] => d0b6ba23 : (w1) r26 <= 0xd0b6ba23 *
49257                      [00b2c496] 2202bfbe d0b6ba23  K Z     sub.f          0,gp,d0b6ba23 *
49259                      [00b2c49e] 21e00f82 00bfba0c  K Z     j.ne           [00bfba0c]
49422                      [00b2c4a6] 16007014 01e3f948  K Z     ld             r20,[01e3f948]: lw [01e3f948] => b20b20f7 : (w1) r20 <= 0xb20b20f7 *
49427                      [00b2c4ae] 2402afbe b20b20f7  K Z     sub.f          0,r20,b20b20f7 *
49429                      [00b2c4b6] 26e07f82 00bfba0c  K Z     j.ne           [00bfba0c]
49432                      [00b2c4be] 1600700e 21b28b84  K Z     ld             r14,[21b28b84]: lw [21b28b84] => 2c56ef96 : (w1) r14 <= 0x2c56ef96 *
49597                      [00b2c4c6] 26029fbe 2c56ef96  K Z     sub.f          0,r14,2c56ef96 *
49599                      [00b2c4ce] 23e00f82 00bfba0c  K Z     j.ne           [00bfba0c]
49602                      [00b2c4d6] 16007010 219548e0  K Z     ld             r16,[219548e0]: lw [219548e0] => d0b6ba23 : (w1) r16 <= 0xd0b6ba23 *
49607                      [00b2c4de] 2002afbe d0b6ba23  K Z     sub.f          0,r16,d0b6ba23 *
49769                      [00b2c4e6] 21e02f82 00bfba0c  K Z     j.ne           [00bfba0c]
49772                      [00b2c4ee] 16007007 01f21480  K Z     ld             r7,[01f21480]: lw [01f21480] => d16c923d : (w1) r7 <= 0xd16c923d *
49777                      [00b2c4f6] 27028fbe d16c923d  K Z     sub.f          0,r7,d16c923d *
49779                      [00b2c4fe] 27e03f82 00bfba0c  K Z     j.ne           [00bfba0c]
50070                      [00b2c506] 1600701a 021e6df0  K Z     ld             gp,[021e6df0]: lw [021e6df0] => d0b6ba23 : (w1) r26 <= 0xd0b6ba23 *
50075                      [00b2c50e] 2202bfbe d0b6ba23  K Z     sub.f          0,gp,d0b6ba23 *
50077                      [00b2c516] 26e01f82 00bfba0c  K Z     j.ne           [00bfba0c]
50080                      [00b2c51e] 2402bfbe 021e6df0  K Z     sub.f          0,sp,021e6df0 *
50244                      [00b2c526] 26e02f82 00bfba0c  K Z     j.ne           [00bfba0c]
50247                      [00b2c52e] 22028fbe d0b6ba23  K Z     sub.f          0,r2,d0b6ba23 *
50251                      [00b2c536] 25e00f82 00bfba0c  K Z     j.ne           [00bfba0c]
50254                      [00b2c53e] 20028fbe d16c923d  K Z     sub.f          0,r0,d16c923d *
50418                      [00b2c546] 20e00f82 00bfba0c  K Z     j.ne           [00bfba0c]
50421                      [00b2c54e] 21028fbe a58da119  K Z     sub.f          0,r1,a58da119 *
50425                      [00b2c556] 25e01f82 00bfba0c  K Z     j.ne           [00bfba0c]
50428                      [00b2c55e] 23028fbe aee7a881  K Z     sub.f          0,r3,aee7a881 *
50592                      [00b2c566] 22e01f82 00bfba0c  K Z     j.ne           [00bfba0c]
50595                      [00b2c56e] 250a3f83 00000000  K Z     mov            ilink1,00000000 : (w0) r29 <= 0x00000000 *
50599                      [00b2c576] 260a3f85 00000000  K Z     mov            ilink2,00000000 : (w0) r30 <= 0x00000000 *
50602                      [00b2c57e] 1e007760 151dac20  K Z     st.di          ilink1,[151dac20]: sw [151dac20] <= 00000000 *
50828                      [00b2c586] 262a2f94 0000000a  K Z     lr             r22,[0000000a]: aux[0x0a] => 800 : (w0) r22 <= 0x00000800 *
50829                      [00b2c58e] 26042f85 00000ff9  K Z     and            r5,r22,00000ff9 : (w0) r5 <= 0x00000800 *
50830                      [00b2c596] 24293143           K Z     flag           [r5] *
50831                      [00b2c59a] 16007805 00bbce00  K Z     ld.di          r5,[00bbce00]: lw [00bbce00] => 00000000 : (w1) r5 <= 0x00000000 *
51090                      [00b2c5a2] 202a0fbe 0000040a  K Z     lr             r0,[0000040a]: aux[0x40a] => 00 : (w0) r0 <= 0x00000000 *
51091                      [00b2c5aa] 2502803e           K Z     sub.f          0,r5,r0 *
51092                      [00b2c5ae] 24e01f82 00bfba0c  K Z     j.ne           [00bfba0c]
51093                      [00b2c5b6] 16007805 0294bd50  K Z     ld.di          r5,[0294bd50]: lw [0294bd50] => 00000000 : (w1) r5 <= 0x00000000 *
51193                      [00b2c5be] 202a0f96 0000040b  K Z     lr             r0,[0000040b]: aux[0x40b] => 00 : (w0) r0 <= 0x00000000 *
51388                      [00b2c5c6] 2502803e           K Z     sub.f          0,r5,r0 *
51390                      [00b2c5ca] 27e03f82 00bfba0c  K Z     j.ne           [00bfba0c]
51393                      [00b2c5d2] 24292580           K Z     flag           [r22] *
51396                      [00b2c5d6] 250a8f95 00000000  K Z     mov            r5,00000000 : (w0) r5 <= 0x00000000 *
51399                      [00b2c5de] 200a8f96 00000000  K Z     mov            r0,00000000 : (w0) r0 <= 0x00000000 *
51562                      [00b2c5e6] 260aaf91 00000000  K Z     mov            r22,00000000 : (w0) r22 <= 0x00000000 *
51565                      [00b2c5ee] 2702ffbe 00b2c5ec  K Z     sub.f          0,pcl,00b2c5ec *
51568                      [00b2c5f6] 21e03f82 00bfba0c  K Z     j.ne           [00bfba0c]
51571                      [00b2c5fe] 16007813 00087138  K Z     ld.di          r19,[00087138]: lw [00087138] => 00000000 : (w1) r19 <= 0x00000000 *
51831                      [00b2c606] 2302afbe 00000000  K Z     sub.f          0,r19,00000000 *
51833                      [00b2c60e] 26e01f82 00bfba0c  K Z     j.ne           [00bfba0c]
51834                      [00b2c616] 1600781c 00087248  K Z     ld.di          sp,[00087248]: lw [00087248] => 00000000 : (w1) r28 <= 0x00000000 *
51934                      [00b2c61e] 2402bfbe 00000000  K Z     sub.f          0,sp,00000000 *
52129                      [00b2c626] 22e03f82 00bfba0c  K Z     j.ne           [00bfba0c]
52132                      [00b2c62e] 16007801 00087250  K Z     ld.di          r1,[00087250]: lw [00087250] => 00000000 : (w1) r1 <= 0x00000000 *
52232                      [00b2c636] 21028fbe 00000000  K Z     sub.f          0,r1,00000000 *
52234                      [00b2c63e] 22e03f82 00bfba0c  K Z     j.ne           [00bfba0c]
52302                      [00b2c646] 1600781b 00087240  K Z     ld.di          fp,[00087240]: lw [00087240] => 00000000 : (w1) r27 <= 0x00000000 *
52402                      [00b2c64e] 2302bfbe 00000000  K Z     sub.f          0,fp,00000000 *
52404                      [00b2c656] 23e00f82 00bfba0c  K Z     j.ne           [00bfba0c]
52405                      [00b2c65e] 16007814 00087228  K Z     ld.di          r20,[00087228]: lw [00087228] => 00000000 : (w1) r20 <= 0x00000000 *
52665                      [00b2c666] 2402afbe 00000000  K Z     sub.f          0,r20,00000000 *
52667                      [00b2c66e] 25e01f82 00bfba0c  K Z     j.ne           [00bfba0c]
52668                      [00b2c676] 23e01f80 66762e8c  K Z     j              [66762e8c] *
52672                      [66762e8c] 240abf96 010040a9  K Z     mov            sp,010040a9 : (w0) r28 <= 0x010040a9 *
52835                      [66762e94] 240a3f86 010040a8  K       mov            sp,010040a8 : (w0) r28 <= 0x010040a8 *
52837                      [66762e9c] c0e1               K       push_s         r0: sw [010040a4] <= 00000000 : (w0) r28 <= 0x010040a4 *
52838                      [66762e9e] 240a3f9a 02239734  K       mov            sp,02239734 : (w0) r28 <= 0x02239734 *
53001                      [66762ea6] c2c1               K       pop_s          r2: lw [02239734] => 447ca621 : (w0) r28 <= 0x02239738 : (w1) r2 <= 0x447ca621 *
53163                      [66762ea8] 240a3f80 0231d168  K       mov            sp,0231d168 : (w0) r28 <= 0x0231d168 *
53164                      [66762eb0] c3e1               K       push_s         r3: sw [0231d164] <= aee7a881 : (w0) r28 <= 0x0231d164 *
53325                      [66762eb2] 240a3f9b 028b159c  K       mov            sp,028b159c : (w0) r28 <= 0x028b159c *
53326                      [66762eba] c1c1               K       pop_s          r1: lw [028b159c] => 30599330 : (w0) r28 <= 0x028b15a0 : (w1) r1 <= 0x30599330 *
53488                      [66762ebc] 240a3f84 0006a958  K       mov            sp,0006a958 : (w0) r28 <= 0x0006a958 *
53489                      [66762ec4] c2e1               K       push_s         r2: sw [0006a954] <= 447ca621 : (w0) r28 <= 0x0006a954 *
53650                      [66762ec6] 240a3f89 000700c0  K       mov            sp,000700c0 : (w0) r28 <= 0x000700c0 *
53651                      [66762ece] c1c1               K       pop_s          r1: lw [000700c0] => d1684d47 : (w0) r28 <= 0x000700c4 : (w1) r1 <= 0xd1684d47 *
53813                      [66762ed0] 26abf241 012050b8  K       sr.f           012050b8,0x49: aux[0x49] => 12050b8 *
53814                      [66762ed8] 240a3f97 000780e0  K       mov            sp,000780e0 : (w0) r28 <= 0x000780e0 *
53815                      [66762ee0] c2e1               K       push_s         r2: sw [000780dc] <= 447ca621 : (w0) r28 <= 0x000780dc *
53976                      [66762ee2] 240a3f93 0007af34  K       mov            sp,0007af34 : (w0) r28 <= 0x0007af34 *
53977                      [66762eea] c2c1               K       pop_s          r2: lw [0007af34] => 12529c36 : (w0) r28 <= 0x0007af38 : (w1) r2 <= 0x12529c36 *
54139                      [66762eec] 26ab7241 01407005  K       sr             01407005,0x49: aux[0x49] => 1407005 *
54140                      [66762ef4] 240a3f87 00019b04  K       mov            sp,00019b04 : (w0) r28 <= 0x00019b04 *
54141                      [66762efc] c2e1               K       push_s         r2: sw [00019b00] <= 12529c36 : (w0) r28 <= 0x00019b00 *
54302                      [66762efe] 240a3f8b 0004d008  K       mov            sp,0004d008 : (w0) r28 <= 0x0004d008 *
54305                      [66762f06] c2c1               K       pop_s          r2: lw [0004d008] => 0dd22140 : (w0) r28 <= 0x0004d00c : (w1) r2 <= 0x0dd22140 *
54467                      [66762f08] 240a3f90 00004170  K       mov            sp,00004170 : (w0) r28 <= 0x00004170 *
54468                      [66762f10] c0e1               K       push_s         r0: sw [0000416c] <= 00000000 : (w0) r28 <= 0x0000416c *
54629                      [66762f12] 240a3f8a 00013cb0  K       mov            sp,00013cb0 : (w0) r28 <= 0x00013cb0 *
54630                      [66762f1a] c0c1               K       pop_s          r0: lw [00013cb0] => a0918673 : (w0) r28 <= 0x00013cb4 : (w1) r0 <= 0xa0918673 *
54792                      [66762f1c] 240a3f83 1520d49c  K       mov            sp,1520d49c : (w0) r28 <= 0x1520d49c *
54793                      [66762f24] c2e1               K       push_s         r2: sw [1520d498] <= 0dd22140 : (w0) r28 <= 0x1520d498 *
54954                      [66762f26] 240a3f9a 152916f8  K       mov            sp,152916f8 : (w0) r28 <= 0x152916f8 *
54955                      [66762f2e] c1c1               K       pop_s          r1: lw [152916f8] => 417539e5 : (w0) r28 <= 0x152916fc : (w1) r1 <= 0x417539e5 *
55117                      [66762f30] 240a3f80 16a3a2a4  K       mov            sp,16a3a2a4 : (w0) r28 <= 0x16a3a2a4 *
55118                      [66762f38] c1e1               K       push_s         r1: sw [16a3a2a0] <= 417539e5 : (w0) r28 <= 0x16a3a2a0 *
55279                      [66762f3a] 240a3f80 18b3a55c  K       mov            sp,18b3a55c : (w0) r28 <= 0x18b3a55c *
55280                      [66762f42] c2c1               K       pop_s          r2: lw [18b3a55c] => 9f88f472 : (w0) r28 <= 0x18b3a560 : (w1) r2 <= 0x9f88f472 *
55442                      [66762f44] 240a3f8c 19ab212c  K       mov            sp,19ab212c : (w0) r28 <= 0x19ab212c *
55443                      [66762f4c] c2e1               K       push_s         r2: sw [19ab2128] <= 9f88f472 : (w0) r28 <= 0x19ab2128 *
55604                      [66762f4e] 240a3fbe 1a5c8c50  K       mov            sp,1a5c8c50 : (w0) r28 <= 0x1a5c8c50 *
55605                      [66762f56] c0c1               K       pop_s          r0: lw [1a5c8c50] => 7f1a2e38 : (w0) r28 <= 0x1a5c8c54 : (w1) r0 <= 0x7f1a2e38 *
55767                      [66762f58] 240a3f8b 1a77ed88  K       mov            sp,1a77ed88 : (w0) r28 <= 0x1a77ed88 *
55768                      [66762f60] c2e1               K       push_s         r2: sw [1a77ed84] <= 9f88f472 : (w0) r28 <= 0x1a77ed84 *
55929                      [66762f62] 240a3f99 1a88431c  K       mov            sp,1a88431c : (w0) r28 <= 0x1a88431c *
55930                      [66762f6a] c2c1               K       pop_s          r2: lw [1a88431c] => ec106e37 : (w0) r28 <= 0x1a884320 : (w1) r2 <= 0xec106e37 *
56092                      [66762f6c] 240a3f99 2f989914  K       mov            sp,2f989914 : (w0) r28 <= 0x2f989914 *
56093                      [66762f74] c1e1               K       push_s         r1: sw [2f989910] <= 417539e5 : (w0) r28 <= 0x2f989910 *
56382                      [66762f76] 240a3f86 2fe743d4  K       mov            sp,2fe743d4 : (w0) r28 <= 0x2fe743d4 *
56383                      [66762f7e] c1c1               K       pop_s          r1: lw [2fe743d4] => afcfcd92 : (w0) r28 <= 0x2fe743d8 : (w1) r1 <= 0xafcfcd92 *
56545                      [66762f80] 240a3f94 3016aec4  K       mov            sp,3016aec4 : (w0) r28 <= 0x3016aec4 *
56546                      [66762f88] c0e1               K       push_s         r0: sw [3016aec0] <= 7f1a2e38 : (w0) r28 <= 0x3016aec0 *
56707                      [66762f8a] 240a3f94 3018a42c  K       mov            sp,3018a42c : (w0) r28 <= 0x3018a42c *
56708                      [66762f92] c0c1               K       pop_s          r0: lw [3018a42c] => 5fc9717b : (w0) r28 <= 0x3018a430 : (w1) r0 <= 0x5fc9717b *
56870                      [66762f94] 240a3f83 30485738  K       mov            sp,30485738 : (w0) r28 <= 0x30485738 *
56871                      [66762f9c] c2e1               K       push_s         r2: sw [30485734] <= ec106e37 : (w0) r28 <= 0x30485734 *
57032                      [66762f9e] 240a3f89 3196b25c  K       mov            sp,3196b25c : (w0) r28 <= 0x3196b25c *
57033                      [66762fa6] c2c1               K       pop_s          r2: lw [3196b25c] => f3daad5d : (w0) r28 <= 0x3196b260 : (w1) r2 <= 0xf3daad5d *
57195                      [66762fa8] 240a3f82 32489c64  K       mov            sp,32489c64 : (w0) r28 <= 0x32489c64 *
57196                      [66762fb0] c2e1               K       push_s         r2: sw [32489c60] <= f3daad5d : (w0) r28 <= 0x32489c60 *
57357                      [66762fb2] 240a3f99 32c59a78  K       mov            sp,32c59a78 : (w0) r28 <= 0x32c59a78 *
57358                      [66762fba] c0c1               K       pop_s          r0: lw [32c59a78] => 34b78b7a : (w0) r28 <= 0x32c59a7c : (w1) r0 <= 0x34b78b7a *
57520                      [66762fbc] 240a3f9a 55f675cc  K       mov            sp,55f675cc : (w0) r28 <= 0x55f675cc *
57521                      [66762fc4] c1e1               K       push_s         r1: sw [55f675c8] <= afcfcd92 : (w0) r28 <= 0x55f675c8 *
57682                      [66762fc6] 26ab7241 01306080  K       sr             01306080,0x49: aux[0x49] => 1306080 *
57683                      [66762fce] 240a3f8a 560ad0b4  K       mov            sp,560ad0b4 : (w0) r28 <= 0x560ad0b4 *
57684                      [66762fd6] c0c1               K       pop_s          r0: lw [560ad0b4] => f3bee105 : (w0) r28 <= 0x560ad0b8 : (w1) r0 <= 0xf3bee105 *
57846                      [66762fd8] 240a3f83 56612434  K       mov            sp,56612434 : (w0) r28 <= 0x56612434 *
57847                      [66762fe0] c0e1               K       push_s         r0: sw [56612430] <= f3bee105 : (w0) r28 <= 0x56612430 *
58008                      [66762fe2] 240a3f8f 57854a88  K       mov            sp,57854a88 : (w0) r28 <= 0x57854a88 *
58009                      [66762fea] c2c1               K       pop_s          r2: lw [57854a88] => 3a24c61c : (w0) r28 <= 0x57854a8c : (w1) r2 <= 0x3a24c61c *
58171                      [66762fec] 240a3f9c 45100ee4  K       mov            sp,45100ee4 : (w0) r28 <= 0x45100ee4 *
58172                      [66762ff4] c1e1               K       push_s         r1: sw [45100ee0] <= afcfcd92 : (w0) r28 <= 0x45100ee0 *
58333                      [66762ff6] 240a3f92 45282e4c  K       mov            sp,45282e4c : (w0) r28 <= 0x45282e4c *
58334                      [66762ffe] c2c1               K       pop_s          r2: lw [45282e4c] => 9ae1335a : (w0) r28 <= 0x45282e50 : (w1) r2 <= 0x9ae1335a *
58496                      [66763000] 240a3f9a 4536da88  K       mov            sp,4536da88 : (w0) r28 <= 0x4536da88 *
58497                      [66763008] c1e1               K       push_s         r1: sw [4536da84] <= afcfcd92 : (w0) r28 <= 0x4536da84 *
58658                      [6676300a] 26ab7241 01407049  K       sr             01407049,0x49: aux[0x49] => 1407049 *
58659                      [66763012] 240a3f88 4566c02c  K       mov            sp,4566c02c : (w0) r28 <= 0x4566c02c *
58660                      [6676301a] c1c1               K       pop_s          r1: lw [4566c02c] => 5f88f00b : (w0) r28 <= 0x4566c030 : (w1) r1 <= 0x5f88f00b *
58822                      [6676301c] 240a3f81 6f3f32d8  K       mov            sp,6f3f32d8 : (w0) r28 <= 0x6f3f32d8 *
58823                      [66763024] c2e1               K       push_s         r2: sw [6f3f32d4] <= 9ae1335a : (w0) r28 <= 0x6f3f32d4 *
58984                      [66763026] 240a3fbe 76cff878  K       mov            sp,76cff878 : (w0) r28 <= 0x76cff878 *
58985                      [6676302e] c3c1               K       pop_s          r3: lw [76cff878] => 9af1d610 : (w0) r28 <= 0x76cff87c : (w1) r3 <= 0x9af1d610 *
59147                      [66763030] 240a3f86 7d1ca01c  K       mov            sp,7d1ca01c : (w0) r28 <= 0x7d1ca01c *
59148                      [66763038] c2e1               K       push_s         r2: sw [7d1ca018] <= 9ae1335a : (w0) r28 <= 0x7d1ca018 *
59309                      [6676303a] 240a3f93 7e732e0c  K       mov            sp,7e732e0c : (w0) r28 <= 0x7e732e0c *
59310                      [66763042] c2c1               K       pop_s          r2: lw [7e732e0c] => 37fd987d : (w0) r28 <= 0x7e732e10 : (w1) r2 <= 0x37fd987d *
59472                      [66763044] 240a3f85 02c51d44  K       mov            sp,02c51d44 : (w0) r28 <= 0x02c51d44 *
59473                      [6676304c] c0e1               K       push_s         r0: sw [02c51d40] <= f3bee105 : (w0) r28 <= 0x02c51d40 *
59634                      [6676304e] 26ab7241 0130602d  K       sr             0130602d,0x49: aux[0x49] => 130602d *
59635                      [66763056] c0e1               K       push_s         r0: sw [02c51d3c] <= f3bee105 : (w0) r28 <= 0x02c51d3c *
59796                      [66763058] 240a3f8b 02c78684  K       mov            sp,02c78684 : (w0) r28 <= 0x02c78684 *
59797                      [66763060] c3c1               K       pop_s          r3: lw [02c78684] => e998f512 : (w0) r28 <= 0x02c78688 : (w1) r3 <= 0xe998f512 *
59959                      [66763062] 240a3f90 02cb7e84  K       mov            sp,02cb7e84 : (w0) r28 <= 0x02cb7e84 *
59960                      [6676306a] c1e1               K       push_s         r1: sw [02cb7e80] <= 5f88f00b : (w0) r28 <= 0x02cb7e80 *
60121                      [6676306c] 240a3f98 02cccbf4  K       mov            sp,02cccbf4 : (w0) r28 <= 0x02cccbf4 *
60122                      [66763074] c2c1               K       pop_s          r2: lw [02cccbf4] => eedc940f : (w0) r28 <= 0x02cccbf8 : (w1) r2 <= 0xeedc940f *
60284                      [66763076] 240a3f9f 02f66704  K       mov            sp,02f66704 : (w0) r28 <= 0x02f66704 *
60285                      [6676307e] c1e1               K       push_s         r1: sw [02f66700] <= 5f88f00b : (w0) r28 <= 0x02f66700 *
60446                      [66763080] 240a3f8e 030b0b54  K       mov            sp,030b0b54 : (w0) r28 <= 0x030b0b54 *
60447                      [66763088] c2c1               K       pop_s          r2: lw [030b0b54] => ec5da95c : (w0) r28 <= 0x030b0b58 : (w1) r2 <= 0xec5da95c *
60609                      [6676308a] 26ab7241 012050f4  K       sr             012050f4,0x49: aux[0x49] => 12050f4 *
60610                      [66763092] 240a3f8a 03a5ee6c  K       mov            sp,03a5ee6c : (w0) r28 <= 0x03a5ee6c *
60611                      [6676309a] c3e1               K       push_s         r3: sw [03a5ee68] <= e998f512 : (w0) r28 <= 0x03a5ee68 *
60772                      [6676309c] 240a3f89 040047c0  K       mov            sp,040047c0 : (w0) r28 <= 0x040047c0 *
60774                      [667630a4] c3c1               K       pop_s          r3: lw [040047c0] => 592db614 : (w0) r28 <= 0x040047c4 : (w1) r3 <= 0x592db614 *
60936                      [667630a6] 240a3f93 55d3ede8  K       mov            sp,55d3ede8 : (w0) r28 <= 0x55d3ede8 *
60937                      [667630ae] c0e1               K       push_s         r0: sw [55d3ede4] <= f3bee105 : (w0) r28 <= 0x55d3ede4 *
61098                      [667630b0] 240a3f9b 55d4c138  K       mov            sp,55d4c138 : (w0) r28 <= 0x55d4c138 *
61099                      [667630b8] c0c1               K       pop_s          r0: lw [55d4c138] => e0b77a2a : (w0) r28 <= 0x55d4c13c : (w1) r0 <= 0xe0b77a2a *
61261                      [667630ba] 240a3f9c 55dfbdec  K       mov            sp,55dfbdec : (w0) r28 <= 0x55dfbdec *
61262                      [667630c2] c1e1               K       push_s         r1: sw [55dfbde8] <= 5f88f00b : (w0) r28 <= 0x55dfbde8 *
61423                      [667630c4] 240a3f90 55e98ef8  K       mov            sp,55e98ef8 : (w0) r28 <= 0x55e98ef8 *
61424                      [667630cc] c3c1               K       pop_s          r3: lw [55e98ef8] => 0f281926 : (w0) r28 <= 0x55e98efc : (w1) r3 <= 0x0f281926 *
61586                      [667630ce] 26ab7241 01004053  K       sr             01004053,0x49: aux[0x49] => 1004053 *
61587                      [667630d6] 240a3f92 589efbd0  K       mov            sp,589efbd0 : (w0) r28 <= 0x589efbd0 *
61588                      [667630de] c3e1               K       push_s         r3: sw [589efbcc] <= 0f281926 : (w0) r28 <= 0x589efbcc *
61749                      [667630e0] 240a3f81 5deb2770  K       mov            sp,5deb2770 : (w0) r28 <= 0x5deb2770 *
61751                      [667630e8] c3c1               K       pop_s          r3: lw [5deb2770] => 16401a74 : (w0) r28 <= 0x5deb2774 : (w1) r3 <= 0x16401a74 *
61913                      [667630ea] 240a3f80 6386240c  K       mov            sp,6386240c : (w0) r28 <= 0x6386240c *
61914                      [667630f2] c2e1               K       push_s         r2: sw [63862408] <= ec5da95c : (w0) r28 <= 0x63862408 *
62075                      [667630f4] 240a3f8b 6a37fe50  K       mov            sp,6a37fe50 : (w0) r28 <= 0x6a37fe50 *
62076                      [667630fc] c2c1               K       pop_s          r2: lw [6a37fe50] => 4291f6e0 : (w0) r28 <= 0x6a37fe54 : (w1) r2 <= 0x4291f6e0 *
62238                      [667630fe] 240a3f89 010bdbbc  K       mov            sp,010bdbbc : (w0) r28 <= 0x010bdbbc *
62239                      [66763106] c3e1               K       push_s         r3: sw [010bdbb8] <= 16401a74 : (w0) r28 <= 0x010bdbb8 *
62400                      [66763108] 240a3f87 013bd064  K       mov            sp,013bd064 : (w0) r28 <= 0x013bd064 *
62401                      [66763110] c0c1               K       pop_s          r0: lw [013bd064] => 29bc8079 : (w0) r28 <= 0x013bd068 : (w1) r0 <= 0x29bc8079 *
62563                      [66763112] 240a3f93 61336618  K       mov            sp,61336618 : (w0) r28 <= 0x61336618 *
62564                      [6676311a] c3e1               K       push_s         r3: sw [61336614] <= 16401a74 : (w0) r28 <= 0x61336614 *
62725                      [6676311c] 240a3f9a 619e8090  K       mov            sp,619e8090 : (w0) r28 <= 0x619e8090 *
62726                      [66763124] c0c1               K       pop_s          r0: lw [619e8090] => 319f931c : (w0) r28 <= 0x619e8094 : (w1) r0 <= 0x319f931c *
62888                      [66763126] 240a3f88 6c2d421c  K       mov            sp,6c2d421c : (w0) r28 <= 0x6c2d421c *
62889                      [6676312e] c3e1               K       push_s         r3: sw [6c2d4218] <= 16401a74 : (w0) r28 <= 0x6c2d4218 *
63050                      [66763130] 240a3f90 6db8f738  K       mov            sp,6db8f738 : (w0) r28 <= 0x6db8f738 *
63051                      [66763138] c3c1               K       pop_s          r3: lw [6db8f738] => b6c8d8c1 : (w0) r28 <= 0x6db8f73c : (w1) r3 <= 0xb6c8d8c1 *
63213                      [6676313a] 240a3f8e 053e866c  K       mov            sp,053e866c : (w0) r28 <= 0x053e866c *
63214                      [66763142] c2e1               K       push_s         r2: sw [053e8668] <= 4291f6e0 : (w0) r28 <= 0x053e8668 *
63375                      [66763144] 240a3f94 055194ec  K       mov            sp,055194ec : (w0) r28 <= 0x055194ec *
63376                      [6676314c] c2c1               K       pop_s          r2: lw [055194ec] => 606aaeec : (w0) r28 <= 0x055194f0 : (w1) r2 <= 0x606aaeec *
63538                      [6676314e] 240a3f97 059241ec  K       mov            sp,059241ec : (w0) r28 <= 0x059241ec *
63539                      [66763156] c3e1               K       push_s         r3: sw [059241e8] <= b6c8d8c1 : (w0) r28 <= 0x059241e8 *
63700                      [66763158] 240a3f90 05a92da4  K       mov            sp,05a92da4 : (w0) r28 <= 0x05a92da4 *
63701                      [66763160] c3c1               K       pop_s          r3: lw [05a92da4] => ac6a5e46 : (w0) r28 <= 0x05a92da8 : (w1) r3 <= 0xac6a5e46 *
63863                      [66763162] 240a3f91 05ad17c4  K       mov            sp,05ad17c4 : (w0) r28 <= 0x05ad17c4 *
63864                      [6676316a] c0e1               K       push_s         r0: sw [05ad17c0] <= 319f931c : (w0) r28 <= 0x05ad17c0 *
64025                      [6676316c] 240a3f9f 05b43fec  K       mov            sp,05b43fec : (w0) r28 <= 0x05b43fec *
64026                      [66763174] c1c1               K       pop_s          r1: lw [05b43fec] => 417a6519 : (w0) r28 <= 0x05b43ff0 : (w1) r1 <= 0x417a6519 *
64188                      [66763176] 240a3f83 05b6b650  K       mov            sp,05b6b650 : (w0) r28 <= 0x05b6b650 *
64189                      [6676317e] c1e1               K       push_s         r1: sw [05b6b64c] <= 417a6519 : (w0) r28 <= 0x05b6b64c *
64478                      [66763180] 240a3f96 05bbb024  K       mov            sp,05bbb024 : (w0) r28 <= 0x05bbb024 *
64479                      [66763188] c1c1               K       pop_s          r1: lw [05bbb024] => 978fdbc7 : (w0) r28 <= 0x05bbb028 : (w1) r1 <= 0x978fdbc7 *
64641                      [6676318a] 240a3f90 0008c418  K       mov            sp,0008c418 : (w0) r28 <= 0x0008c418 *
64642                      [66763192] c0e1               K       push_s         r0: sw [0008c414] <= 319f931c : (w0) r28 <= 0x0008c414 *
64803                      [66763194] 240a3f89 0009b798  K       mov            sp,0009b798 : (w0) r28 <= 0x0009b798 *
64804                      [6676319c] c3c1               K       pop_s          r3: lw [0009b798] => 22408aad : (w0) r28 <= 0x0009b79c : (w1) r3 <= 0x22408aad *
64966                      [6676319e] 240a3f86 000a7d3c  K       mov            sp,000a7d3c : (w0) r28 <= 0x000a7d3c *
64967                      [667631a6] c3e1               K       push_s         r3: sw [000a7d38] <= 22408aad : (w0) r28 <= 0x000a7d38 *
65128                      [667631a8] 240a3f89 0012f6d0  K       mov            sp,0012f6d0 : (w0) r28 <= 0x0012f6d0 *
65129                      [667631b0] c3c1               K       pop_s          r3: lw [0012f6d0] => c2bbcad3 : (w0) r28 <= 0x0012f6d4 : (w1) r3 <= 0xc2bbcad3 *
65291                      [667631b2] 240a3f93 0013de0c  K       mov            sp,0013de0c : (w0) r28 <= 0x0013de0c *
65292                      [667631ba] c3e1               K       push_s         r3: sw [0013de08] <= c2bbcad3 : (w0) r28 <= 0x0013de08 *
65453                      [667631bc] 240a3f94 0014505c  K       mov            sp,0014505c : (w0) r28 <= 0x0014505c *
65454                      [667631c4] c3c1               K       pop_s          r3: lw [0014505c] => 08ca30e6 : (w0) r28 <= 0x00145060 : (w1) r3 <= 0x08ca30e6 *
65616                      [667631c6] 26abf241 0140700a  K       sr.f           0140700a,0x49: aux[0x49] => 140700a *
65617                      [667631ce] 240a3f8c 001558ec  K       mov            sp,001558ec : (w0) r28 <= 0x001558ec *
65618                      [667631d6] c2e1               K       push_s         r2: sw [001558e8] <= 606aaeec : (w0) r28 <= 0x001558e8 *
65779                      [667631d8] 240a3f83 0015f314  K       mov            sp,0015f314 : (w0) r28 <= 0x0015f314 *
65780                      [667631e0] c1c1               K       pop_s          r1: lw [0015f314] => 12a3f240 : (w0) r28 <= 0x0015f318 : (w1) r1 <= 0x12a3f240 *
65943                      [667631e2] 240a3f81 3465a2e8  K       mov            sp,3465a2e8 : (w0) r28 <= 0x3465a2e8 *
65944                      [667631ea] c3e1               K       push_s         r3: sw [3465a2e4] <= 08ca30e6 : (w0) r28 <= 0x3465a2e4 *
66105                      [667631ec] 240a3f86 3652ab74  K       mov            sp,3652ab74 : (w0) r28 <= 0x3652ab74 *
66106                      [667631f4] c2c1               K       pop_s          r2: lw [3652ab74] => 95847d8a : (w0) r28 <= 0x3652ab78 : (w1) r2 <= 0x95847d8a *
66268                      [667631f6] 240a3f95 3707522c  K       mov            sp,3707522c : (w0) r28 <= 0x3707522c *
66269                      [667631fe] c3e1               K       push_s         r3: sw [37075228] <= 08ca30e6 : (w0) r28 <= 0x37075228 *
66430                      [66763200] 240a3f80 3713e5c0  K       mov            sp,3713e5c0 : (w0) r28 <= 0x3713e5c0 *
66431                      [66763208] c1c1               K       pop_s          r1: lw [3713e5c0] => a3414cea : (w0) r28 <= 0x3713e5c4 : (w1) r1 <= 0xa3414cea *
66593                      [6676320a] 26abf241 013060b7  K       sr.f           013060b7,0x49: aux[0x49] => 13060b7 *
66594                      [66763212] c2c1               K       pop_s          r2: lw [3713e5c4] => 1349cb6b : (w0) r28 <= 0x3713e5c8 : (w1) r2 <= 0x1349cb6b *
66596                      [66763214] 240a3f8d 37b0cad8  K       mov            sp,37b0cad8 : (w0) r28 <= 0x37b0cad8 *
66597                      [6676321c] c0e1               K       push_s         r0: sw [37b0cad4] <= 319f931c : (w0) r28 <= 0x37b0cad4 *
66758                      [6676321e] 240a3f8a 37ef8f58  K       mov            sp,37ef8f58 : (w0) r28 <= 0x37ef8f58 *
66761                      [66763226] c2c1               K       pop_s          r2: lw [37ef8f58] => 70968a53 : (w0) r28 <= 0x37ef8f5c : (w1) r2 <= 0x70968a53 *
66923                      [66763228] 240a3f83 39956b30  K       mov            sp,39956b30 : (w0) r28 <= 0x39956b30 *
66924                      [66763230] c0e1               K       push_s         r0: sw [39956b2c] <= 319f931c : (w0) r28 <= 0x39956b2c *
67085                      [66763232] 240a3f91 43246368  K       mov            sp,43246368 : (w0) r28 <= 0x43246368 *
67086                      [6676323a] c3c1               K       pop_s          r3: lw [43246368] => 7c5e088e : (w0) r28 <= 0x4324636c : (w1) r3 <= 0x7c5e088e *
67248                      [6676323c] 240a3f93 44c2c5b8  K       mov            sp,44c2c5b8 : (w0) r28 <= 0x44c2c5b8 *
67249                      [66763244] c3e1               K       push_s         r3: sw [44c2c5b4] <= 7c5e088e : (w0) r28 <= 0x44c2c5b4 *
67410                      [66763246] 26ab7241 01407069  K       sr             01407069,0x49: aux[0x49] => 1407069 *
67411                      [6676324e] c2e1               K       push_s         r2: sw [44c2c5b0] <= 70968a53 : (w0) r28 <= 0x44c2c5b0 *
67412                      [66763250] 240a3f9a 44d4b0c8  K       mov            sp,44d4b0c8 : (w0) r28 <= 0x44d4b0c8 *
67413                      [66763258] c1c1               K       pop_s          r1: lw [44d4b0c8] => a6a6ae8c : (w0) r28 <= 0x44d4b0cc : (w1) r1 <= 0xa6a6ae8c *
67575                      [6676325a] 240a3f95 44f1126c  K       mov            sp,44f1126c : (w0) r28 <= 0x44f1126c *
67577                      [66763262] c0e1               K       push_s         r0: sw [44f11268] <= 319f931c : (w0) r28 <= 0x44f11268 *
67738                      [66763264] 240a3f84 44fcfdc4  K       mov            sp,44fcfdc4 : (w0) r28 <= 0x44fcfdc4 *
67739                      [6676326c] c1c1               K       pop_s          r1: lw [44fcfdc4] => 399cf8ba : (w0) r28 <= 0x44fcfdc8 : (w1) r1 <= 0x399cf8ba *
67901                      [6676326e] 240a3f92 0e851080  K       mov            sp,0e851080 : (w0) r28 <= 0x0e851080 *
67902                      [66763276] c3e1               K       push_s         r3: sw [0e85107c] <= 7c5e088e : (w0) r28 <= 0x0e85107c *
68063                      [66763278] 240a3f88 0e91d6d4  K       mov            sp,0e91d6d4 : (w0) r28 <= 0x0e91d6d4 *
68064                      [66763280] c3c1               K       pop_s          r3: lw [0e91d6d4] => ddb62d53 : (w0) r28 <= 0x0e91d6d8 : (w1) r3 <= 0xddb62d53 *
68226                      [66763282] 240a3f99 0ec5a9c8  K       mov            sp,0ec5a9c8 : (w0) r28 <= 0x0ec5a9c8 *
68227                      [6676328a] c2e1               K       push_s         r2: sw [0ec5a9c4] <= 70968a53 : (w0) r28 <= 0x0ec5a9c4 *
68388                      [6676328c] 240a3f96 0f158f38  K       mov            sp,0f158f38 : (w0) r28 <= 0x0f158f38 *
68389                      [66763294] c1c1               K       pop_s          r1: lw [0f158f38] => 79fc9575 : (w0) r28 <= 0x0f158f3c : (w1) r1 <= 0x79fc9575 *
68551                      [66763296] 240a3f8c 1042906c  K       mov            sp,1042906c : (w0) r28 <= 0x1042906c *
68552                      [6676329e] c0e1               K       push_s         r0: sw [10429068] <= 319f931c : (w0) r28 <= 0x10429068 *
68841                      [667632a0] 240a3f8c 11ad64dc  K       mov            sp,11ad64dc : (w0) r28 <= 0x11ad64dc *
68842                      [667632a8] c2c1               K       pop_s          r2: lw [11ad64dc] => ebcf7133 : (w0) r28 <= 0x11ad64e0 : (w1) r2 <= 0xebcf7133 *
69004                      [667632aa] 21e01f81 00bfba0c  K       j.eq           [00bfba0c]
69005                      [667632b2] 24e03f84 00bfba0c  K       j.mi           [00bfba0c]
69006                      [667632ba] 20e02f85 00bfba0c  K       j.cs           [00bfba0c]
69170                      [667632c2] 25e00f87 00bfba0c  K       j.vs           [00bfba0c]
69174                      [667632ca] 1600700b 010040a4  K       ld             r11,[010040a4]: lw [010040a4] => 00000000 : (w1) r11 <= 0x00000000 *
69179                      [667632d2] 23029fbe 00000000  K       sub.f          0,r11,00000000 *
69181                      [667632da] 21e02f82 00bfba0c  K Z     j.ne           [00bfba0c]
69344                      [667632e2] 1600700d 0231d164  K Z     ld             r13,[0231d164]: lw [0231d164] => aee7a881 : (w1) r13 <= 0xaee7a881 *
69349                      [667632ea] 25029fbe aee7a881  K Z     sub.f          0,r13,aee7a881 *
69351                      [667632f2] 20e01f82 00bfba0c  K Z     j.ne           [00bfba0c]
69354                      [667632fa] 16007006 0006a954  K Z     ld             r6,[0006a954]: lw [0006a954] => 447ca621 : (w1) r6 <= 0x447ca621 *
69519                      [66763302] 26028fbe 447ca621  K Z     sub.f          0,r6,447ca621 *
69521                      [6676330a] 21e00f82 00bfba0c  K Z     j.ne           [00bfba0c]
69524                      [66763312] 1600700d 000780dc  K Z     ld             r13,[000780dc]: lw [000780dc] => 447ca621 : (w1) r13 <= 0x447ca621 *
69529                      [6676331a] 25029fbe 447ca621  K Z     sub.f          0,r13,447ca621 *
69691                      [66763322] 24e01f82 00bfba0c  K Z     j.ne           [00bfba0c]
69694                      [6676332a] 1600700e 00019b00  K Z     ld             r14,[00019b00]: lw [00019b00] => 12529c36 : (w1) r14 <= 0x12529c36 *
69699                      [66763332] 26029fbe 12529c36  K Z     sub.f          0,r14,12529c36 *
69701                      [6676333a] 23e00f82 00bfba0c  K Z     j.ne           [00bfba0c]
69864                      [66763342] 16007007 0000416c  K Z     ld             r7,[0000416c]: lw [0000416c] => 00000000 : (w1) r7 <= 0x00000000 *
69869                      [6676334a] 27028fbe 00000000  K Z     sub.f          0,r7,00000000 *
69871                      [66763352] 23e03f82 00bfba0c  K Z     j.ne           [00bfba0c]
69874                      [6676335a] 1600700a 1520d498  K Z     ld             r10,[1520d498]: lw [1520d498] => 0dd22140 : (w1) r10 <= 0x0dd22140 *
70039                      [66763362] 22029fbe 0dd22140  K Z     sub.f          0,r10,0dd22140 *
70041                      [6676336a] 20e00f82 00bfba0c  K Z     j.ne           [00bfba0c]
70044                      [66763372] 1600700a 16a3a2a0  K Z     ld             r10,[16a3a2a0]: lw [16a3a2a0] => 417539e5 : (w1) r10 <= 0x417539e5 *
70049                      [6676337a] 22029fbe 417539e5  K Z     sub.f          0,r10,417539e5 *
70211                      [66763382] 23e03f82 00bfba0c  K Z     j.ne           [00bfba0c]
70214                      [6676338a] 16007016 19ab2128  K Z     ld             r22,[19ab2128]: lw [19ab2128] => 9f88f472 : (w1) r22 <= 0x9f88f472 *
70219                      [66763392] 2602afbe 9f88f472  K Z     sub.f          0,r22,9f88f472 *
70221                      [6676339a] 27e03f82 00bfba0c  K Z     j.ne           [00bfba0c]
70384                      [667633a2] 16007007 1a77ed84  K Z     ld             r7,[1a77ed84]: lw [1a77ed84] => 9f88f472 : (w1) r7 <= 0x9f88f472 *
70389                      [667633aa] 27028fbe 9f88f472  K Z     sub.f          0,r7,9f88f472 *
70391                      [667633b2] 22e01f82 00bfba0c  K Z     j.ne           [00bfba0c]
70394                      [667633ba] 1600700c 2f989910  K Z     ld             r12,[2f989910]: lw [2f989910] => 417539e5 : (w1) r12 <= 0x417539e5 *
70559                      [667633c2] 24029fbe 417539e5  K Z     sub.f          0,r12,417539e5 *
70561                      [667633ca] 22e02f82 00bfba0c  K Z     j.ne           [00bfba0c]
70564                      [667633d2] 16007018 3016aec0  K Z     ld             r24,[3016aec0]: lw [3016aec0] => 7f1a2e38 : (w1) r24 <= 0x7f1a2e38 *
70569                      [667633da] 2002bfbe 7f1a2e38  K Z     sub.f          0,r24,7f1a2e38 *
70731                      [667633e2] 27e02f82 00bfba0c  K Z     j.ne           [00bfba0c]
70734                      [667633ea] 1600701a 30485734  K Z     ld             gp,[30485734]: lw [30485734] => ec106e37 : (w1) r26 <= 0xec106e37 *
70739                      [667633f2] 2202bfbe ec106e37  K Z     sub.f          0,gp,ec106e37 *
70741                      [667633fa] 22e03f82 00bfba0c  K Z     j.ne           [00bfba0c]
70904                      [66763402] 16007019 32489c60  K Z     ld             r25,[32489c60]: lw [32489c60] => f3daad5d : (w1) r25 <= 0xf3daad5d *
70909                      [6676340a] 2102bfbe f3daad5d  K Z     sub.f          0,r25,f3daad5d *
70911                      [66763412] 23e00f82 00bfba0c  K Z     j.ne           [00bfba0c]
70914                      [6676341a] 16007005 55f675c8  K Z     ld             r5,[55f675c8]: lw [55f675c8] => afcfcd92 : (w1) r5 <= 0xafcfcd92 *
71079                      [66763422] 25028fbe afcfcd92  K Z     sub.f          0,r5,afcfcd92 *
71081                      [6676342a] 22e00f82 00bfba0c  K Z     j.ne           [00bfba0c]
71084                      [66763432] 16007012 56612430  K Z     ld             r18,[56612430]: lw [56612430] => f3bee105 : (w1) r18 <= 0xf3bee105 *
71089                      [6676343a] 2202afbe f3bee105  K Z     sub.f          0,r18,f3bee105 *
71251                      [66763442] 24e02f82 00bfba0c  K Z     j.ne           [00bfba0c]
71254                      [6676344a] 16007007 45100ee0  K Z     ld             r7,[45100ee0]: lw [45100ee0] => afcfcd92 : (w1) r7 <= 0xafcfcd92 *
71259                      [66763452] 27028fbe afcfcd92  K Z     sub.f          0,r7,afcfcd92 *
71261                      [6676345a] 24e02f82 00bfba0c  K Z     j.ne           [00bfba0c]
71424                      [66763462] 16007015 4536da84  K Z     ld             r21,[4536da84]: lw [4536da84] => afcfcd92 : (w1) r21 <= 0xafcfcd92 *
71429                      [6676346a] 2502afbe afcfcd92  K Z     sub.f          0,r21,afcfcd92 *
71431                      [66763472] 23e02f82 00bfba0c  K Z     j.ne           [00bfba0c]
71434                      [6676347a] 1600700d 6f3f32d4  K Z     ld             r13,[6f3f32d4]: lw [6f3f32d4] => 9ae1335a : (w1) r13 <= 0x9ae1335a *
71599                      [66763482] 25029fbe 9ae1335a  K Z     sub.f          0,r13,9ae1335a *
71601                      [6676348a] 22e00f82 00bfba0c  K Z     j.ne           [00bfba0c]
71604                      [66763492] 1600700c 7d1ca018  K Z     ld             r12,[7d1ca018]: lw [7d1ca018] => 9ae1335a : (w1) r12 <= 0x9ae1335a *
71609                      [6676349a] 24029fbe 9ae1335a  K Z     sub.f          0,r12,9ae1335a *
71771                      [667634a2] 24e02f82 00bfba0c  K Z     j.ne           [00bfba0c]
71774                      [667634aa] 16007012 02c51d40  K Z     ld             r18,[02c51d40]: lw [02c51d40] => f3bee105 : (w1) r18 <= 0xf3bee105 *
71779                      [667634b2] 2202afbe f3bee105  K Z     sub.f          0,r18,f3bee105 *
71781                      [667634ba] 22e02f82 00bfba0c  K Z     j.ne           [00bfba0c]
71944                      [667634c2] 16007019 02c51d3c  K Z     ld             r25,[02c51d3c]: lw [02c51d3c] => f3bee105 : (w1) r25 <= 0xf3bee105 *
71949                      [667634ca] 2102bfbe f3bee105  K Z     sub.f          0,r25,f3bee105 *
71951                      [667634d2] 27e01f82 00bfba0c  K Z     j.ne           [00bfba0c]
71954                      [667634da] 16007012 02cb7e80  K Z     ld             r18,[02cb7e80]: lw [02cb7e80] => 5f88f00b : (w1) r18 <= 0x5f88f00b *
72119                      [667634e2] 2202afbe 5f88f00b  K Z     sub.f          0,r18,5f88f00b *
72121                      [667634ea] 24e03f82 00bfba0c  K Z     j.ne           [00bfba0c]
72124                      [667634f2] 1600700c 02f66700  K Z     ld             r12,[02f66700]: lw [02f66700] => 5f88f00b : (w1) r12 <= 0x5f88f00b *
72129                      [667634fa] 24029fbe 5f88f00b  K Z     sub.f          0,r12,5f88f00b *
72291                      [66763502] 21e03f82 00bfba0c  K Z     j.ne           [00bfba0c]
72294                      [6676350a] 16007016 03a5ee68  K Z     ld             r22,[03a5ee68]: lw [03a5ee68] => e998f512 : (w1) r22 <= 0xe998f512 *
72299                      [66763512] 2602afbe e998f512  K Z     sub.f          0,r22,e998f512 *
72301                      [6676351a] 24e00f82 00bfba0c  K Z     j.ne           [00bfba0c]
72464                      [66763522] 1600700a 55d3ede4  K Z     ld             r10,[55d3ede4]: lw [55d3ede4] => f3bee105 : (w1) r10 <= 0xf3bee105 *
72469                      [6676352a] 22029fbe f3bee105  K Z     sub.f          0,r10,f3bee105 *
72471                      [66763532] 23e00f82 00bfba0c  K Z     j.ne           [00bfba0c]
72474                      [6676353a] 16007017 55dfbde8  K Z     ld             r23,[55dfbde8]: lw [55dfbde8] => 5f88f00b : (w1) r23 <= 0x5f88f00b *
72639                      [66763542] 2702afbe 5f88f00b  K Z     sub.f          0,r23,5f88f00b *
72641                      [6676354a] 23e02f82 00bfba0c  K Z     j.ne           [00bfba0c]
72644                      [66763552] 1600700d 589efbcc  K Z     ld             r13,[589efbcc]: lw [589efbcc] => 0f281926 : (w1) r13 <= 0x0f281926 *
72649                      [6676355a] 25029fbe 0f281926  K Z     sub.f          0,r13,0f281926 *
72811                      [66763562] 26e02f82 00bfba0c  K Z     j.ne           [00bfba0c]
72814                      [6676356a] 16007007 63862408  K Z     ld             r7,[63862408]: lw [63862408] => ec5da95c : (w1) r7 <= 0xec5da95c *
72819                      [66763572] 27028fbe ec5da95c  K Z     sub.f          0,r7,ec5da95c *
72821                      [6676357a] 20e01f82 00bfba0c  K Z     j.ne           [00bfba0c]
72984                      [66763582] 1600700f 010bdbb8  K Z     ld             r15,[010bdbb8]: lw [010bdbb8] => 16401a74 : (w1) r15 <= 0x16401a74 *
72989                      [6676358a] 27029fbe 16401a74  K Z     sub.f          0,r15,16401a74 *
72991                      [66763592] 26e07f82 00bfba0c  K Z     j.ne           [00bfba0c]
72994                      [6676359a] 1600700b 61336614  K Z     ld             r11,[61336614]: lw [61336614] => 16401a74 : (w1) r11 <= 0x16401a74 *
73159                      [667635a2] 23029fbe 16401a74  K Z     sub.f          0,r11,16401a74 *
73161                      [667635aa] 22e02f82 00bfba0c  K Z     j.ne           [00bfba0c]
73164                      [667635b2] 16007014 6c2d4218  K Z     ld             r20,[6c2d4218]: lw [6c2d4218] => 16401a74 : (w1) r20 <= 0x16401a74 *
73169                      [667635ba] 2402afbe 16401a74  K Z     sub.f          0,r20,16401a74 *
73331                      [667635c2] 21e03f82 00bfba0c  K Z     j.ne           [00bfba0c]
73334                      [667635ca] 16007010 053e8668  K Z     ld             r16,[053e8668]: lw [053e8668] => 4291f6e0 : (w1) r16 <= 0x4291f6e0 *
73339                      [667635d2] 2002afbe 4291f6e0  K Z     sub.f          0,r16,4291f6e0 *
73341                      [667635da] 24e01f82 00bfba0c  K Z     j.ne           [00bfba0c]
73504                      [667635e2] 16007019 059241e8  K Z     ld             r25,[059241e8]: lw [059241e8] => b6c8d8c1 : (w1) r25 <= 0xb6c8d8c1 *
73509                      [667635ea] 2102bfbe b6c8d8c1  K Z     sub.f          0,r25,b6c8d8c1 *
73511                      [667635f2] 27e03f82 00bfba0c  K Z     j.ne           [00bfba0c]
73514                      [667635fa] 16007009 05ad17c0  K Z     ld             r9,[05ad17c0]: lw [05ad17c0] => 319f931c : (w1) r9 <= 0x319f931c *
73679                      [66763602] 21029fbe 319f931c  K Z     sub.f          0,r9,319f931c *
73681                      [6676360a] 20e02f82 00bfba0c  K Z     j.ne           [00bfba0c]
73684                      [66763612] 1600700e 05b6b64c  K Z     ld             r14,[05b6b64c]: lw [05b6b64c] => 417a6519 : (w1) r14 <= 0x417a6519 *
73689                      [6676361a] 26029fbe 417a6519  K Z     sub.f          0,r14,417a6519 *
73851                      [66763622] 25e02f82 00bfba0c  K Z     j.ne           [00bfba0c]
73854                      [6676362a] 16007008 0008c414  K Z     ld             r8,[0008c414]: lw [0008c414] => 319f931c : (w1) r8 <= 0x319f931c *
73859                      [66763632] 20029fbe 319f931c  K Z     sub.f          0,r8,319f931c *
73861                      [6676363a] 26e07f82 00bfba0c  K Z     j.ne           [00bfba0c]
74024                      [66763642] 1600700b 000a7d38  K Z     ld             r11,[000a7d38]: lw [000a7d38] => 22408aad : (w1) r11 <= 0x22408aad *
74029                      [6676364a] 23029fbe 22408aad  K Z     sub.f          0,r11,22408aad *
74031                      [66763652] 20e02f82 00bfba0c  K Z     j.ne           [00bfba0c]
74034                      [6676365a] 1600701a 0013de08  K Z     ld             gp,[0013de08]: lw [0013de08] => c2bbcad3 : (w1) r26 <= 0xc2bbcad3 *
74199                      [66763662] 2202bfbe c2bbcad3  K Z     sub.f          0,gp,c2bbcad3 *
74201                      [6676366a] 23e02f82 00bfba0c  K Z     j.ne           [00bfba0c]
74204                      [66763672] 16007008 001558e8  K Z     ld             r8,[001558e8]: lw [001558e8] => 606aaeec : (w1) r8 <= 0x606aaeec *
74209                      [6676367a] 20029fbe 606aaeec  K Z     sub.f          0,r8,606aaeec *
74371                      [66763682] 24e02f82 00bfba0c  K Z     j.ne           [00bfba0c]
74374                      [6676368a] 1600700c 3465a2e4  K Z     ld             r12,[3465a2e4]: lw [3465a2e4] => 08ca30e6 : (w1) r12 <= 0x08ca30e6 *
74379                      [66763692] 24029fbe 08ca30e6  K Z     sub.f          0,r12,08ca30e6 *
74381                      [6676369a] 20e03f82 00bfba0c  K Z     j.ne           [00bfba0c]
74544                      [667636a2] 16007008 37075228  K Z     ld             r8,[37075228]: lw [37075228] => 08ca30e6 : (w1) r8 <= 0x08ca30e6 *
74549                      [667636aa] 20029fbe 08ca30e6  K Z     sub.f          0,r8,08ca30e6 *
74551                      [667636b2] 23e03f82 00bfba0c  K Z     j.ne           [00bfba0c]
74554                      [667636ba] 16007019 37b0cad4  K Z     ld             r25,[37b0cad4]: lw [37b0cad4] => 319f931c : (w1) r25 <= 0x319f931c *
74719                      [667636c2] 2102bfbe 319f931c  K Z     sub.f          0,r25,319f931c *
74721                      [667636ca] 27e02f82 00bfba0c  K Z     j.ne           [00bfba0c]
74724                      [667636d2] 16007009 39956b2c  K Z     ld             r9,[39956b2c]: lw [39956b2c] => 319f931c : (w1) r9 <= 0x319f931c *
74729                      [667636da] 21029fbe 319f931c  K Z     sub.f          0,r9,319f931c *
74891                      [667636e2] 26e00f82 00bfba0c  K Z     j.ne           [00bfba0c]
74894                      [667636ea] 1600700b 44c2c5b4  K Z     ld             r11,[44c2c5b4]: lw [44c2c5b4] => 7c5e088e : (w1) r11 <= 0x7c5e088e *
74899                      [667636f2] 23029fbe 7c5e088e  K Z     sub.f          0,r11,7c5e088e *
74901                      [667636fa] 25e00f82 00bfba0c  K Z     j.ne           [00bfba0c]
75064                      [66763702] 1600700b 44c2c5b0  K Z     ld             r11,[44c2c5b0]: lw [44c2c5b0] => 70968a53 : (w1) r11 <= 0x70968a53 *
75069                      [6676370a] 23029fbe 70968a53  K Z     sub.f          0,r11,70968a53 *
75071                      [66763712] 23e00f82 00bfba0c  K Z     j.ne           [00bfba0c]
75074                      [6676371a] 1600700f 44f11268  K Z     ld             r15,[44f11268]: lw [44f11268] => 319f931c : (w1) r15 <= 0x319f931c *
75239                      [66763722] 27029fbe 319f931c  K Z     sub.f          0,r15,319f931c *
75241                      [6676372a] 24e03f82 00bfba0c  K Z     j.ne           [00bfba0c]
75244                      [66763732] 16007011 0e85107c  K Z     ld             r17,[0e85107c]: lw [0e85107c] => 7c5e088e : (w1) r17 <= 0x7c5e088e *
75409                      [6676373a] 2102afbe 7c5e088e  K Z     sub.f          0,r17,7c5e088e *
75411                      [66763742] 23e00f82 00bfba0c  K Z     j.ne           [00bfba0c]
75414                      [6676374a] 16007014 0ec5a9c4  K Z     ld             r20,[0ec5a9c4]: lw [0ec5a9c4] => 70968a53 : (w1) r20 <= 0x70968a53 *
75419                      [66763752] 2402afbe 70968a53  K Z     sub.f          0,r20,70968a53 *
75421                      [6676375a] 20e03f82 00bfba0c  K Z     j.ne           [00bfba0c]
75584                      [66763762] 16007005 10429068  K Z     ld             r5,[10429068]: lw [10429068] => 319f931c : (w1) r5 <= 0x319f931c *
75589                      [6676376a] 25028fbe 319f931c  K Z     sub.f          0,r5,319f931c *
75591                      [66763772] 20e02f82 00bfba0c  K Z     j.ne           [00bfba0c]
75594                      [6676377a] 2402bfbe 11ad64e0  K Z     sub.f          0,sp,11ad64e0 *
75758                      [66763782] 23e03f82 00bfba0c  K Z     j.ne           [00bfba0c]
75761                      [6676378a] 22028fbe ebcf7133  K Z     sub.f          0,r2,ebcf7133 *
75765                      [66763792] 24e02f82 00bfba0c  K Z     j.ne           [00bfba0c]
75768                      [6676379a] 21028fbe 79fc9575  K Z     sub.f          0,r1,79fc9575 *
75932                      [667637a2] 25e00f82 00bfba0c  K Z     j.ne           [00bfba0c]
75935                      [667637aa] 20028fbe 319f931c  K Z     sub.f          0,r0,319f931c *
75939                      [667637b2] 22e02f82 00bfba0c  K Z     j.ne           [00bfba0c]
75942                      [667637ba] 23028fbe ddb62d53  K Z     sub.f          0,r3,ddb62d53 *
76106                      [667637c2] 21e03f82 00bfba0c  K Z     j.ne           [00bfba0c]
76109                      [667637ca] 250a3f85 00000000  K Z     mov            ilink1,00000000 : (w0) r29 <= 0x00000000 *
76113                      [667637d2] 260a3f8d 00000000  K Z     mov            ilink2,00000000 : (w0) r30 <= 0x00000000 *
76116                      [667637da] 1e007760 151dac20  K Z     st.di          ilink1,[151dac20]: sw [151dac20] <= 00000000 *
76342                      [667637e2] 272a9f96 0000000a  K Z     lr             r15,[0000000a]: aux[0x0a] => 800 : (w0) r15 <= 0x00000800 *
76343                      [667637ea] 27041f89 00000ff9  K Z     and            r9,r15,00000ff9 : (w0) r9 <= 0x00000800 *
76344                      [667637f2] 2429225b           K Z     flag           [r9] *
76345                      [667637f6] 16007809 00bbce00  K Z     ld.di          r9,[00bbce00]: lw [00bbce00] => 00000000 : (w1) r9 <= 0x00000000 *
76444                      [667637fe] 232a3f8a 0000040a  K Z     lr             fp,[0000040a]: aux[0x40a] => 00 : (w0) r27 <= 0x00000000 *
76511                      [66763806] 210296fe           K Z     sub.f          0,r9,fp *
76513                      [6676380a] 21e01f82 00bfba0c  K Z     j.ne           [00bfba0c]
76516                      [66763812] 16007809 0294bd50  K Z     ld.di          r9,[0294bd50]: lw [0294bd50] => 00000000 : (w1) r9 <= 0x00000000 *
76616                      [6676381a] 232a3f89 0000040b  K Z     lr             fp,[0000040b]: aux[0x40b] => 00 : (w0) r27 <= 0x00000000 *
76683                      [66763822] 210296fe           K Z     sub.f          0,r9,fp *
76685                      [66763826] 23e03f82 00bfba0c  K Z     j.ne           [00bfba0c]
76688                      [6676382e] 242903d9           K Z     flag           [r15] *
76691                      [66763832] 210a9f81 00000000  K Z     mov            r9,00000000 : (w0) r9 <= 0x00000000 *
76694                      [6676383a] 230abf9a 00000000  K Z     mov            fp,00000000 : (w0) r27 <= 0x00000000 *
76857                      [66763842] 270a9f91 00000000  K Z     mov            r15,00000000 : (w0) r15 <= 0x00000000 *
76860                      [6676384a] 2702ffbe 66763848  K Z     sub.f          0,pcl,66763848 *
76863                      [66763852] 20e00f82 00bfba0c  K Z     j.ne           [00bfba0c]
76866                      [6676385a] 1600781a 00087138  K Z     ld.di          gp,[00087138]: lw [00087138] => 00000000 : (w1) r26 <= 0x00000000 *
77126                      [66763862] 2202bfbe 00000000  K Z     sub.f          0,gp,00000000 *
77128                      [6676386a] 22e02f82 00bfba0c  K Z     j.ne           [00bfba0c]
77129                      [66763872] 16007818 00087248  K Z     ld.di          r24,[00087248]: lw [00087248] => 00000000 : (w1) r24 <= 0x00000000 *
77229                      [6676387a] 2002bfbe 00000000  K Z     sub.f          0,r24,00000000 *
77296                      [66763882] 26e07f82 00bfba0c  K Z     j.ne           [00bfba0c]
77299                      [6676388a] 1600781c 00087250  K Z     ld.di          sp,[00087250]: lw [00087250] => 00000000 : (w1) r28 <= 0x00000000 *
77399                      [66763892] 2402bfbe 00000000  K Z     sub.f          0,sp,00000000 *
77401                      [6676389a] 25e02f82 00bfba0c  K Z     j.ne           [00bfba0c]
77469                      [667638a2] 16007806 00087240  K Z     ld.di          r6,[00087240]: lw [00087240] => 00000000 : (w1) r6 <= 0x00000000 *
77569                      [667638aa] 26028fbe 00000000  K Z     sub.f          0,r6,00000000 *
77571                      [667638b2] 21e03f82 00bfba0c  K Z     j.ne           [00bfba0c]
77572                      [667638ba] 16007801 00087228  K Z     ld.di          r1,[00087228]: lw [00087228] => 00000000 : (w1) r1 <= 0x00000000 *
77832                      [667638c2] 21028fbe 00000000  K Z     sub.f          0,r1,00000000 *
77834                      [667638ca] 25e01f82 00bfba0c  K Z     j.ne           [00bfba0c]
77835                      [667638d2] 26e07f80 0257769c  K Z     j              [0257769c] *
77839                      [0257769c] 240abf99 012050e0  K Z     mov            sp,012050e0 : (w0) r28 <= 0x012050e0 *
78162                      [025776a4] c0e1               K       push_s         r0: sw [012050dc] <= 319f931c : (w0) r28 <= 0x012050dc *
78323                      [025776a6] 240a3f84 13d69628  K       mov            sp,13d69628 : (w0) r28 <= 0x13d69628 *
78324                      [025776ae] c1c1               K       pop_s          r1: lw [13d69628] => 377d5a91 : (w0) r28 <= 0x13d6962c : (w1) r1 <= 0x377d5a91 *
78486                      [025776b0] 240a3f91 150f15ec  K       mov            sp,150f15ec : (w0) r28 <= 0x150f15ec *
78487                      [025776b8] c3e1               K       push_s         r3: sw [150f15e8] <= ddb62d53 : (w0) r28 <= 0x150f15e8 *
78648                      [025776ba] 240a3f8b 00398110  K       mov            sp,00398110 : (w0) r28 <= 0x00398110 *
78649                      [025776c2] c0c1               K       pop_s          r0: lw [00398110] => 526cd965 : (w0) r28 <= 0x00398114 : (w1) r0 <= 0x526cd965 *
78811                      [025776c4] 240a3f80 003abb34  K       mov            sp,003abb34 : (w0) r28 <= 0x003abb34 *
78812                      [025776cc] c0e1               K       push_s         r0: sw [003abb30] <= 526cd965 : (w0) r28 <= 0x003abb30 *
78973                      [025776ce] 240a3f90 003c5d18  K       mov            sp,003c5d18 : (w0) r28 <= 0x003c5d18 *
78974                      [025776d6] c2c1               K       pop_s          r2: lw [003c5d18] => e4af86ac : (w0) r28 <= 0x003c5d1c : (w1) r2 <= 0xe4af86ac *
79136                      [025776d8] 240a3f95 003d7d44  K       mov            sp,003d7d44 : (w0) r28 <= 0x003d7d44 *
79137                      [025776e0] c3e1               K       push_s         r3: sw [003d7d40] <= ddb62d53 : (w0) r28 <= 0x003d7d40 *
79298                      [025776e2] 240a3f9b 003db4f0  K       mov            sp,003db4f0 : (w0) r28 <= 0x003db4f0 *
79299                      [025776ea] c1c1               K       pop_s          r1: lw [003db4f0] => 0e2456a6 : (w0) r28 <= 0x003db4f4 : (w1) r1 <= 0x0e2456a6 *
79461                      [025776ec] 26abf241 0130602e  K       sr.f           0130602e,0x49: aux[0x49] => 130602e *
79462                      [025776f4] 26abf241 0100400d  K       sr.f           0100400d,0x49: aux[0x49] => 100400d *
79463                      [025776fc] 240a3f88 003e2154  K       mov            sp,003e2154 : (w0) r28 <= 0x003e2154 *
79465                      [02577704] c2e1               K       push_s         r2: sw [003e2150] <= e4af86ac : (w0) r28 <= 0x003e2150 *
79626                      [02577706] 26ab7241 010040cb  K       sr             010040cb,0x49: aux[0x49] => 10040cb *
79627                      [0257770e] c1e1               K       push_s         r1: sw [003e214c] <= 0e2456a6 : (w0) r28 <= 0x003e214c *
79628                      [02577710] 240a3f84 003fa5cc  K       mov            sp,003fa5cc : (w0) r28 <= 0x003fa5cc *
79629                      [02577718] c3c1               K       pop_s          r3: lw [003fa5cc] => ad0cf449 : (w0) r28 <= 0x003fa5d0 : (w1) r3 <= 0xad0cf449 *
79791                      [0257771a] 240a3f98 0040a4cc  K       mov            sp,0040a4cc : (w0) r28 <= 0x0040a4cc *
79793                      [02577722] c0e1               K       push_s         r0: sw [0040a4c8] <= 526cd965 : (w0) r28 <= 0x0040a4c8 *
79954                      [02577724] 240a3f92 00414334  K       mov            sp,00414334 : (w0) r28 <= 0x00414334 *
79955                      [0257772c] c2c1               K       pop_s          r2: lw [00414334] => 072db697 : (w0) r28 <= 0x00414338 : (w1) r2 <= 0x072db697 *
80117                      [0257772e] 240a3f95 004251b0  K       mov            sp,004251b0 : (w0) r28 <= 0x004251b0 *
80118                      [02577736] c2e1               K       push_s         r2: sw [004251ac] <= 072db697 : (w0) r28 <= 0x004251ac *
80279                      [02577738] 240a3f92 0042ea44  K       mov            sp,0042ea44 : (w0) r28 <= 0x0042ea44 *
80280                      [02577740] c0c1               K       pop_s          r0: lw [0042ea44] => 01c9a7ca : (w0) r28 <= 0x0042ea48 : (w1) r0 <= 0x01c9a7ca *
80442                      [02577742] 240a3f8d 004315b4  K       mov            sp,004315b4 : (w0) r28 <= 0x004315b4 *
80443                      [0257774a] c3e1               K       push_s         r3: sw [004315b0] <= ad0cf449 : (w0) r28 <= 0x004315b0 *
80604                      [0257774c] 240a3f8e 00433ff4  K       mov            sp,00433ff4 : (w0) r28 <= 0x00433ff4 *
80605                      [02577754] c3c1               K       pop_s          r3: lw [00433ff4] => e7682b37 : (w0) r28 <= 0x00433ff8 : (w1) r3 <= 0xe7682b37 *
80767                      [02577756] 240a3f9a 00435030  K       mov            sp,00435030 : (w0) r28 <= 0x00435030 *
80768                      [0257775e] c3e1               K       push_s         r3: sw [0043502c] <= e7682b37 : (w0) r28 <= 0x0043502c *
80929                      [02577760] 240a3f8f 004351b8  K       mov            sp,004351b8 : (w0) r28 <= 0x004351b8 *
80930                      [02577768] c2c1               K       pop_s          r2: lw [004351b8] => c6d111f6 : (w0) r28 <= 0x004351bc : (w1) r2 <= 0xc6d111f6 *
81092                      [0257776a] 240a3f8b 0045598c  K       mov            sp,0045598c : (w0) r28 <= 0x0045598c *
81093                      [02577772] c3e1               K       push_s         r3: sw [00455988] <= e7682b37 : (w0) r28 <= 0x00455988 *
81254                      [02577774] 240a3f83 0046f5c0  K       mov            sp,0046f5c0 : (w0) r28 <= 0x0046f5c0 *
81255                      [0257777c] c1c1               K       pop_s          r1: lw [0046f5c0] => 8399393c : (w0) r28 <= 0x0046f5c4 : (w1) r1 <= 0x8399393c *
81417                      [0257777e] 240a3f84 0047f384  K       mov            sp,0047f384 : (w0) r28 <= 0x0047f384 *
81418                      [02577786] c1e1               K       push_s         r1: sw [0047f380] <= 8399393c : (w0) r28 <= 0x0047f380 *
81579                      [02577788] 240a3f84 004cff10  K       mov            sp,004cff10 : (w0) r28 <= 0x004cff10 *
81580                      [02577790] c0c1               K       pop_s          r0: lw [004cff10] => 60cb9b0a : (w0) r28 <= 0x004cff14 : (w1) r0 <= 0x60cb9b0a *
81742                      [02577792] 240a3f85 004f252c  K       mov            sp,004f252c : (w0) r28 <= 0x004f252c *
81743                      [0257779a] c2e1               K       push_s         r2: sw [004f2528] <= c6d111f6 : (w0) r28 <= 0x004f2528 *
81904                      [0257779c] 240a3f8b 00500f7c  K       mov            sp,00500f7c : (w0) r28 <= 0x00500f7c *
81905                      [025777a4] c1c1               K       pop_s          r1: lw [00500f7c] => 1a46b62c : (w0) r28 <= 0x00500f80 : (w1) r1 <= 0x1a46b62c *
82067                      [025777a6] 240a3f9b 0050713c  K       mov            sp,0050713c : (w0) r28 <= 0x0050713c *
82068                      [025777ae] c3e1               K       push_s         r3: sw [00507138] <= e7682b37 : (w0) r28 <= 0x00507138 *
82229                      [025777b0] 26abf241 01004012  K       sr.f           01004012,0x49: aux[0x49] => 1004012 *
82230                      [025777b8] c2e1               K       push_s         r2: sw [00507134] <= c6d111f6 : (w0) r28 <= 0x00507134 *
82231                      [025777ba] 240a3f83 006d8e1c  K       mov            sp,006d8e1c : (w0) r28 <= 0x006d8e1c *
82234                      [025777c2] c1c1               K       pop_s          r1: lw [006d8e1c] => 5219d5e3 : (w0) r28 <= 0x006d8e20 : (w1) r1 <= 0x5219d5e3 *
82396                      [025777c4] 26abf241 0100407a  K       sr.f           0100407a,0x49: aux[0x49] => 100407a *
82397                      [025777cc] 240a3f9b 0c4b7448  K       mov            sp,0c4b7448 : (w0) r28 <= 0x0c4b7448 *
82398                      [025777d4] c3e1               K       push_s         r3: sw [0c4b7444] <= e7682b37 : (w0) r28 <= 0x0c4b7444 *
82559                      [025777d6] 240a3f99 0a00a664  K       mov            sp,0a00a664 : (w0) r28 <= 0x0a00a664 *
82560                      [025777de] c2c1               K       pop_s          r2: lw [0a00a664] => 1cf9ea11 : (w0) r28 <= 0x0a00a668 : (w1) r2 <= 0x1cf9ea11 *
82722                      [025777e0] 240a3f92 0d27c14c  K       mov            sp,0d27c14c : (w0) r28 <= 0x0d27c14c *
82723                      [025777e8] c1e1               K       push_s         r1: sw [0d27c148] <= 5219d5e3 : (w0) r28 <= 0x0d27c148 *
82884                      [025777ea] 240a3f86 0da2ef88  K       mov            sp,0da2ef88 : (w0) r28 <= 0x0da2ef88 *
82885                      [025777f2] c2c1               K       pop_s          r2: lw [0da2ef88] => d018fe3b : (w0) r28 <= 0x0da2ef8c : (w1) r2 <= 0xd018fe3b *
83047                      [025777f4] 240a3f80 0dc0c38c  K       mov            sp,0dc0c38c : (w0) r28 <= 0x0dc0c38c *
83048                      [025777fc] c2e1               K       push_s         r2: sw [0dc0c388] <= d018fe3b : (w0) r28 <= 0x0dc0c388 *
83209                      [025777fe] 240a3f96 0dc79b3c  K       mov            sp,0dc79b3c : (w0) r28 <= 0x0dc79b3c *
83210                      [02577806] c3c1               K       pop_s          r3: lw [0dc79b3c] => e2ec773f : (w0) r28 <= 0x0dc79b40 : (w1) r3 <= 0xe2ec773f *
83372                      [02577808] 240a3f86 0e0a3e84  K       mov            sp,0e0a3e84 : (w0) r28 <= 0x0e0a3e84 *
83373                      [02577810] c0e1               K       push_s         r0: sw [0e0a3e80] <= 60cb9b0a : (w0) r28 <= 0x0e0a3e80 *
83662                      [02577812] 240a3f91 0e3120b4  K       mov            sp,0e3120b4 : (w0) r28 <= 0x0e3120b4 *
83663                      [0257781a] c2c1               K       pop_s          r2: lw [0e3120b4] => f5840136 : (w0) r28 <= 0x0e3120b8 : (w1) r2 <= 0xf5840136 *
83825                      [0257781c] 240a3f99 05d0f25c  K       mov            sp,05d0f25c : (w0) r28 <= 0x05d0f25c *
83826                      [02577824] c3e1               K       push_s         r3: sw [05d0f258] <= e2ec773f : (w0) r28 <= 0x05d0f258 *
83987                      [02577826] 240a3f98 0623a290  K       mov            sp,0623a290 : (w0) r28 <= 0x0623a290 *
83988                      [0257782e] c2c1               K       pop_s          r2: lw [0623a290] => a151413b : (w0) r28 <= 0x0623a294 : (w1) r2 <= 0xa151413b *
84150                      [02577830] 240a3f8e 08a0e274  K       mov            sp,08a0e274 : (w0) r28 <= 0x08a0e274 *
84151                      [02577838] c1e1               K       push_s         r1: sw [08a0e270] <= 5219d5e3 : (w0) r28 <= 0x08a0e270 *
84312                      [0257783a] 240a3f92 094f467c  K       mov            sp,094f467c : (w0) r28 <= 0x094f467c *
84313                      [02577842] c0c1               K       pop_s          r0: lw [094f467c] => 8ec131a7 : (w0) r28 <= 0x094f4680 : (w1) r0 <= 0x8ec131a7 *
84475                      [02577844] 240a3f8a 095030c8  K       mov            sp,095030c8 : (w0) r28 <= 0x095030c8 *
84476                      [0257784c] c2e1               K       push_s         r2: sw [095030c4] <= a151413b : (w0) r28 <= 0x095030c4 *
84637                      [0257784e] 240a3f86 09a0b6ac  K       mov            sp,09a0b6ac : (w0) r28 <= 0x09a0b6ac *
84638                      [02577856] c2c1               K       pop_s          r2: lw [09a0b6ac] => 4e2be851 : (w0) r28 <= 0x09a0b6b0 : (w1) r2 <= 0x4e2be851 *
84800                      [02577858] 240a3f8c 09b7d470  K       mov            sp,09b7d470 : (w0) r28 <= 0x09b7d470 *
84801                      [02577860] c3e1               K       push_s         r3: sw [09b7d46c] <= e2ec773f : (w0) r28 <= 0x09b7d46c *
84962                      [02577862] 26abf241 01407045  K       sr.f           01407045,0x49: aux[0x49] => 1407045 *
84963                      [0257786a] 240a3f82 09c67ed0  K       mov            sp,09c67ed0 : (w0) r28 <= 0x09c67ed0 *
84964                      [02577872] c0c1               K       pop_s          r0: lw [09c67ed0] => 6762cd8d : (w0) r28 <= 0x09c67ed4 : (w1) r0 <= 0x6762cd8d *
85126                      [02577874] 26ab7241 0130608e  K       sr             0130608e,0x49: aux[0x49] => 130608e *
85127                      [0257787c] 240a3f90 4b538278  K       mov            sp,4b538278 : (w0) r28 <= 0x4b538278 *
85129                      [02577884] c0e1               K       push_s         r0: sw [4b538274] <= 6762cd8d : (w0) r28 <= 0x4b538274 *
85290                      [02577886] 240a3f83 4cf0e008  K       mov            sp,4cf0e008 : (w0) r28 <= 0x4cf0e008 *
85291                      [0257788e] c0c1               K       pop_s          r0: lw [4cf0e008] => eb35702b : (w0) r28 <= 0x4cf0e00c : (w1) r0 <= 0xeb35702b *
85453                      [02577890] 240a3f8d 4f4cc1b8  K       mov            sp,4f4cc1b8 : (w0) r28 <= 0x4f4cc1b8 *
85454                      [02577898] c3e1               K       push_s         r3: sw [4f4cc1b4] <= e2ec773f : (w0) r28 <= 0x4f4cc1b4 *
85615                      [0257789a] 240a3f91 52c715e0  K       mov            sp,52c715e0 : (w0) r28 <= 0x52c715e0 *
85616                      [025778a2] c3c1               K       pop_s          r3: lw [52c715e0] => 582d82f8 : (w0) r28 <= 0x52c715e4 : (w1) r3 <= 0x582d82f8 *
85778                      [025778a4] 240a3f95 53041b2c  K       mov            sp,53041b2c : (w0) r28 <= 0x53041b2c *
85779                      [025778ac] c2e1               K       push_s         r2: sw [53041b28] <= 4e2be851 : (w0) r28 <= 0x53041b28 *
85940                      [025778ae] 240a3f9f 534e7da8  K       mov            sp,534e7da8 : (w0) r28 <= 0x534e7da8 *
85941                      [025778b6] c0c1               K       pop_s          r0: lw [534e7da8] => c528d29a : (w0) r28 <= 0x534e7dac : (w1) r0 <= 0xc528d29a *
86103                      [025778b8] 240a3f8a 549d3a94  K       mov            sp,549d3a94 : (w0) r28 <= 0x549d3a94 *
86104                      [025778c0] c1e1               K       push_s         r1: sw [549d3a90] <= 5219d5e3 : (w0) r28 <= 0x549d3a90 *
86265                      [025778c2] 240a3f97 5528ee2c  K       mov            sp,5528ee2c : (w0) r28 <= 0x5528ee2c *
86266                      [025778ca] c0c1               K       pop_s          r0: lw [5528ee2c] => 8bdb1a21 : (w0) r28 <= 0x5528ee30 : (w1) r0 <= 0x8bdb1a21 *
86428                      [025778cc] 240a3f95 1c5d1190  K       mov            sp,1c5d1190 : (w0) r28 <= 0x1c5d1190 *
86429                      [025778d4] c3e1               K       push_s         r3: sw [1c5d118c] <= 582d82f8 : (w0) r28 <= 0x1c5d118c *
86590                      [025778d6] 240a3f9f 1cbeee10  K       mov            sp,1cbeee10 : (w0) r28 <= 0x1cbeee10 *
86591                      [025778de] c0c1               K       pop_s          r0: lw [1cbeee10] => b280a7f1 : (w0) r28 <= 0x1cbeee14 : (w1) r0 <= 0xb280a7f1 *
86753                      [025778e0] 240a3f84 1faba614  K       mov            sp,1faba614 : (w0) r28 <= 0x1faba614 *
86754                      [025778e8] c0e1               K       push_s         r0: sw [1faba610] <= b280a7f1 : (w0) r28 <= 0x1faba610 *
86915                      [025778ea] 240a3f9b 209cc7ac  K       mov            sp,209cc7ac : (w0) r28 <= 0x209cc7ac *
86916                      [025778f2] c1c1               K       pop_s          r1: lw [209cc7ac] => f59182b8 : (w0) r28 <= 0x209cc7b0 : (w1) r1 <= 0xf59182b8 *
87078                      [025778f4] 240a3fbe 1a93d9ac  K       mov            sp,1a93d9ac : (w0) r28 <= 0x1a93d9ac *
87079                      [025778fc] c0e1               K       push_s         r0: sw [1a93d9a8] <= b280a7f1 : (w0) r28 <= 0x1a93d9a8 *
87240                      [025778fe] 240a3f99 1a951ab0  K       mov            sp,1a951ab0 : (w0) r28 <= 0x1a951ab0 *
87241                      [02577906] c0c1               K       pop_s          r0: lw [1a951ab0] => d28cd268 : (w0) r28 <= 0x1a951ab4 : (w1) r0 <= 0xd28cd268 *
87403                      [02577908] 240a3fbe 1b11de24  K       mov            sp,1b11de24 : (w0) r28 <= 0x1b11de24 *
87404                      [02577910] c0e1               K       push_s         r0: sw [1b11de20] <= d28cd268 : (w0) r28 <= 0x1b11de20 *
87565                      [02577912] 240a3fbe 1b64edd4  K       mov            sp,1b64edd4 : (w0) r28 <= 0x1b64edd4 *
87566                      [0257791a] c2c1               K       pop_s          r2: lw [1b64edd4] => ebf569d7 : (w0) r28 <= 0x1b64edd8 : (w1) r2 <= 0xebf569d7 *
87728                      [0257791c] 240a3f96 1bdba5c8  K       mov            sp,1bdba5c8 : (w0) r28 <= 0x1bdba5c8 *
87729                      [02577924] c3e1               K       push_s         r3: sw [1bdba5c4] <= 582d82f8 : (w0) r28 <= 0x1bdba5c4 *
87890                      [02577926] 240a3f8f 1bfa8bf8  K       mov            sp,1bfa8bf8 : (w0) r28 <= 0x1bfa8bf8 *
87891                      [0257792e] c0c1               K       pop_s          r0: lw [1bfa8bf8] => d2e819ca : (w0) r28 <= 0x1bfa8bfc : (w1) r0 <= 0xd2e819ca *
88053                      [02577930] 26ab7241 0140706a  K       sr             0140706a,0x49: aux[0x49] => 140706a *
88054                      [02577938] 240a3f93 1b8b9c30  K       mov            sp,1b8b9c30 : (w0) r28 <= 0x1b8b9c30 *
88055                      [02577940] c3e1               K       push_s         r3: sw [1b8b9c2c] <= 582d82f8 : (w0) r28 <= 0x1b8b9c2c *
88216                      [02577942] 26ab7241 0130600f  K       sr             0130600f,0x49: aux[0x49] => 130600f *
88217                      [0257794a] c2e1               K       push_s         r2: sw [1b8b9c28] <= ebf569d7 : (w0) r28 <= 0x1b8b9c28 *
88218                      [0257794c] 240a3f93 1bcb0134  K       mov            sp,1bcb0134 : (w0) r28 <= 0x1bcb0134 *
88219                      [02577954] c3c1               K       pop_s          r3: lw [1bcb0134] => 4eb8b6dd : (w0) r28 <= 0x1bcb0138 : (w1) r3 <= 0x4eb8b6dd *
88381                      [02577956] 240a3f9b 22712ff4  K       mov            sp,22712ff4 : (w0) r28 <= 0x22712ff4 *
88382                      [0257795e] c2e1               K       push_s         r2: sw [22712ff0] <= ebf569d7 : (w0) r28 <= 0x22712ff0 *
88543                      [02577960] 240a3f91 24c80e60  K       mov            sp,24c80e60 : (w0) r28 <= 0x24c80e60 *
88544                      [02577968] c0c1               K       pop_s          r0: lw [24c80e60] => e64d6ae3 : (w0) r28 <= 0x24c80e64 : (w1) r0 <= 0xe64d6ae3 *
88706                      [0257796a] 240a3f83 26a4d544  K       mov            sp,26a4d544 : (w0) r28 <= 0x26a4d544 *
88707                      [02577972] c1e1               K       push_s         r1: sw [26a4d540] <= f59182b8 : (w0) r28 <= 0x26a4d540 *
88868                      [02577974] 240a3f92 29e2bcac  K       mov            sp,29e2bcac : (w0) r28 <= 0x29e2bcac *
88869                      [0257797c] c1c1               K       pop_s          r1: lw [29e2bcac] => f206b980 : (w0) r28 <= 0x29e2bcb0 : (w1) r1 <= 0xf206b980 *
89031                      [0257797e] 240a3f99 2be35ba4  K       mov            sp,2be35ba4 : (w0) r28 <= 0x2be35ba4 *
89032                      [02577986] c1e1               K       push_s         r1: sw [2be35ba0] <= f206b980 : (w0) r28 <= 0x2be35ba0 *
89193                      [02577988] 240a3f98 2be58be4  K       mov            sp,2be58be4 : (w0) r28 <= 0x2be58be4 *
89194                      [02577990] c1c1               K       pop_s          r1: lw [2be58be4] => 866cc9f1 : (w0) r28 <= 0x2be58be8 : (w1) r1 <= 0x866cc9f1 *
89356                      [02577992] 240a3f90 2c3d1688  K       mov            sp,2c3d1688 : (w0) r28 <= 0x2c3d1688 *
89357                      [0257799a] c0e1               K       push_s         r0: sw [2c3d1684] <= e64d6ae3 : (w0) r28 <= 0x2c3d1684 *
89518                      [0257799c] 240a3f97 2dc06eb8  K       mov            sp,2dc06eb8 : (w0) r28 <= 0x2dc06eb8 *
89519                      [025779a4] c2c1               K       pop_s          r2: lw [2dc06eb8] => c8873b07 : (w0) r28 <= 0x2dc06ebc : (w1) r2 <= 0xc8873b07 *
89681                      [025779a6] 240a3f97 0077b09c  K       mov            sp,0077b09c : (w0) r28 <= 0x0077b09c *
89682                      [025779ae] c2e1               K       push_s         r2: sw [0077b098] <= c8873b07 : (w0) r28 <= 0x0077b098 *
89843                      [025779b0] 240a3f85 0079c22c  K       mov            sp,0079c22c : (w0) r28 <= 0x0079c22c *
89844                      [025779b8] c2c1               K       pop_s          r2: lw [0079c22c] => 94818007 : (w0) r28 <= 0x0079c230 : (w1) r2 <= 0x94818007 *
90006                      [025779ba] 240a3f83 007aba6c  K       mov            sp,007aba6c : (w0) r28 <= 0x007aba6c *
90007                      [025779c2] c2e1               K       push_s         r2: sw [007aba68] <= 94818007 : (w0) r28 <= 0x007aba68 *
90168                      [025779c4] 240a3fbe 007f4054  K       mov            sp,007f4054 : (w0) r28 <= 0x007f4054 *
90169                      [025779cc] c2c1               K       pop_s          r2: lw [007f4054] => 6a68e610 : (w0) r28 <= 0x007f4058 : (w1) r2 <= 0x6a68e610 *
90331                      [025779ce] 240a3f83 008359a0  K       mov            sp,008359a0 : (w0) r28 <= 0x008359a0 *
90332                      [025779d6] c1e1               K       push_s         r1: sw [0083599c] <= 866cc9f1 : (w0) r28 <= 0x0083599c *
90493                      [025779d8] 240a3f81 0086903c  K       mov            sp,0086903c : (w0) r28 <= 0x0086903c *
90494                      [025779e0] c1c1               K       pop_s          r1: lw [0086903c] => 1c876ccb : (w0) r28 <= 0x00869040 : (w1) r1 <= 0x1c876ccb *
90656                      [025779e2] 240a3f8c 0086f074  K       mov            sp,0086f074 : (w0) r28 <= 0x0086f074 *
90657                      [025779ea] c3e1               K       push_s         r3: sw [0086f070] <= 4eb8b6dd : (w0) r28 <= 0x0086f070 *
90818                      [025779ec] 26abf241 01306049  K       sr.f           01306049,0x49: aux[0x49] => 1306049 *
90819                      [025779f4] 240a3f8f 00892898  K       mov            sp,00892898 : (w0) r28 <= 0x00892898 *
90820                      [025779fc] c3c1               K       pop_s          r3: lw [00892898] => 79eef5cb : (w0) r28 <= 0x0089289c : (w1) r3 <= 0x79eef5cb *
90982                      [025779fe] 240a3f9c 008e23bc  K       mov            sp,008e23bc : (w0) r28 <= 0x008e23bc *
90984                      [02577a06] c1e1               K       push_s         r1: sw [008e23b8] <= 1c876ccb : (w0) r28 <= 0x008e23b8 *
91145                      [02577a08] 240a3f91 0094d810  K       mov            sp,0094d810 : (w0) r28 <= 0x0094d810 *
91146                      [02577a10] c0c1               K       pop_s          r0: lw [0094d810] => e442f640 : (w0) r28 <= 0x0094d814 : (w1) r0 <= 0xe442f640 *
91308                      [02577a12] 240a3f84 009c60ac  K       mov            sp,009c60ac : (w0) r28 <= 0x009c60ac *
91309                      [02577a1a] c0e1               K       push_s         r0: sw [009c60a8] <= e442f640 : (w0) r28 <= 0x009c60a8 *
91470                      [02577a1c] 240a3f84 009e95fc  K       mov            sp,009e95fc : (w0) r28 <= 0x009e95fc *
91471                      [02577a24] c2c1               K       pop_s          r2: lw [009e95fc] => 6a7fb110 : (w0) r28 <= 0x009e9600 : (w1) r2 <= 0x6a7fb110 *
91633                      [02577a26] 240a3f92 00b34fb0  K       mov            sp,00b34fb0 : (w0) r28 <= 0x00b34fb0 *
91634                      [02577a2e] c0e1               K       push_s         r0: sw [00b34fac] <= e442f640 : (w0) r28 <= 0x00b34fac *
91795                      [02577a30] 240a3f82 00b7a48c  K       mov            sp,00b7a48c : (w0) r28 <= 0x00b7a48c *
91796                      [02577a38] c3c1               K       pop_s          r3: lw [00b7a48c] => 1ccb3893 : (w0) r28 <= 0x00b7a490 : (w1) r3 <= 0x1ccb3893 *
91958                      [02577a3a] 240a3fbe 00b9645c  K       mov            sp,00b9645c : (w0) r28 <= 0x00b9645c *
91959                      [02577a42] c1e1               K       push_s         r1: sw [00b96458] <= 1c876ccb : (w0) r28 <= 0x00b96458 *
92120                      [02577a44] 240a3f8d 00bb0dac  K       mov            sp,00bb0dac : (w0) r28 <= 0x00bb0dac *
92121                      [02577a4c] c3c1               K       pop_s          r3: lw [00bb0dac] => 52ef5e91 : (w0) r28 <= 0x00bb0db0 : (w1) r3 <= 0x52ef5e91 *
92283                      [02577a4e] 240a3f88 01000968  K       mov            sp,01000968 : (w0) r28 <= 0x01000968 *
92284                      [02577a56] c2e1               K       push_s         r2: sw [01000964] <= 6a7fb110 : (w0) r28 <= 0x01000964 *
92445                      [02577a58] 240a3f86 01002490  K       mov            sp,01002490 : (w0) r28 <= 0x01002490 *
92446                      [02577a60] c3c1               K       pop_s          r3: lw [01002490] => 77dac6ee : (w0) r28 <= 0x01002494 : (w1) r3 <= 0x77dac6ee *
92608                      [02577a62] 240a3f81 01002868  K       mov            sp,01002868 : (w0) r28 <= 0x01002868 *
92609                      [02577a6a] c0e1               K       push_s         r0: sw [01002864] <= e442f640 : (w0) r28 <= 0x01002864 *
92770                      [02577a6c] 240a3f98 01445770  K       mov            sp,01445770 : (w0) r28 <= 0x01445770 *
92771                      [02577a74] c0c1               K       pop_s          r0: lw [01445770] => 4960690f : (w0) r28 <= 0x01445774 : (w1) r0 <= 0x4960690f *
92933                      [02577a76] 240a3f85 0141c23c  K       mov            sp,0141c23c : (w0) r28 <= 0x0141c23c *
92934                      [02577a7e] c3e1               K       push_s         r3: sw [0141c238] <= 77dac6ee : (w0) r28 <= 0x0141c238 *
93095                      [02577a80] 240a3f81 00bbce78  K       mov            sp,00bbce78 : (w0) r28 <= 0x00bbce78 *
93096                      [02577a88] c2c1               K       pop_s          r2: lw [00bbce78] => 43d748f9 : (w0) r28 <= 0x00bbce7c : (w1) r2 <= 0x43d748f9 *
93258                      [02577a8a] 240a3f96 00bbd0f4  K       mov            sp,00bbd0f4 : (w0) r28 <= 0x00bbd0f4 *
93259                      [02577a92] c0e1               K       push_s         r0: sw [00bbd0f0] <= 4960690f : (w0) r28 <= 0x00bbd0f0 *
93420                      [02577a94] 240a3f8b 00bc01e4  K       mov            sp,00bc01e4 : (w0) r28 <= 0x00bc01e4 *
93421                      [02577a9c] c2c1               K       pop_s          r2: lw [00bc01e4] => 84271f72 : (w0) r28 <= 0x00bc01e8 : (w1) r2 <= 0x84271f72 *
93583                      [02577a9e] 240a3f89 00bc3374  K       mov            sp,00bc3374 : (w0) r28 <= 0x00bc3374 *
93584                      [02577aa6] c3e1               K       push_s         r3: sw [00bc3370] <= 77dac6ee : (w0) r28 <= 0x00bc3370 *
93745                      [02577aa8] 240a3f82 00bc60f8  K       mov            sp,00bc60f8 : (w0) r28 <= 0x00bc60f8 *
93746                      [02577ab0] c1c1               K       pop_s          r1: lw [00bc60f8] => ccda1e2b : (w0) r28 <= 0x00bc60fc : (w1) r1 <= 0xccda1e2b *
93908                      [02577ab2] 25e01f81 00bfba0c  K       j.eq           [00bfba0c]
93909                      [02577aba] 21e02f84 00bfba0c  K       j.mi           [00bfba0c]
93913                      [02577ac2] 27e03f85 00bfba0c  K       j.cs           [00bfba0c]
93917                      [02577aca] 23e00f87 00bfba0c  K       j.vs           [00bfba0c]
93921                      [02577ad2] 1600700f 012050dc  K       ld             r15,[012050dc]: lw [012050dc] => 319f931c : (w1) r15 <= 0x319f931c *
93926                      [02577ada] 27029fbe 319f931c  K       sub.f          0,r15,319f931c *
94088                      [02577ae2] 24e03f82 00bfba0c  K Z     j.ne           [00bfba0c]
94091                      [02577aea] 1600700f 150f15e8  K Z     ld             r15,[150f15e8]: lw [150f15e8] => ddb62d53 : (w1) r15 <= 0xddb62d53 *
94096                      [02577af2] 27029fbe ddb62d53  K Z     sub.f          0,r15,ddb62d53 *
94098                      [02577afa] 21e02f82 00bfba0c  K Z     j.ne           [00bfba0c]
94261                      [02577b02] 1600700e 003abb30  K Z     ld             r14,[003abb30]: lw [003abb30] => 526cd965 : (w1) r14 <= 0x526cd965 *
94266                      [02577b0a] 26029fbe 526cd965  K Z     sub.f          0,r14,526cd965 *
94268                      [02577b12] 27e02f82 00bfba0c  K Z     j.ne           [00bfba0c]
94271                      [02577b1a] 1600700e 003d7d40  K Z     ld             r14,[003d7d40]: lw [003d7d40] => ddb62d53 : (w1) r14 <= 0xddb62d53 *
94436                      [02577b22] 26029fbe ddb62d53  K Z     sub.f          0,r14,ddb62d53 *
94438                      [02577b2a] 27e03f82 00bfba0c  K Z     j.ne           [00bfba0c]
94441                      [02577b32] 16007019 003e2150  K Z     ld             r25,[003e2150]: lw [003e2150] => e4af86ac : (w1) r25 <= 0xe4af86ac *
94446                      [02577b3a] 2102bfbe e4af86ac  K Z     sub.f          0,r25,e4af86ac *
94608                      [02577b42] 22e02f82 00bfba0c  K Z     j.ne           [00bfba0c]
94611                      [02577b4a] 16007010 003e214c  K Z     ld             r16,[003e214c]: lw [003e214c] => 0e2456a6 : (w1) r16 <= 0x0e2456a6 *
94616                      [02577b52] 2002afbe 0e2456a6  K Z     sub.f          0,r16,0e2456a6 *
94618                      [02577b5a] 24e02f82 00bfba0c  K Z     j.ne           [00bfba0c]
94781                      [02577b62] 1600700f 0040a4c8  K Z     ld             r15,[0040a4c8]: lw [0040a4c8] => 526cd965 : (w1) r15 <= 0x526cd965 *
94786                      [02577b6a] 27029fbe 526cd965  K Z     sub.f          0,r15,526cd965 *
94788                      [02577b72] 26e07f82 00bfba0c  K Z     j.ne           [00bfba0c]
94791                      [02577b7a] 1600701a 004251ac  K Z     ld             gp,[004251ac]: lw [004251ac] => 072db697 : (w1) r26 <= 0x072db697 *
94956                      [02577b82] 2202bfbe 072db697  K Z     sub.f          0,gp,072db697 *
94958                      [02577b8a] 26e01f82 00bfba0c  K Z     j.ne           [00bfba0c]
94961                      [02577b92] 1600700b 004315b0  K Z     ld             r11,[004315b0]: lw [004315b0] => ad0cf449 : (w1) r11 <= 0xad0cf449 *
94966                      [02577b9a] 23029fbe ad0cf449  K Z     sub.f          0,r11,ad0cf449 *
95128                      [02577ba2] 22e02f82 00bfba0c  K Z     j.ne           [00bfba0c]
95131                      [02577baa] 16007012 0043502c  K Z     ld             r18,[0043502c]: lw [0043502c] => e7682b37 : (w1) r18 <= 0xe7682b37 *
95136                      [02577bb2] 2202afbe e7682b37  K Z     sub.f          0,r18,e7682b37 *
95138                      [02577bba] 24e02f82 00bfba0c  K Z     j.ne           [00bfba0c]
95301                      [02577bc2] 16007005 00455988  K Z     ld             r5,[00455988]: lw [00455988] => e7682b37 : (w1) r5 <= 0xe7682b37 *
95306                      [02577bca] 25028fbe e7682b37  K Z     sub.f          0,r5,e7682b37 *
95308                      [02577bd2] 26e00f82 00bfba0c  K Z     j.ne           [00bfba0c]
95311                      [02577bda] 1600700d 0047f380  K Z     ld             r13,[0047f380]: lw [0047f380] => 8399393c : (w1) r13 <= 0x8399393c *
95476                      [02577be2] 25029fbe 8399393c  K Z     sub.f          0,r13,8399393c *
95478                      [02577bea] 23e00f82 00bfba0c  K Z     j.ne           [00bfba0c]
95481                      [02577bf2] 16007019 004f2528  K Z     ld             r25,[004f2528]: lw [004f2528] => c6d111f6 : (w1) r25 <= 0xc6d111f6 *
95486                      [02577bfa] 2102bfbe c6d111f6  K Z     sub.f          0,r25,c6d111f6 *
95648                      [02577c02] 24e03f82 00bfba0c  K Z     j.ne           [00bfba0c]
95651                      [02577c0a] 16007017 00507138  K Z     ld             r23,[00507138]: lw [00507138] => e7682b37 : (w1) r23 <= 0xe7682b37 *
95656                      [02577c12] 2702afbe e7682b37  K Z     sub.f          0,r23,e7682b37 *
95658                      [02577c1a] 20e01f82 00bfba0c  K Z     j.ne           [00bfba0c]
95821                      [02577c22] 16007019 00507134  K Z     ld             r25,[00507134]: lw [00507134] => c6d111f6 : (w1) r25 <= 0xc6d111f6 *
95826                      [02577c2a] 2102bfbe c6d111f6  K Z     sub.f          0,r25,c6d111f6 *
95828                      [02577c32] 25e00f82 00bfba0c  K Z     j.ne           [00bfba0c]
95831                      [02577c3a] 16007016 0c4b7444  K Z     ld             r22,[0c4b7444]: lw [0c4b7444] => e7682b37 : (w1) r22 <= 0xe7682b37 *
95996                      [02577c42] 2602afbe e7682b37  K Z     sub.f          0,r22,e7682b37 *
95998                      [02577c4a] 20e02f82 00bfba0c  K Z     j.ne           [00bfba0c]
96001                      [02577c52] 16007019 0d27c148  K Z     ld             r25,[0d27c148]: lw [0d27c148] => 5219d5e3 : (w1) r25 <= 0x5219d5e3 *
96006                      [02577c5a] 2102bfbe 5219d5e3  K Z     sub.f          0,r25,5219d5e3 *
96168                      [02577c62] 23e01f82 00bfba0c  K Z     j.ne           [00bfba0c]
96171                      [02577c6a] 16007019 0dc0c388  K Z     ld             r25,[0dc0c388]: lw [0dc0c388] => d018fe3b : (w1) r25 <= 0xd018fe3b *
96176                      [02577c72] 2102bfbe d018fe3b  K Z     sub.f          0,r25,d018fe3b *
96178                      [02577c7a] 20e03f82 00bfba0c  K Z     j.ne           [00bfba0c]
96341                      [02577c82] 16007005 0e0a3e80  K Z     ld             r5,[0e0a3e80]: lw [0e0a3e80] => 60cb9b0a : (w1) r5 <= 0x60cb9b0a *
96346                      [02577c8a] 25028fbe 60cb9b0a  K Z     sub.f          0,r5,60cb9b0a *
96348                      [02577c92] 21e00f82 00bfba0c  K Z     j.ne           [00bfba0c]
96351                      [02577c9a] 16007008 05d0f258  K Z     ld             r8,[05d0f258]: lw [05d0f258] => e2ec773f : (w1) r8 <= 0xe2ec773f *
96516                      [02577ca2] 20029fbe e2ec773f  K Z     sub.f          0,r8,e2ec773f *
96518                      [02577caa] 22e00f82 00bfba0c  K Z     j.ne           [00bfba0c]
96521                      [02577cb2] 16007017 08a0e270  K Z     ld             r23,[08a0e270]: lw [08a0e270] => 5219d5e3 : (w1) r23 <= 0x5219d5e3 *
96526                      [02577cba] 2702afbe 5219d5e3  K Z     sub.f          0,r23,5219d5e3 *
96688                      [02577cc2] 26e00f82 00bfba0c  K Z     j.ne           [00bfba0c]
96691                      [02577cca] 16007007 095030c4  K Z     ld             r7,[095030c4]: lw [095030c4] => a151413b : (w1) r7 <= 0xa151413b *
96696                      [02577cd2] 27028fbe a151413b  K Z     sub.f          0,r7,a151413b *
96698                      [02577cda] 23e01f82 00bfba0c  K Z     j.ne           [00bfba0c]
96861                      [02577ce2] 16007012 09b7d46c  K Z     ld             r18,[09b7d46c]: lw [09b7d46c] => e2ec773f : (w1) r18 <= 0xe2ec773f *
96866                      [02577cea] 2202afbe e2ec773f  K Z     sub.f          0,r18,e2ec773f *
96868                      [02577cf2] 26e02f82 00bfba0c  K Z     j.ne           [00bfba0c]
96871                      [02577cfa] 16007014 4b538274  K Z     ld             r20,[4b538274]: lw [4b538274] => 6762cd8d : (w1) r20 <= 0x6762cd8d *
97036                      [02577d02] 2402afbe 6762cd8d  K Z     sub.f          0,r20,6762cd8d *
97038                      [02577d0a] 27e02f82 00bfba0c  K Z     j.ne           [00bfba0c]
97041                      [02577d12] 16007006 4f4cc1b4  K Z     ld             r6,[4f4cc1b4]: lw [4f4cc1b4] => e2ec773f : (w1) r6 <= 0xe2ec773f *
97046                      [02577d1a] 26028fbe e2ec773f  K Z     sub.f          0,r6,e2ec773f *
97208                      [02577d22] 22e00f82 00bfba0c  K Z     j.ne           [00bfba0c]
97211                      [02577d2a] 16007015 53041b28  K Z     ld             r21,[53041b28]: lw [53041b28] => 4e2be851 : (w1) r21 <= 0x4e2be851 *
97216                      [02577d32] 2502afbe 4e2be851  K Z     sub.f          0,r21,4e2be851 *
97218                      [02577d3a] 24e02f82 00bfba0c  K Z     j.ne           [00bfba0c]
97381                      [02577d42] 1600700b 549d3a90  K Z     ld             r11,[549d3a90]: lw [549d3a90] => 5219d5e3 : (w1) r11 <= 0x5219d5e3 *
97386                      [02577d4a] 23029fbe 5219d5e3  K Z     sub.f          0,r11,5219d5e3 *
97388                      [02577d52] 27e00f82 00bfba0c  K Z     j.ne           [00bfba0c]
97391                      [02577d5a] 16007012 1c5d118c  K Z     ld             r18,[1c5d118c]: lw [1c5d118c] => 582d82f8 : (w1) r18 <= 0x582d82f8 *
97556                      [02577d62] 2202afbe 582d82f8  K Z     sub.f          0,r18,582d82f8 *
97558                      [02577d6a] 22e01f82 00bfba0c  K Z     j.ne           [00bfba0c]
97561                      [02577d72] 1600700e 1faba610  K Z     ld             r14,[1faba610]: lw [1faba610] => b280a7f1 : (w1) r14 <= 0xb280a7f1 *
97566                      [02577d7a] 26029fbe b280a7f1  K Z     sub.f          0,r14,b280a7f1 *
97728                      [02577d82] 21e00f82 00bfba0c  K Z     j.ne           [00bfba0c]
97731                      [02577d8a] 16007013 1a93d9a8  K Z     ld             r19,[1a93d9a8]: lw [1a93d9a8] => b280a7f1 : (w1) r19 <= 0xb280a7f1 *
97736                      [02577d92] 2302afbe b280a7f1  K Z     sub.f          0,r19,b280a7f1 *
97738                      [02577d9a] 21e02f82 00bfba0c  K Z     j.ne           [00bfba0c]
97901                      [02577da2] 16007017 1b11de20  K Z     ld             r23,[1b11de20]: lw [1b11de20] => d28cd268 : (w1) r23 <= 0xd28cd268 *
97906                      [02577daa] 2702afbe d28cd268  K Z     sub.f          0,r23,d28cd268 *
97908                      [02577db2] 21e03f82 00bfba0c  K Z     j.ne           [00bfba0c]
97911                      [02577dba] 16007015 1bdba5c4  K Z     ld             r21,[1bdba5c4]: lw [1bdba5c4] => 582d82f8 : (w1) r21 <= 0x582d82f8 *
98076                      [02577dc2] 2502afbe 582d82f8  K Z     sub.f          0,r21,582d82f8 *
98078                      [02577dca] 20e00f82 00bfba0c  K Z     j.ne           [00bfba0c]
98081                      [02577dd2] 1600700a 1b8b9c2c  K Z     ld             r10,[1b8b9c2c]: lw [1b8b9c2c] => 582d82f8 : (w1) r10 <= 0x582d82f8 *
98086                      [02577dda] 22029fbe 582d82f8  K Z     sub.f          0,r10,582d82f8 *
98248                      [02577de2] 21e02f82 00bfba0c  K Z     j.ne           [00bfba0c]
98251                      [02577dea] 16007004 1b8b9c28  K Z     ld             r4,[1b8b9c28]: lw [1b8b9c28] => ebf569d7 : (w1) r4 <= 0xebf569d7 *
98256                      [02577df2] 24028fbe ebf569d7  K Z     sub.f          0,r4,ebf569d7 *
98258                      [02577dfa] 26e02f82 00bfba0c  K Z     j.ne           [00bfba0c]
98421                      [02577e02] 16007014 22712ff0  K Z     ld             r20,[22712ff0]: lw [22712ff0] => ebf569d7 : (w1) r20 <= 0xebf569d7 *
98426                      [02577e0a] 2402afbe ebf569d7  K Z     sub.f          0,r20,ebf569d7 *
98428                      [02577e12] 22e03f82 00bfba0c  K Z     j.ne           [00bfba0c]
98431                      [02577e1a] 16007011 26a4d540  K Z     ld             r17,[26a4d540]: lw [26a4d540] => f59182b8 : (w1) r17 <= 0xf59182b8 *
98596                      [02577e22] 2102afbe f59182b8  K Z     sub.f          0,r17,f59182b8 *
98598                      [02577e2a] 21e02f82 00bfba0c  K Z     j.ne           [00bfba0c]
98601                      [02577e32] 16007015 2be35ba0  K Z     ld             r21,[2be35ba0]: lw [2be35ba0] => f206b980 : (w1) r21 <= 0xf206b980 *
98606                      [02577e3a] 2502afbe f206b980  K Z     sub.f          0,r21,f206b980 *
98768                      [02577e42] 20e02f82 00bfba0c  K Z     j.ne           [00bfba0c]
98771                      [02577e4a] 16007007 2c3d1684  K Z     ld             r7,[2c3d1684]: lw [2c3d1684] => e64d6ae3 : (w1) r7 <= 0xe64d6ae3 *
98776                      [02577e52] 27028fbe e64d6ae3  K Z     sub.f          0,r7,e64d6ae3 *
98778                      [02577e5a] 21e03f82 00bfba0c  K Z     j.ne           [00bfba0c]
98941                      [02577e62] 16007014 0077b098  K Z     ld             r20,[0077b098]: lw [0077b098] => c8873b07 : (w1) r20 <= 0xc8873b07 *
98946                      [02577e6a] 2402afbe c8873b07  K Z     sub.f          0,r20,c8873b07 *
98948                      [02577e72] 25e02f82 00bfba0c  K Z     j.ne           [00bfba0c]
98951                      [02577e7a] 16007008 007aba68  K Z     ld             r8,[007aba68]: lw [007aba68] => 94818007 : (w1) r8 <= 0x94818007 *
99116                      [02577e82] 20029fbe 94818007  K Z     sub.f          0,r8,94818007 *
99118                      [02577e8a] 26e07f82 00bfba0c  K Z     j.ne           [00bfba0c]
99121                      [02577e92] 16007006 0083599c  K Z     ld             r6,[0083599c]: lw [0083599c] => 866cc9f1 : (w1) r6 <= 0x866cc9f1 *
99126                      [02577e9a] 26028fbe 866cc9f1  K Z     sub.f          0,r6,866cc9f1 *
99288                      [02577ea2] 26e07f82 00bfba0c  K Z     j.ne           [00bfba0c]
99291                      [02577eaa] 16007010 0086f070  K Z     ld             r16,[0086f070]: lw [0086f070] => 4eb8b6dd : (w1) r16 <= 0x4eb8b6dd *
99296                      [02577eb2] 2002afbe 4eb8b6dd  K Z     sub.f          0,r16,4eb8b6dd *
99298                      [02577eba] 25e01f82 00bfba0c  K Z     j.ne           [00bfba0c]
99461                      [02577ec2] 16007006 008e23b8  K Z     ld             r6,[008e23b8]: lw [008e23b8] => 1c876ccb : (w1) r6 <= 0x1c876ccb *
99466                      [02577eca] 26028fbe 1c876ccb  K Z     sub.f          0,r6,1c876ccb *
99468                      [02577ed2] 26e02f82 00bfba0c  K Z     j.ne           [00bfba0c]
99471                      [02577eda] 1600700d 009c60a8  K Z     ld             r13,[009c60a8]: lw [009c60a8] => e442f640 : (w1) r13 <= 0xe442f640 *
99636                      [02577ee2] 25029fbe e442f640  K Z     sub.f          0,r13,e442f640 *
99638                      [02577eea] 23e00f82 00bfba0c  K Z     j.ne           [00bfba0c]
99641                      [02577ef2] 1600700a 00b34fac  K Z     ld             r10,[00b34fac]: lw [00b34fac] => e442f640 : (w1) r10 <= 0xe442f640 *
99646                      [02577efa] 22029fbe e442f640  K Z     sub.f          0,r10,e442f640 *
99808                      [02577f02] 20e03f82 00bfba0c  K Z     j.ne           [00bfba0c]
99811                      [02577f0a] 16007011 00b96458  K Z     ld             r17,[00b96458]: lw [00b96458] => 1c876ccb : (w1) r17 <= 0x1c876ccb *
99816                      [02577f12] 2102afbe 1c876ccb  K Z     sub.f          0,r17,1c876ccb *
99818                      [02577f1a] 25e00f82 00bfba0c  K Z     j.ne           [00bfba0c]
99981                      [02577f22] 1600700b 01000964  K Z     ld             r11,[01000964]: lw [01000964] => 6a7fb110 : (w1) r11 <= 0x6a7fb110 *
99986                      [02577f2a] 23029fbe 6a7fb110  K Z     sub.f          0,r11,6a7fb110 *
99988                      [02577f32] 25e02f82 00bfba0c  K Z     j.ne           [00bfba0c]
99991                      [02577f3a] 16007008 01002864  K Z     ld             r8,[01002864]: lw [01002864] => e442f640 : (w1) r8 <= 0xe442f640 *
100156                     [02577f42] 20029fbe e442f640  K Z     sub.f          0,r8,e442f640 *
100158                     [02577f4a] 22e00f82 00bfba0c  K Z     j.ne           [00bfba0c]
100161                     [02577f52] 16007009 0141c238  K Z     ld             r9,[0141c238]: lw [0141c238] => 77dac6ee : (w1) r9 <= 0x77dac6ee *
100166                     [02577f5a] 21029fbe 77dac6ee  K Z     sub.f          0,r9,77dac6ee *
100328                     [02577f62] 26e00f82 00bfba0c  K Z     j.ne           [00bfba0c]
100331                     [02577f6a] 16007013 00bbd0f0  K Z     ld             r19,[00bbd0f0]: lw [00bbd0f0] => 4960690f : (w1) r19 <= 0x4960690f *
100336                     [02577f72] 2302afbe 4960690f  K Z     sub.f          0,r19,4960690f *
100338                     [02577f7a] 24e00f82 00bfba0c  K Z     j.ne           [00bfba0c]
100501                     [02577f82] 1600700f 00bc3370  K Z     ld             r15,[00bc3370]: lw [00bc3370] => 77dac6ee : (w1) r15 <= 0x77dac6ee *
100506                     [02577f8a] 27029fbe 77dac6ee  K Z     sub.f          0,r15,77dac6ee *
100508                     [02577f92] 23e03f82 00bfba0c  K Z     j.ne           [00bfba0c]
100511                     [02577f9a] 2402bfbe 00bc60fc  K Z     sub.f          0,sp,00bc60fc *
100675                     [02577fa2] 23e02f82 00bfba0c  K Z     j.ne           [00bfba0c]
100678                     [02577faa] 21028fbe ccda1e2b  K Z     sub.f          0,r1,ccda1e2b *
100682                     [02577fb2] 20e03f82 00bfba0c  K Z     j.ne           [00bfba0c]
100685                     [02577fba] 20028fbe 4960690f  K Z     sub.f          0,r0,4960690f *
100849                     [02577fc2] 22e00f82 00bfba0c  K Z     j.ne           [00bfba0c]
100852                     [02577fca] 22028fbe 84271f72  K Z     sub.f          0,r2,84271f72 *
100856                     [02577fd2] 23e01f82 00bfba0c  K Z     j.ne           [00bfba0c]
100859                     [02577fda] 23028fbe 77dac6ee  K Z     sub.f          0,r3,77dac6ee *
101023                     [02577fe2] 27e01f82 00bfba0c  K Z     j.ne           [00bfba0c]
101026                     [02577fea] 250a3f9b 00000000  K Z     mov            ilink1,00000000 : (w0) r29 <= 0x00000000 *
101030                     [02577ff2] 260a3f9b 00000000  K Z     mov            ilink2,00000000 : (w0) r30 <= 0x00000000 *
101033                     [02577ffa] 1e007760 151dac20  K Z     st.di          ilink1,[151dac20]: sw [151dac20] <= 00000000 *
101259                     [02578002] 222aaf95 0000000a  K Z     lr             r18,[0000000a]: aux[0x0a] => 800 : (w0) r18 <= 0x00000800 *
101260                     [0257800a] 22042f8d 00000ff9  K Z     and            r13,r18,00000ff9 : (w0) r13 <= 0x00000800 *
101261                     [02578012] 22290341           K Z     flag           [r13] *
101262                     [02578016] 1600780d 00bbce00  K Z     ld.di          r13,[00bbce00]: lw [00bbce00] => 00000000 : (w1) r13 <= 0x00000000 *
101361                     [0257801e] 212a1f8a 0000040a  K Z     lr             r9,[0000040a]: aux[0x40a] => 00 : (w0) r9 <= 0x00000000 *
101428                     [02578026] 2502927e           K Z     sub.f          0,r13,r9 *
101430                     [0257802a] 25e02f82 00bfba0c  K Z     j.ne           [00bfba0c]
101433                     [02578032] 1600780d 0294bd50  K Z     ld.di          r13,[0294bd50]: lw [0294bd50] => 00000000 : (w1) r13 <= 0x00000000 *
101533                     [0257803a] 212a9f8e 0000040b  K Z     lr             r9,[0000040b]: aux[0x40b] => 00 : (w0) r9 <= 0x00000000 *
101600                     [02578042] 2502927e           K Z     sub.f          0,r13,r9 *
101602                     [02578046] 26e01f82 00bfba0c  K Z     j.ne           [00bfba0c]
101605                     [0257804e] 23291496           K Z     flag           [r18] *
101608                     [02578052] 250a9f85 00000000  K Z     mov            r13,00000000 : (w0) r13 <= 0x00000000 *
101611                     [0257805a] 210a9f86 00000000  K Z     mov            r9,00000000 : (w0) r9 <= 0x00000000 *
101774                     [02578062] 220aaf9f 00000000  K Z     mov            r18,00000000 : (w0) r18 <= 0x00000000 *
101777                     [0257806a] 2702ffbe 02578068  K Z     sub.f          0,pcl,02578068 *
101780                     [02578072] 23e02f82 00bfba0c  K Z     j.ne           [00bfba0c]
101783                     [0257807a] 1600780e 00087138  K Z     ld.di          r14,[00087138]: lw [00087138] => 00000000 : (w1) r14 <= 0x00000000 *
102043                     [02578082] 26029fbe 00000000  K Z     sub.f          0,r14,00000000 *
102045                     [0257808a] 23e01f82 00bfba0c  K Z     j.ne           [00bfba0c]
102046                     [02578092] 16007801 00087248  K Z     ld.di          r1,[00087248]: lw [00087248] => 00000000 : (w1) r1 <= 0x00000000 *
102146                     [0257809a] 21028fbe 00000000  K Z     sub.f          0,r1,00000000 *
102213                     [025780a2] 24e03f82 00bfba0c  K Z     j.ne           [00bfba0c]
102216                     [025780aa] 16007812 00087250  K Z     ld.di          r18,[00087250]: lw [00087250] => 00000000 : (w1) r18 <= 0x00000000 *
102316                     [025780b2] 2202afbe 00000000  K Z     sub.f          0,r18,00000000 *
102318                     [025780ba] 27e01f82 00bfba0c  K Z     j.ne           [00bfba0c]
102386                     [025780c2] 16007804 00087240  K Z     ld.di          r4,[00087240]: lw [00087240] => 00000000 : (w1) r4 <= 0x00000000 *
102486                     [025780ca] 24028fbe 00000000  K Z     sub.f          0,r4,00000000 *
102488                     [025780d2] 22e03f82 00bfba0c  K Z     j.ne           [00bfba0c]
102489                     [025780da] 1600780d 00087228  K Z     ld.di          r13,[00087228]: lw [00087228] => 00000000 : (w1) r13 <= 0x00000000 *
102749                     [025780e2] 25029fbe 00000000  K Z     sub.f          0,r13,00000000 *
102751                     [025780ea] 22e02f82 00bfba0c  K Z     j.ne           [00bfba0c]
102752                     [025780f2] 20e01f80 001ab820  K Z     j              [001ab820] *
102756                     [001ab820] 210a3f91 31000081  K Z     mov            r25,31000081 : (w0) r25 <= 0x31000081 *
102919                     [001ab828] 1e007660 00717db0  K Z     st.di          r25,[00717db0]: sw [00717db0] <= 31000081 *
102984                     [001ab830] 232f043f           K Z     sync *
102985                     [001ab834] 78e078e0           K Z     nop_s *
102986                     [001ab836] 78e078e0           K Z     nop_s *
102987                     [001ab838] 78e078e0           K Z     nop_s *
102988                     [001ab83a] 78e078e0           K Z     nop_s *
102989                     [001ab83c] 78e078e0           K Z     nop_s *
102990                     [001ab83e] 78e078e0           K Z     nop_s *
102991                     [001ab840] 78e078e0           K Z     nop_s *
103152                     [001ab842] 78e025e9           K Z     nop_s *
103153                     [001ab844] 25e92060           K Z     flag           0x1 *
